c:\users\rstei\desktop\ps3 stuff\downcraft sprx premium new source\ps3_debug\cellprx_mc_stub.a
c:\users\rstei\desktop\ps3 stuff\downcraft sprx premium new source\ps3_debug\mc.sprx
c:\users\rstei\appdata\local\temp\ps3ppuld269682\lib.ent.o
c:\users\rstei\appdata\local\temp\ps3ppuld222482\lib.ent.o
c:\users\rstei\appdata\local\temp\ps3ppuld247602\lib.ent.o
c:\users\rstei\appdata\local\temp\ps3ppuld229042\lib.ent.o
c:\users\rstei\appdata\local\temp\ps3ppuld309322\lib.ent.o
c:\users\rstei\appdata\local\temp\ps3ppuld147922\lib.ent.o
c:\users\rstei\appdata\local\temp\ps3ppuld288962\lib.ent.o
c:\users\rstei\appdata\local\temp\ps3ppuld161842\lib.ent.o
c:\users\rstei\appdata\local\temp\ps3ppuld341322\lib.ent.o
c:\users\rstei\appdata\local\temp\ps3ppuld242322\lib.ent.o
c:\users\rstei\appdata\local\temp\ps3ppuld327282\lib.ent.o
c:\users\rstei\appdata\local\temp\ps3ppuld335722\lib.ent.o
c:\users\rstei\appdata\local\temp\ps3ppuld142722\lib.ent.o
c:\users\rstei\appdata\local\temp\ps3ppuld306962\lib.ent.o
c:\users\rstei\appdata\local\temp\ps3ppuld347002\lib.ent.o
c:\users\rstei\appdata\local\temp\ps3ppuld323602\lib.ent.o
c:\users\rstei\appdata\local\temp\ps3ppuld326362\lib.ent.o
c:\users\rstei\appdata\local\temp\ps3ppuld250282\lib.ent.o
c:\users\rstei\appdata\local\temp\ps3ppuld113282\lib.ent.o
c:\users\rstei\appdata\local\temp\ps3ppuld348122\lib.ent.o
c:\users\rstei\appdata\local\temp\ps3ppuld311042\lib.ent.o
c:\users\rstei\appdata\local\temp\ps3ppuld316722\lib.ent.o
c:\users\rstei\appdata\local\temp\ps3ppuld330722\lib.ent.o
c:\users\rstei\appdata\local\temp\ps3ppuld291762\lib.ent.o
c:\users\rstei\appdata\local\temp\ps3ppuld291882\lib.ent.o
c:\users\rstei\appdata\local\temp\ps3ppuld342122\lib.ent.o
c:\users\rstei\appdata\local\temp\ps3ppuld343682\lib.ent.o
c:\users\rstei\appdata\local\temp\ps3ppuld130722\lib.ent.o
c:\users\rstei\appdata\local\temp\ps3ppuld93762\lib.ent.o
c:\users\rstei\appdata\local\temp\ps3ppuld341362\lib.ent.o
c:\users\rstei\appdata\local\temp\ps3ppuld341122\lib.ent.o
c:\users\rstei\appdata\local\temp\ps3ppuld340122\lib.ent.o
c:\users\rstei\appdata\local\temp\ps3ppuld26562\lib.ent.o
c:\users\rstei\appdata\local\temp\ps3ppuld223002\lib.ent.o
c:\users\rstei\appdata\local\temp\ps3ppuld267762\lib.ent.o
c:\users\rstei\appdata\local\temp\ps3ppuld329162\lib.ent.o
c:\users\rstei\appdata\local\temp\ps3ppuld101402\lib.ent.o
c:\users\rstei\appdata\local\temp\ps3ppuld85322\lib.ent.o
c:\users\rstei\appdata\local\temp\ps3ppuld120882\lib.ent.o
c:\users\rstei\appdata\local\temp\ps3ppuld66002\lib.ent.o
c:\users\rstei\appdata\local\temp\ps3ppuld116682\lib.ent.o
c:\users\rstei\appdata\local\temp\ps3ppuld33602\lib.ent.o
c:\users\rstei\appdata\local\temp\ps3ppuld92642\lib.ent.o
c:\users\rstei\appdata\local\temp\ps3ppuld154322\lib.ent.o
c:\users\rstei\appdata\local\temp\ps3ppuld179882\lib.ent.o
c:\users\rstei\appdata\local\temp\ps3ppuld173922\lib.ent.o
c:\users\rstei\appdata\local\temp\ps3ppuld119562\lib.ent.o
c:\users\rstei\appdata\local\temp\ps3ppuld42002\lib.ent.o
c:\users\rstei\appdata\local\temp\ps3ppuld165922\lib.ent.o
c:\users\rstei\appdata\local\temp\ps3ppuld89962\lib.ent.o
c:\users\rstei\appdata\local\temp\ps3ppuld134322\lib.ent.o
c:\users\rstei\appdata\local\temp\ps3ppuld14402\lib.ent.o
c:\users\rstei\appdata\local\temp\ps3ppuld177682\lib.ent.o
c:\users\rstei\appdata\local\temp\ps3ppuld48842\lib.ent.o
c:\users\rstei\appdata\local\temp\ps3ppuld269682\mc
c:\users\rstei\appdata\local\temp\ps3ppuld222482\mc
c:\users\rstei\appdata\local\temp\ps3ppuld247602\mc
c:\users\rstei\appdata\local\temp\ps3ppuld229042\mc
c:\users\rstei\appdata\local\temp\ps3ppuld309322\mc
c:\users\rstei\appdata\local\temp\ps3ppuld147922\mc
c:\users\rstei\appdata\local\temp\ps3ppuld288962\mc
c:\users\rstei\appdata\local\temp\ps3ppuld161842\mc
c:\users\rstei\appdata\local\temp\ps3ppuld341322\mc
c:\users\rstei\appdata\local\temp\ps3ppuld242322\mc
c:\users\rstei\appdata\local\temp\ps3ppuld327282\mc
c:\users\rstei\appdata\local\temp\ps3ppuld335722\mc
c:\users\rstei\appdata\local\temp\ps3ppuld142722\mc
c:\users\rstei\appdata\local\temp\ps3ppuld306962\mc
c:\users\rstei\appdata\local\temp\ps3ppuld347002\mc
c:\users\rstei\appdata\local\temp\ps3ppuld323602\mc
c:\users\rstei\appdata\local\temp\ps3ppuld326362\mc
c:\users\rstei\appdata\local\temp\ps3ppuld250282\mc
c:\users\rstei\appdata\local\temp\ps3ppuld113282\mc
c:\users\rstei\appdata\local\temp\ps3ppuld348122\mc
c:\users\rstei\appdata\local\temp\ps3ppuld311042\mc
c:\users\rstei\appdata\local\temp\ps3ppuld316722\mc
c:\users\rstei\appdata\local\temp\ps3ppuld330722\mc
c:\users\rstei\appdata\local\temp\ps3ppuld291762\mc
c:\users\rstei\appdata\local\temp\ps3ppuld291882\mc
c:\users\rstei\appdata\local\temp\ps3ppuld342122\mc
c:\users\rstei\appdata\local\temp\ps3ppuld343682\mc
c:\users\rstei\appdata\local\temp\ps3ppuld130722\mc
c:\users\rstei\appdata\local\temp\ps3ppuld93762\mc
c:\users\rstei\appdata\local\temp\ps3ppuld341362\mc
c:\users\rstei\appdata\local\temp\ps3ppuld341122\mc
c:\users\rstei\appdata\local\temp\ps3ppuld340122\mc
c:\users\rstei\appdata\local\temp\ps3ppuld26562\mc
c:\users\rstei\appdata\local\temp\ps3ppuld223002\mc
c:\users\rstei\appdata\local\temp\ps3ppuld267762\mc
c:\users\rstei\appdata\local\temp\ps3ppuld329162\mc
c:\users\rstei\appdata\local\temp\ps3ppuld101402\mc
c:\users\rstei\appdata\local\temp\ps3ppuld85322\mc
c:\users\rstei\appdata\local\temp\ps3ppuld120882\mc
c:\users\rstei\appdata\local\temp\ps3ppuld66002\mc
c:\users\rstei\appdata\local\temp\ps3ppuld116682\mc
c:\users\rstei\appdata\local\temp\ps3ppuld33602\mc
c:\users\rstei\appdata\local\temp\ps3ppuld92642\mc
c:\users\rstei\appdata\local\temp\ps3ppuld154322\mc
c:\users\rstei\appdata\local\temp\ps3ppuld179882\mc
c:\users\rstei\appdata\local\temp\ps3ppuld173922\mc
c:\users\rstei\appdata\local\temp\ps3ppuld119562\mc
c:\users\rstei\appdata\local\temp\ps3ppuld42002\mc
c:\users\rstei\appdata\local\temp\ps3ppuld165922\mc
c:\users\rstei\appdata\local\temp\ps3ppuld89962\mc
c:\users\rstei\appdata\local\temp\ps3ppuld134322\mc
c:\users\rstei\appdata\local\temp\ps3ppuld14402\mc
c:\users\rstei\appdata\local\temp\ps3ppuld177682\mc
c:\users\rstei\appdata\local\temp\ps3ppuld48842\mc
c:\users\rstei\desktop\ps3 stuff\downcraft sprx premium new source\mc\cellprx_mc_stub.a
c:\users\rstei\appdata\local\temp\ps3ppuld48842\lib.ent.s
c:\users\rstei\desktop\ps3 stuff\downcraft sprx premium new source\mc\ps3_debug\prx.o
c:\users\rstei\desktop\ps3 stuff\downcraft sprx premium new source\mc\ps3_debug\mc.write.1.tlog
c:\users\rstei\desktop\ps3 stuff\downcraft sprx premium new source\mc\ps3_debug\mc.tlog\ps3ppuld64-make_fself.read.1.tlog
c:\users\rstei\desktop\ps3 stuff\downcraft sprx premium new source\mc\ps3_debug\mc.tlog\ps3ppuld64-make_fself.write.1.tlog
c:\users\rstei\desktop\ps3 stuff\downcraft sprx premium new source\mc\ps3_debug\mc.tlog\ps3ppuld64-ppu-lv2-as.read.1.tlog
c:\users\rstei\desktop\ps3 stuff\downcraft sprx premium new source\mc\ps3_debug\mc.tlog\ps3ppuld64-ppu-lv2-as.write.1.tlog
c:\users\rstei\desktop\ps3 stuff\downcraft sprx premium new source\mc\ps3_debug\mc.tlog\ps3ppuld64-ppu-lv2-prx-fixup.read.1.tlog
c:\users\rstei\desktop\ps3 stuff\downcraft sprx premium new source\mc\ps3_debug\mc.tlog\ps3ppuld64-ppu-lv2-prx-fixup.write.1.tlog
c:\users\rstei\desktop\ps3 stuff\downcraft sprx premium new source\mc\ps3_debug\mc.tlog\ps3ppuld64-ppu-lv2-prx-libgen.read.1.tlog
c:\users\rstei\desktop\ps3 stuff\downcraft sprx premium new source\mc\ps3_debug\mc.tlog\ps3ppuld64-ppu-lv2-prx-libgen.write.1.tlog
c:\users\rstei\desktop\ps3 stuff\downcraft sprx premium new source\mc\ps3_debug\mc.tlog\ps3ppuld64.command.1.tlog
c:\users\rstei\desktop\ps3 stuff\downcraft sprx premium new source\mc\ps3_debug\mc.tlog\ps3ppuld64.read.1.tlog
c:\users\rstei\desktop\ps3 stuff\downcraft sprx premium new source\mc\ps3_debug\mc.tlog\ps3ppuld64.write.1.tlog
c:\users\rstei\desktop\ps3 stuff\downcraft sprx premium new source\mc\ps3_debug\mc.tlog\ps3ppusnc.command.1.tlog
c:\users\rstei\desktop\ps3 stuff\downcraft sprx premium new source\mc\ps3_debug\mc.tlog\ps3ppusnc.read.1.tlog
c:\users\rstei\desktop\ps3 stuff\downcraft sprx premium new source\mc\ps3_debug\mc.tlog\ps3ppusnc.write.1.tlog
