c:\users\rstei\documents\github\4j-devkit\source sprx\minecraft base sprx\bin\debug-ps3\cellprx_minecraft_stub.a
c:\users\rstei\desktop\minecraft better edition sprx\bin\debug-ps3\cellprx_minecraft_stub.a
c:\users\rstei\documents\github\4j-devkit\source sprx\minecraft base sprx\bin\debug-ps3\minecraft.sprx
c:\users\rstei\desktop\minecraft better edition sprx\bin\debug-ps3\minecraft.sprx
c:\users\rstei\appdata\local\temp\ps3ppuld171002\lib.ent.o
c:\users\rstei\appdata\local\temp\ps3ppuld111642\lib.ent.o
c:\users\rstei\appdata\local\temp\ps3ppuld97802\lib.ent.o
c:\users\rstei\appdata\local\temp\ps3ppuld205882\lib.ent.o
c:\users\rstei\appdata\local\temp\ps3ppuld18482\lib.ent.o
c:\users\rstei\appdata\local\temp\ps3ppuld87122\lib.ent.o
c:\users\rstei\appdata\local\temp\ps3ppuld117842\lib.ent.o
c:\users\rstei\appdata\local\temp\ps3ppuld170762\lib.ent.o
c:\users\rstei\appdata\local\temp\ps3ppuld132522\lib.ent.o
c:\users\rstei\appdata\local\temp\ps3ppuld198042\lib.ent.o
c:\users\rstei\appdata\local\temp\ps3ppuld88682\lib.ent.o
c:\users\rstei\appdata\local\temp\ps3ppuld48442\lib.ent.o
c:\users\rstei\appdata\local\temp\ps3ppuld190122\lib.ent.o
c:\users\rstei\appdata\local\temp\ps3ppuld25442\lib.ent.o
c:\users\rstei\appdata\local\temp\ps3ppuld119122\lib.ent.o
c:\users\rstei\appdata\local\temp\ps3ppuld150442\lib.ent.o
c:\users\rstei\appdata\local\temp\ps3ppuld141962\lib.ent.o
c:\users\rstei\appdata\local\temp\ps3ppuld63522\lib.ent.o
c:\users\rstei\appdata\local\temp\ps3ppuld96762\lib.ent.o
c:\users\rstei\appdata\local\temp\ps3ppuld127562\lib.ent.o
c:\users\rstei\appdata\local\temp\ps3ppuld72802\lib.ent.o
c:\users\rstei\appdata\local\temp\ps3ppuld83482\lib.ent.o
c:\users\rstei\appdata\local\temp\ps3ppuld107362\lib.ent.o
c:\users\rstei\appdata\local\temp\ps3ppuld79762\lib.ent.o
c:\users\rstei\appdata\local\temp\ps3ppuld233602\lib.ent.o
c:\users\rstei\appdata\local\temp\ps3ppuld227682\lib.ent.o
c:\users\rstei\appdata\local\temp\ps3ppuld48682\lib.ent.o
c:\users\rstei\appdata\local\temp\ps3ppuld264162\lib.ent.o
c:\users\rstei\appdata\local\temp\ps3ppuld91642\lib.ent.o
c:\users\rstei\appdata\local\temp\ps3ppuld237362\lib.ent.o
c:\users\rstei\appdata\local\temp\ps3ppuld32762\lib.ent.o
c:\users\rstei\appdata\local\temp\ps3ppuld232242\lib.ent.o
c:\users\rstei\appdata\local\temp\ps3ppuld227002\lib.ent.o
c:\users\rstei\appdata\local\temp\ps3ppuld110042\lib.ent.o
c:\users\rstei\appdata\local\temp\ps3ppuld252522\lib.ent.o
c:\users\rstei\appdata\local\temp\ps3ppuld247802\lib.ent.o
c:\users\rstei\appdata\local\temp\ps3ppuld69322\lib.ent.o
c:\users\rstei\appdata\local\temp\ps3ppuld147642\lib.ent.o
c:\users\rstei\appdata\local\temp\ps3ppuld120882\lib.ent.o
c:\users\rstei\appdata\local\temp\ps3ppuld121602\lib.ent.o
c:\users\rstei\appdata\local\temp\ps3ppuld240442\lib.ent.o
c:\users\rstei\appdata\local\temp\ps3ppuld206402\lib.ent.o
c:\users\rstei\appdata\local\temp\ps3ppuld177082\lib.ent.o
c:\users\rstei\appdata\local\temp\ps3ppuld203722\lib.ent.o
c:\users\rstei\appdata\local\temp\ps3ppuld142322\lib.ent.o
c:\users\rstei\appdata\local\temp\ps3ppuld123162\lib.ent.o
c:\users\rstei\appdata\local\temp\ps3ppuld207922\lib.ent.o
c:\users\rstei\appdata\local\temp\ps3ppuld239882\lib.ent.o
c:\users\rstei\appdata\local\temp\ps3ppuld18322\lib.ent.o
c:\users\rstei\appdata\local\temp\ps3ppuld106042\lib.ent.o
c:\users\rstei\appdata\local\temp\ps3ppuld123722\lib.ent.o
c:\users\rstei\appdata\local\temp\ps3ppuld131802\lib.ent.o
c:\users\rstei\appdata\local\temp\ps3ppuld19882\lib.ent.o
c:\users\rstei\appdata\local\temp\ps3ppuld173082\lib.ent.o
c:\users\rstei\appdata\local\temp\ps3ppuld108282\lib.ent.o
c:\users\rstei\appdata\local\temp\ps3ppuld224802\lib.ent.o
c:\users\rstei\appdata\local\temp\ps3ppuld151042\lib.ent.o
c:\users\rstei\appdata\local\temp\ps3ppuld205482\lib.ent.o
c:\users\rstei\appdata\local\temp\ps3ppuld134922\lib.ent.o
c:\users\rstei\appdata\local\temp\ps3ppuld145442\lib.ent.o
c:\users\rstei\appdata\local\temp\ps3ppuld65962\lib.ent.o
c:\users\rstei\appdata\local\temp\ps3ppuld178002\lib.ent.o
c:\users\rstei\appdata\local\temp\ps3ppuld160922\lib.ent.o
c:\users\rstei\appdata\local\temp\ps3ppuld43482\lib.ent.o
c:\users\rstei\appdata\local\temp\ps3ppuld150482\lib.ent.o
c:\users\rstei\appdata\local\temp\ps3ppuld209882\lib.ent.o
c:\users\rstei\appdata\local\temp\ps3ppuld92202\lib.ent.o
c:\users\rstei\appdata\local\temp\ps3ppuld41122\lib.ent.o
c:\users\rstei\appdata\local\temp\ps3ppuld246322\lib.ent.o
c:\users\rstei\appdata\local\temp\ps3ppuld228362\lib.ent.o
c:\users\rstei\appdata\local\temp\ps3ppuld188562\lib.ent.o
c:\users\rstei\appdata\local\temp\ps3ppuld163802\lib.ent.o
c:\users\rstei\appdata\local\temp\ps3ppuld94362\lib.ent.o
c:\users\rstei\appdata\local\temp\ps3ppuld251002\lib.ent.o
c:\users\rstei\appdata\local\temp\ps3ppuld82842\lib.ent.o
c:\users\rstei\appdata\local\temp\ps3ppuld57322\lib.ent.o
c:\users\rstei\appdata\local\temp\ps3ppuld109442\lib.ent.o
c:\users\rstei\appdata\local\temp\ps3ppuld269122\lib.ent.o
c:\users\rstei\appdata\local\temp\ps3ppuld265562\lib.ent.o
c:\users\rstei\appdata\local\temp\ps3ppuld248162\lib.ent.o
c:\users\rstei\appdata\local\temp\ps3ppuld2962\lib.ent.o
c:\users\rstei\appdata\local\temp\ps3ppuld111442\lib.ent.o
c:\users\rstei\appdata\local\temp\ps3ppuld207082\lib.ent.o
c:\users\rstei\appdata\local\temp\ps3ppuld234362\lib.ent.o
c:\users\rstei\appdata\local\temp\ps3ppuld255122\lib.ent.o
c:\users\rstei\appdata\local\temp\ps3ppuld154122\lib.ent.o
c:\users\rstei\appdata\local\temp\ps3ppuld26322\lib.ent.o
c:\users\rstei\appdata\local\temp\ps3ppuld129802\lib.ent.o
c:\users\rstei\appdata\local\temp\ps3ppuld177962\lib.ent.o
c:\users\rstei\appdata\local\temp\ps3ppuld232002\lib.ent.o
c:\users\rstei\appdata\local\temp\ps3ppuld183322\lib.ent.o
c:\users\rstei\appdata\local\temp\ps3ppuld179682\lib.ent.o
c:\users\rstei\appdata\local\temp\ps3ppuld245522\lib.ent.o
c:\users\rstei\appdata\local\temp\ps3ppuld10762\lib.ent.o
c:\users\rstei\appdata\local\temp\ps3ppuld109522\lib.ent.o
c:\users\rstei\appdata\local\temp\ps3ppuld188362\lib.ent.o
c:\users\rstei\appdata\local\temp\ps3ppuld139562\lib.ent.o
c:\users\rstei\appdata\local\temp\ps3ppuld192522\lib.ent.o
c:\users\rstei\appdata\local\temp\ps3ppuld248722\lib.ent.o
c:\users\rstei\appdata\local\temp\ps3ppuld93362\lib.ent.o
c:\users\rstei\appdata\local\temp\ps3ppuld186922\lib.ent.o
c:\users\rstei\appdata\local\temp\ps3ppuld275842\lib.ent.o
c:\users\rstei\appdata\local\temp\ps3ppuld178682\lib.ent.o
c:\users\rstei\appdata\local\temp\ps3ppuld264482\lib.ent.o
c:\users\rstei\appdata\local\temp\ps3ppuld256482\lib.ent.o
c:\users\rstei\appdata\local\temp\ps3ppuld74122\lib.ent.o
c:\users\rstei\appdata\local\temp\ps3ppuld166802\lib.ent.o
c:\users\rstei\appdata\local\temp\ps3ppuld238682\lib.ent.o
c:\users\rstei\appdata\local\temp\ps3ppuld5962\lib.ent.o
c:\users\rstei\appdata\local\temp\ps3ppuld251842\lib.ent.o
c:\users\rstei\appdata\local\temp\ps3ppuld68882\lib.ent.o
c:\users\rstei\appdata\local\temp\ps3ppuld3962\lib.ent.o
c:\users\rstei\appdata\local\temp\ps3ppuld49242\lib.ent.o
c:\users\rstei\appdata\local\temp\ps3ppuld101242\lib.ent.o
c:\users\rstei\appdata\local\temp\ps3ppuld174762\lib.ent.o
c:\users\rstei\appdata\local\temp\ps3ppuld189122\lib.ent.o
c:\users\rstei\appdata\local\temp\ps3ppuld94442\lib.ent.o
c:\users\rstei\appdata\local\temp\ps3ppuld216282\lib.ent.o
c:\users\rstei\appdata\local\temp\ps3ppuld168402\lib.ent.o
c:\users\rstei\appdata\local\temp\ps3ppuld195242\lib.ent.o
c:\users\rstei\appdata\local\temp\ps3ppuld38562\lib.ent.o
c:\users\rstei\appdata\local\temp\ps3ppuld209042\lib.ent.o
c:\users\rstei\appdata\local\temp\ps3ppuld47042\lib.ent.o
c:\users\rstei\appdata\local\temp\ps3ppuld221002\lib.ent.o
c:\users\rstei\appdata\local\temp\ps3ppuld97242\lib.ent.o
c:\users\rstei\appdata\local\temp\ps3ppuld188082\lib.ent.o
c:\users\rstei\appdata\local\temp\ps3ppuld200042\lib.ent.o
c:\users\rstei\appdata\local\temp\ps3ppuld179762\lib.ent.o
c:\users\rstei\appdata\local\temp\ps3ppuld106402\lib.ent.o
c:\users\rstei\appdata\local\temp\ps3ppuld71322\lib.ent.o
c:\users\rstei\appdata\local\temp\ps3ppuld210482\lib.ent.o
c:\users\rstei\appdata\local\temp\ps3ppuld195002\lib.ent.o
c:\users\rstei\appdata\local\temp\ps3ppuld200762\lib.ent.o
c:\users\rstei\appdata\local\temp\ps3ppuld17922\lib.ent.o
c:\users\rstei\appdata\local\temp\ps3ppuld77122\lib.ent.o
c:\users\rstei\appdata\local\temp\ps3ppuld98402\lib.ent.o
c:\users\rstei\appdata\local\temp\ps3ppuld27082\lib.ent.o
c:\users\rstei\appdata\local\temp\ps3ppuld93602\lib.ent.o
c:\users\rstei\appdata\local\temp\ps3ppuld105082\lib.ent.o
c:\users\rstei\appdata\local\temp\ps3ppuld235402\lib.ent.o
c:\users\rstei\appdata\local\temp\ps3ppuld98562\lib.ent.o
c:\users\rstei\appdata\local\temp\ps3ppuld43522\lib.ent.o
c:\users\rstei\appdata\local\temp\ps3ppuld92122\lib.ent.o
c:\users\rstei\appdata\local\temp\ps3ppuld95922\lib.ent.o
c:\users\rstei\appdata\local\temp\ps3ppuld191922\lib.ent.o
c:\users\rstei\appdata\local\temp\ps3ppuld196682\lib.ent.o
c:\users\rstei\appdata\local\temp\ps3ppuld116882\lib.ent.o
c:\users\rstei\appdata\local\temp\ps3ppuld113482\lib.ent.o
c:\users\rstei\appdata\local\temp\ps3ppuld178442\lib.ent.o
c:\users\rstei\appdata\local\temp\ps3ppuld60482\lib.ent.o
c:\users\rstei\appdata\local\temp\ps3ppuld105002\lib.ent.o
c:\users\rstei\appdata\local\temp\ps3ppuld173122\lib.ent.o
c:\users\rstei\appdata\local\temp\ps3ppuld201282\lib.ent.o
c:\users\rstei\appdata\local\temp\ps3ppuld8402\lib.ent.o
c:\users\rstei\appdata\local\temp\ps3ppuld131282\lib.ent.o
c:\users\rstei\appdata\local\temp\ps3ppuld157362\lib.ent.o
c:\users\rstei\appdata\local\temp\ps3ppuld223322\lib.ent.o
c:\users\rstei\appdata\local\temp\ps3ppuld70922\lib.ent.o
c:\users\rstei\appdata\local\temp\ps3ppuld183122\lib.ent.o
c:\users\rstei\appdata\local\temp\ps3ppuld172562\lib.ent.o
c:\users\rstei\appdata\local\temp\ps3ppuld34722\lib.ent.o
c:\users\rstei\appdata\local\temp\ps3ppuld179642\lib.ent.o
c:\users\rstei\appdata\local\temp\ps3ppuld171002\minecraft
c:\users\rstei\appdata\local\temp\ps3ppuld111642\minecraft
c:\users\rstei\appdata\local\temp\ps3ppuld97802\minecraft
c:\users\rstei\appdata\local\temp\ps3ppuld205882\minecraft
c:\users\rstei\appdata\local\temp\ps3ppuld18482\minecraft
c:\users\rstei\appdata\local\temp\ps3ppuld87122\minecraft
c:\users\rstei\appdata\local\temp\ps3ppuld117842\minecraft
c:\users\rstei\appdata\local\temp\ps3ppuld170762\minecraft
c:\users\rstei\appdata\local\temp\ps3ppuld132522\minecraft
c:\users\rstei\appdata\local\temp\ps3ppuld198042\minecraft
c:\users\rstei\appdata\local\temp\ps3ppuld88682\minecraft
c:\users\rstei\appdata\local\temp\ps3ppuld48442\minecraft
c:\users\rstei\appdata\local\temp\ps3ppuld190122\minecraft
c:\users\rstei\appdata\local\temp\ps3ppuld25442\minecraft
c:\users\rstei\appdata\local\temp\ps3ppuld119122\minecraft
c:\users\rstei\appdata\local\temp\ps3ppuld150442\minecraft
c:\users\rstei\appdata\local\temp\ps3ppuld141962\minecraft
c:\users\rstei\appdata\local\temp\ps3ppuld63522\minecraft
c:\users\rstei\appdata\local\temp\ps3ppuld96762\minecraft
c:\users\rstei\appdata\local\temp\ps3ppuld127562\minecraft
c:\users\rstei\appdata\local\temp\ps3ppuld72802\minecraft
c:\users\rstei\appdata\local\temp\ps3ppuld83482\minecraft
c:\users\rstei\appdata\local\temp\ps3ppuld107362\minecraft
c:\users\rstei\appdata\local\temp\ps3ppuld79762\minecraft
c:\users\rstei\appdata\local\temp\ps3ppuld233602\minecraft
c:\users\rstei\appdata\local\temp\ps3ppuld227682\minecraft
c:\users\rstei\appdata\local\temp\ps3ppuld48682\minecraft
c:\users\rstei\appdata\local\temp\ps3ppuld264162\minecraft
c:\users\rstei\appdata\local\temp\ps3ppuld91642\minecraft
c:\users\rstei\appdata\local\temp\ps3ppuld32762\minecraft
c:\users\rstei\appdata\local\temp\ps3ppuld232242\minecraft
c:\users\rstei\appdata\local\temp\ps3ppuld227002\minecraft
c:\users\rstei\appdata\local\temp\ps3ppuld110042\minecraft
c:\users\rstei\appdata\local\temp\ps3ppuld252522\minecraft
c:\users\rstei\appdata\local\temp\ps3ppuld247802\minecraft
c:\users\rstei\appdata\local\temp\ps3ppuld69322\minecraft
c:\users\rstei\appdata\local\temp\ps3ppuld147642\minecraft
c:\users\rstei\appdata\local\temp\ps3ppuld120882\minecraft
c:\users\rstei\appdata\local\temp\ps3ppuld121602\minecraft
c:\users\rstei\appdata\local\temp\ps3ppuld240442\minecraft
c:\users\rstei\appdata\local\temp\ps3ppuld206402\minecraft
c:\users\rstei\appdata\local\temp\ps3ppuld177082\minecraft
c:\users\rstei\appdata\local\temp\ps3ppuld203722\minecraft
c:\users\rstei\appdata\local\temp\ps3ppuld142322\minecraft
c:\users\rstei\appdata\local\temp\ps3ppuld123162\minecraft
c:\users\rstei\appdata\local\temp\ps3ppuld207922\minecraft
c:\users\rstei\appdata\local\temp\ps3ppuld239882\minecraft
c:\users\rstei\appdata\local\temp\ps3ppuld18322\minecraft
c:\users\rstei\appdata\local\temp\ps3ppuld106042\minecraft
c:\users\rstei\appdata\local\temp\ps3ppuld123722\minecraft
c:\users\rstei\appdata\local\temp\ps3ppuld131802\minecraft
c:\users\rstei\appdata\local\temp\ps3ppuld19882\minecraft
c:\users\rstei\appdata\local\temp\ps3ppuld173082\minecraft
c:\users\rstei\appdata\local\temp\ps3ppuld108282\minecraft
c:\users\rstei\appdata\local\temp\ps3ppuld224802\minecraft
c:\users\rstei\appdata\local\temp\ps3ppuld151042\minecraft
c:\users\rstei\appdata\local\temp\ps3ppuld205482\minecraft
c:\users\rstei\appdata\local\temp\ps3ppuld134922\minecraft
c:\users\rstei\appdata\local\temp\ps3ppuld145442\minecraft
c:\users\rstei\appdata\local\temp\ps3ppuld65962\minecraft
c:\users\rstei\appdata\local\temp\ps3ppuld178002\minecraft
c:\users\rstei\appdata\local\temp\ps3ppuld160922\minecraft
c:\users\rstei\appdata\local\temp\ps3ppuld43482\minecraft
c:\users\rstei\appdata\local\temp\ps3ppuld150482\minecraft
c:\users\rstei\appdata\local\temp\ps3ppuld209882\minecraft
c:\users\rstei\appdata\local\temp\ps3ppuld92202\minecraft
c:\users\rstei\appdata\local\temp\ps3ppuld41122\minecraft
c:\users\rstei\appdata\local\temp\ps3ppuld246322\minecraft
c:\users\rstei\appdata\local\temp\ps3ppuld228362\minecraft
c:\users\rstei\appdata\local\temp\ps3ppuld188562\minecraft
c:\users\rstei\appdata\local\temp\ps3ppuld163802\minecraft
c:\users\rstei\appdata\local\temp\ps3ppuld94362\minecraft
c:\users\rstei\appdata\local\temp\ps3ppuld251002\minecraft
c:\users\rstei\appdata\local\temp\ps3ppuld82842\minecraft
c:\users\rstei\appdata\local\temp\ps3ppuld57322\minecraft
c:\users\rstei\appdata\local\temp\ps3ppuld109442\minecraft
c:\users\rstei\appdata\local\temp\ps3ppuld269122\minecraft
c:\users\rstei\appdata\local\temp\ps3ppuld265562\minecraft
c:\users\rstei\appdata\local\temp\ps3ppuld248162\minecraft
c:\users\rstei\appdata\local\temp\ps3ppuld2962\minecraft
c:\users\rstei\appdata\local\temp\ps3ppuld111442\minecraft
c:\users\rstei\appdata\local\temp\ps3ppuld207082\minecraft
c:\users\rstei\appdata\local\temp\ps3ppuld234362\minecraft
c:\users\rstei\appdata\local\temp\ps3ppuld255122\minecraft
c:\users\rstei\appdata\local\temp\ps3ppuld154122\minecraft
c:\users\rstei\appdata\local\temp\ps3ppuld26322\minecraft
c:\users\rstei\appdata\local\temp\ps3ppuld129802\minecraft
c:\users\rstei\appdata\local\temp\ps3ppuld177962\minecraft
c:\users\rstei\appdata\local\temp\ps3ppuld232002\minecraft
c:\users\rstei\appdata\local\temp\ps3ppuld183322\minecraft
c:\users\rstei\appdata\local\temp\ps3ppuld179682\minecraft
c:\users\rstei\appdata\local\temp\ps3ppuld245522\minecraft
c:\users\rstei\appdata\local\temp\ps3ppuld10762\minecraft
c:\users\rstei\appdata\local\temp\ps3ppuld109522\minecraft
c:\users\rstei\appdata\local\temp\ps3ppuld188362\minecraft
c:\users\rstei\appdata\local\temp\ps3ppuld139562\minecraft
c:\users\rstei\appdata\local\temp\ps3ppuld192522\minecraft
c:\users\rstei\appdata\local\temp\ps3ppuld248722\minecraft
c:\users\rstei\appdata\local\temp\ps3ppuld93362\minecraft
c:\users\rstei\appdata\local\temp\ps3ppuld186922\minecraft
c:\users\rstei\appdata\local\temp\ps3ppuld275842\minecraft
c:\users\rstei\appdata\local\temp\ps3ppuld178682\minecraft
c:\users\rstei\appdata\local\temp\ps3ppuld264482\minecraft
c:\users\rstei\appdata\local\temp\ps3ppuld256482\minecraft
c:\users\rstei\appdata\local\temp\ps3ppuld74122\minecraft
c:\users\rstei\appdata\local\temp\ps3ppuld166802\minecraft
c:\users\rstei\appdata\local\temp\ps3ppuld238682\minecraft
c:\users\rstei\appdata\local\temp\ps3ppuld5962\minecraft
c:\users\rstei\appdata\local\temp\ps3ppuld251842\minecraft
c:\users\rstei\appdata\local\temp\ps3ppuld68882\minecraft
c:\users\rstei\appdata\local\temp\ps3ppuld3962\minecraft
c:\users\rstei\appdata\local\temp\ps3ppuld49242\minecraft
c:\users\rstei\appdata\local\temp\ps3ppuld189122\minecraft
c:\users\rstei\appdata\local\temp\ps3ppuld94442\minecraft
c:\users\rstei\appdata\local\temp\ps3ppuld216282\minecraft
c:\users\rstei\appdata\local\temp\ps3ppuld168402\minecraft
c:\users\rstei\appdata\local\temp\ps3ppuld195242\minecraft
c:\users\rstei\appdata\local\temp\ps3ppuld38562\minecraft
c:\users\rstei\appdata\local\temp\ps3ppuld209042\minecraft
c:\users\rstei\appdata\local\temp\ps3ppuld221002\minecraft
c:\users\rstei\appdata\local\temp\ps3ppuld97242\minecraft
c:\users\rstei\appdata\local\temp\ps3ppuld188082\minecraft
c:\users\rstei\appdata\local\temp\ps3ppuld200042\minecraft
c:\users\rstei\appdata\local\temp\ps3ppuld179762\minecraft
c:\users\rstei\appdata\local\temp\ps3ppuld106402\minecraft
c:\users\rstei\appdata\local\temp\ps3ppuld210482\minecraft
c:\users\rstei\appdata\local\temp\ps3ppuld200762\minecraft
c:\users\rstei\appdata\local\temp\ps3ppuld17922\minecraft
c:\users\rstei\appdata\local\temp\ps3ppuld77122\minecraft
c:\users\rstei\appdata\local\temp\ps3ppuld98402\minecraft
c:\users\rstei\appdata\local\temp\ps3ppuld27082\minecraft
c:\users\rstei\appdata\local\temp\ps3ppuld93602\minecraft
c:\users\rstei\appdata\local\temp\ps3ppuld105082\minecraft
c:\users\rstei\appdata\local\temp\ps3ppuld235402\minecraft
c:\users\rstei\appdata\local\temp\ps3ppuld98562\minecraft
c:\users\rstei\appdata\local\temp\ps3ppuld43522\minecraft
c:\users\rstei\appdata\local\temp\ps3ppuld92122\minecraft
c:\users\rstei\appdata\local\temp\ps3ppuld95922\minecraft
c:\users\rstei\appdata\local\temp\ps3ppuld191922\minecraft
c:\users\rstei\appdata\local\temp\ps3ppuld196682\minecraft
c:\users\rstei\appdata\local\temp\ps3ppuld116882\minecraft
c:\users\rstei\appdata\local\temp\ps3ppuld113482\minecraft
c:\users\rstei\appdata\local\temp\ps3ppuld178442\minecraft
c:\users\rstei\appdata\local\temp\ps3ppuld60482\minecraft
c:\users\rstei\appdata\local\temp\ps3ppuld105002\minecraft
c:\users\rstei\appdata\local\temp\ps3ppuld173122\minecraft
c:\users\rstei\appdata\local\temp\ps3ppuld201282\minecraft
c:\users\rstei\appdata\local\temp\ps3ppuld8402\minecraft
c:\users\rstei\appdata\local\temp\ps3ppuld131282\minecraft
c:\users\rstei\appdata\local\temp\ps3ppuld157362\minecraft
c:\users\rstei\appdata\local\temp\ps3ppuld223322\minecraft
c:\users\rstei\appdata\local\temp\ps3ppuld70922\minecraft
c:\users\rstei\appdata\local\temp\ps3ppuld183122\minecraft
c:\users\rstei\appdata\local\temp\ps3ppuld172562\minecraft
c:\users\rstei\appdata\local\temp\ps3ppuld34722\minecraft
c:\users\rstei\appdata\local\temp\ps3ppuld179642\minecraft
c:\users\rstei\appdata\local\temp\ps3ppuld171002\lib.ent.s
c:\users\rstei\appdata\local\temp\ps3ppuld111642\lib.ent.s
c:\users\rstei\appdata\local\temp\ps3ppuld97802\lib.ent.s
c:\users\rstei\appdata\local\temp\ps3ppuld205882\lib.ent.s
c:\users\rstei\appdata\local\temp\ps3ppuld18482\lib.ent.s
c:\users\rstei\appdata\local\temp\ps3ppuld87122\lib.ent.s
c:\users\rstei\appdata\local\temp\ps3ppuld117842\lib.ent.s
c:\users\rstei\appdata\local\temp\ps3ppuld170762\lib.ent.s
c:\users\rstei\appdata\local\temp\ps3ppuld132522\lib.ent.s
c:\users\rstei\appdata\local\temp\ps3ppuld198042\lib.ent.s
c:\users\rstei\appdata\local\temp\ps3ppuld88682\lib.ent.s
c:\users\rstei\appdata\local\temp\ps3ppuld48442\lib.ent.s
c:\users\rstei\appdata\local\temp\ps3ppuld190122\lib.ent.s
c:\users\rstei\appdata\local\temp\ps3ppuld25442\lib.ent.s
c:\users\rstei\appdata\local\temp\ps3ppuld119122\lib.ent.s
c:\users\rstei\appdata\local\temp\ps3ppuld150442\lib.ent.s
c:\users\rstei\appdata\local\temp\ps3ppuld141962\lib.ent.s
c:\users\rstei\appdata\local\temp\ps3ppuld63522\lib.ent.s
c:\users\rstei\appdata\local\temp\ps3ppuld96762\lib.ent.s
c:\users\rstei\appdata\local\temp\ps3ppuld127562\lib.ent.s
c:\users\rstei\appdata\local\temp\ps3ppuld72802\lib.ent.s
c:\users\rstei\appdata\local\temp\ps3ppuld83482\lib.ent.s
c:\users\rstei\appdata\local\temp\ps3ppuld107362\lib.ent.s
c:\users\rstei\appdata\local\temp\ps3ppuld79762\lib.ent.s
c:\users\rstei\appdata\local\temp\ps3ppuld233602\lib.ent.s
c:\users\rstei\appdata\local\temp\ps3ppuld227682\lib.ent.s
c:\users\rstei\appdata\local\temp\ps3ppuld48682\lib.ent.s
c:\users\rstei\appdata\local\temp\ps3ppuld264162\lib.ent.s
c:\users\rstei\appdata\local\temp\ps3ppuld91642\lib.ent.s
c:\users\rstei\appdata\local\temp\ps3ppuld237362\lib.ent.s
c:\users\rstei\appdata\local\temp\ps3ppuld32762\lib.ent.s
c:\users\rstei\appdata\local\temp\ps3ppuld232242\lib.ent.s
c:\users\rstei\appdata\local\temp\ps3ppuld227002\lib.ent.s
c:\users\rstei\appdata\local\temp\ps3ppuld110042\lib.ent.s
c:\users\rstei\appdata\local\temp\ps3ppuld252522\lib.ent.s
c:\users\rstei\appdata\local\temp\ps3ppuld247802\lib.ent.s
c:\users\rstei\appdata\local\temp\ps3ppuld69322\lib.ent.s
c:\users\rstei\appdata\local\temp\ps3ppuld147642\lib.ent.s
c:\users\rstei\appdata\local\temp\ps3ppuld120882\lib.ent.s
c:\users\rstei\appdata\local\temp\ps3ppuld121602\lib.ent.s
c:\users\rstei\appdata\local\temp\ps3ppuld240442\lib.ent.s
c:\users\rstei\appdata\local\temp\ps3ppuld206402\lib.ent.s
c:\users\rstei\appdata\local\temp\ps3ppuld177082\lib.ent.s
c:\users\rstei\appdata\local\temp\ps3ppuld203722\lib.ent.s
c:\users\rstei\appdata\local\temp\ps3ppuld142322\lib.ent.s
c:\users\rstei\appdata\local\temp\ps3ppuld123162\lib.ent.s
c:\users\rstei\appdata\local\temp\ps3ppuld207922\lib.ent.s
c:\users\rstei\appdata\local\temp\ps3ppuld239882\lib.ent.s
c:\users\rstei\appdata\local\temp\ps3ppuld18322\lib.ent.s
c:\users\rstei\appdata\local\temp\ps3ppuld106042\lib.ent.s
c:\users\rstei\appdata\local\temp\ps3ppuld123722\lib.ent.s
c:\users\rstei\appdata\local\temp\ps3ppuld131802\lib.ent.s
c:\users\rstei\appdata\local\temp\ps3ppuld19882\lib.ent.s
c:\users\rstei\appdata\local\temp\ps3ppuld173082\lib.ent.s
c:\users\rstei\appdata\local\temp\ps3ppuld108282\lib.ent.s
c:\users\rstei\appdata\local\temp\ps3ppuld224802\lib.ent.s
c:\users\rstei\appdata\local\temp\ps3ppuld151042\lib.ent.s
c:\users\rstei\appdata\local\temp\ps3ppuld205482\lib.ent.s
c:\users\rstei\appdata\local\temp\ps3ppuld134922\lib.ent.s
c:\users\rstei\appdata\local\temp\ps3ppuld145442\lib.ent.s
c:\users\rstei\appdata\local\temp\ps3ppuld65962\lib.ent.s
c:\users\rstei\appdata\local\temp\ps3ppuld178002\lib.ent.s
c:\users\rstei\appdata\local\temp\ps3ppuld160922\lib.ent.s
c:\users\rstei\appdata\local\temp\ps3ppuld43482\lib.ent.s
c:\users\rstei\appdata\local\temp\ps3ppuld150482\lib.ent.s
c:\users\rstei\appdata\local\temp\ps3ppuld209882\lib.ent.s
c:\users\rstei\appdata\local\temp\ps3ppuld92202\lib.ent.s
c:\users\rstei\appdata\local\temp\ps3ppuld41122\lib.ent.s
c:\users\rstei\appdata\local\temp\ps3ppuld246322\lib.ent.s
c:\users\rstei\appdata\local\temp\ps3ppuld228362\lib.ent.s
c:\users\rstei\appdata\local\temp\ps3ppuld188562\lib.ent.s
c:\users\rstei\appdata\local\temp\ps3ppuld163802\lib.ent.s
c:\users\rstei\appdata\local\temp\ps3ppuld94362\lib.ent.s
c:\users\rstei\appdata\local\temp\ps3ppuld251002\lib.ent.s
c:\users\rstei\appdata\local\temp\ps3ppuld82842\lib.ent.s
c:\users\rstei\appdata\local\temp\ps3ppuld57322\lib.ent.s
c:\users\rstei\appdata\local\temp\ps3ppuld109442\lib.ent.s
c:\users\rstei\appdata\local\temp\ps3ppuld269122\lib.ent.s
c:\users\rstei\appdata\local\temp\ps3ppuld265562\lib.ent.s
c:\users\rstei\appdata\local\temp\ps3ppuld248162\lib.ent.s
c:\users\rstei\appdata\local\temp\ps3ppuld2962\lib.ent.s
c:\users\rstei\appdata\local\temp\ps3ppuld111442\lib.ent.s
c:\users\rstei\appdata\local\temp\ps3ppuld207082\lib.ent.s
c:\users\rstei\appdata\local\temp\ps3ppuld234362\lib.ent.s
c:\users\rstei\appdata\local\temp\ps3ppuld255122\lib.ent.s
c:\users\rstei\appdata\local\temp\ps3ppuld154122\lib.ent.s
c:\users\rstei\appdata\local\temp\ps3ppuld26322\lib.ent.s
c:\users\rstei\appdata\local\temp\ps3ppuld129802\lib.ent.s
c:\users\rstei\appdata\local\temp\ps3ppuld177962\lib.ent.s
c:\users\rstei\appdata\local\temp\ps3ppuld232002\lib.ent.s
c:\users\rstei\appdata\local\temp\ps3ppuld183322\lib.ent.s
c:\users\rstei\appdata\local\temp\ps3ppuld179682\lib.ent.s
c:\users\rstei\appdata\local\temp\ps3ppuld245522\lib.ent.s
c:\users\rstei\appdata\local\temp\ps3ppuld10762\lib.ent.s
c:\users\rstei\appdata\local\temp\ps3ppuld109522\lib.ent.s
c:\users\rstei\appdata\local\temp\ps3ppuld188362\lib.ent.s
c:\users\rstei\appdata\local\temp\ps3ppuld139562\lib.ent.s
c:\users\rstei\appdata\local\temp\ps3ppuld192522\lib.ent.s
c:\users\rstei\appdata\local\temp\ps3ppuld248722\lib.ent.s
c:\users\rstei\appdata\local\temp\ps3ppuld93362\lib.ent.s
c:\users\rstei\appdata\local\temp\ps3ppuld186922\lib.ent.s
c:\users\rstei\appdata\local\temp\ps3ppuld275842\lib.ent.s
c:\users\rstei\appdata\local\temp\ps3ppuld178682\lib.ent.s
c:\users\rstei\appdata\local\temp\ps3ppuld264482\lib.ent.s
c:\users\rstei\appdata\local\temp\ps3ppuld256482\lib.ent.s
c:\users\rstei\appdata\local\temp\ps3ppuld74122\lib.ent.s
c:\users\rstei\appdata\local\temp\ps3ppuld166802\lib.ent.s
c:\users\rstei\appdata\local\temp\ps3ppuld238682\lib.ent.s
c:\users\rstei\appdata\local\temp\ps3ppuld5962\lib.ent.s
c:\users\rstei\appdata\local\temp\ps3ppuld251842\lib.ent.s
c:\users\rstei\appdata\local\temp\ps3ppuld68882\lib.ent.s
c:\users\rstei\appdata\local\temp\ps3ppuld3962\lib.ent.s
c:\users\rstei\appdata\local\temp\ps3ppuld49242\lib.ent.s
c:\users\rstei\appdata\local\temp\ps3ppuld101242\lib.ent.s
c:\users\rstei\appdata\local\temp\ps3ppuld174762\lib.ent.s
c:\users\rstei\appdata\local\temp\ps3ppuld189122\lib.ent.s
c:\users\rstei\appdata\local\temp\ps3ppuld94442\lib.ent.s
c:\users\rstei\appdata\local\temp\ps3ppuld216282\lib.ent.s
c:\users\rstei\appdata\local\temp\ps3ppuld168402\lib.ent.s
c:\users\rstei\appdata\local\temp\ps3ppuld195242\lib.ent.s
c:\users\rstei\appdata\local\temp\ps3ppuld38562\lib.ent.s
c:\users\rstei\appdata\local\temp\ps3ppuld209042\lib.ent.s
c:\users\rstei\appdata\local\temp\ps3ppuld47042\lib.ent.s
c:\users\rstei\appdata\local\temp\ps3ppuld221002\lib.ent.s
c:\users\rstei\appdata\local\temp\ps3ppuld97242\lib.ent.s
c:\users\rstei\appdata\local\temp\ps3ppuld188082\lib.ent.s
c:\users\rstei\appdata\local\temp\ps3ppuld200042\lib.ent.s
c:\users\rstei\appdata\local\temp\ps3ppuld179762\lib.ent.s
c:\users\rstei\appdata\local\temp\ps3ppuld106402\lib.ent.s
c:\users\rstei\appdata\local\temp\ps3ppuld71322\lib.ent.s
c:\users\rstei\appdata\local\temp\ps3ppuld210482\lib.ent.s
c:\users\rstei\appdata\local\temp\ps3ppuld195002\lib.ent.s
c:\users\rstei\appdata\local\temp\ps3ppuld200762\lib.ent.s
c:\users\rstei\appdata\local\temp\ps3ppuld17922\lib.ent.s
c:\users\rstei\appdata\local\temp\ps3ppuld77122\lib.ent.s
c:\users\rstei\appdata\local\temp\ps3ppuld98402\lib.ent.s
c:\users\rstei\appdata\local\temp\ps3ppuld27082\lib.ent.s
c:\users\rstei\appdata\local\temp\ps3ppuld93602\lib.ent.s
c:\users\rstei\appdata\local\temp\ps3ppuld105082\lib.ent.s
c:\users\rstei\appdata\local\temp\ps3ppuld235402\lib.ent.s
c:\users\rstei\appdata\local\temp\ps3ppuld98562\lib.ent.s
c:\users\rstei\appdata\local\temp\ps3ppuld43522\lib.ent.s
c:\users\rstei\appdata\local\temp\ps3ppuld92122\lib.ent.s
c:\users\rstei\appdata\local\temp\ps3ppuld95922\lib.ent.s
c:\users\rstei\appdata\local\temp\ps3ppuld191922\lib.ent.s
c:\users\rstei\appdata\local\temp\ps3ppuld196682\lib.ent.s
c:\users\rstei\appdata\local\temp\ps3ppuld116882\lib.ent.s
c:\users\rstei\appdata\local\temp\ps3ppuld113482\lib.ent.s
c:\users\rstei\appdata\local\temp\ps3ppuld178442\lib.ent.s
c:\users\rstei\appdata\local\temp\ps3ppuld60482\lib.ent.s
c:\users\rstei\appdata\local\temp\ps3ppuld105002\lib.ent.s
c:\users\rstei\appdata\local\temp\ps3ppuld173122\lib.ent.s
c:\users\rstei\appdata\local\temp\ps3ppuld201282\lib.ent.s
c:\users\rstei\appdata\local\temp\ps3ppuld8402\lib.ent.s
c:\users\rstei\appdata\local\temp\ps3ppuld131282\lib.ent.s
c:\users\rstei\appdata\local\temp\ps3ppuld157362\lib.ent.s
c:\users\rstei\appdata\local\temp\ps3ppuld223322\lib.ent.s
c:\users\rstei\appdata\local\temp\ps3ppuld70922\lib.ent.s
c:\users\rstei\appdata\local\temp\ps3ppuld183122\lib.ent.s
c:\users\rstei\appdata\local\temp\ps3ppuld172562\lib.ent.s
c:\users\rstei\appdata\local\temp\ps3ppuld34722\lib.ent.s
c:\users\rstei\appdata\local\temp\ps3ppuld179642\lib.ent.s
c:\users\rstei\documents\github\4j-devkit\source sprx\minecraft base sprx\bin\debug-ps3\minecraft.map
c:\users\rstei\desktop\minecraft better edition sprx\bin\debug-ps3\minecraft.map
c:\users\rstei\documents\github\4j-devkit\source sprx\minecraft base sprx\bin-int\debug-ps3\minecraft\systemcalls.o
c:\users\rstei\documents\github\4j-devkit\source sprx\minecraft base sprx\bin-int\debug-ps3\minecraft\filesystem.o
c:\users\rstei\documents\github\4j-devkit\source sprx\minecraft base sprx\bin-int\debug-ps3\minecraft\main.o
c:\users\rstei\desktop\minecraft better edition sprx\bin-int\debug-ps3\minecraft\filesystem.o
c:\users\rstei\desktop\minecraft better edition sprx\bin-int\debug-ps3\minecraft\systemcalls.o
c:\users\rstei\desktop\minecraft better edition sprx\bin-int\debug-ps3\minecraft\main.o
c:\users\rstei\desktop\minecraft better edition sprx\bin-int\debug-ps3\minecraft\detour.o
c:\users\rstei\desktop\minecraft better edition sprx\bin-int\debug-ps3\minecraft\memory.o
c:\users\rstei\desktop\minecraft better edition sprx\bin-int\debug-ps3\minecraft\pattern.o
c:\users\rstei\desktop\minecraft better edition sprx\bin-int\debug-ps3\minecraft\minecraft.write.1.tlog
c:\users\rstei\desktop\minecraft better edition sprx\bin-int\debug-ps3\minecraft\minecraft.tlog\ps3ppuld64-make_fself.read.1.tlog
c:\users\rstei\desktop\minecraft better edition sprx\bin-int\debug-ps3\minecraft\minecraft.tlog\ps3ppuld64-make_fself.write.1.tlog
c:\users\rstei\desktop\minecraft better edition sprx\bin-int\debug-ps3\minecraft\minecraft.tlog\ps3ppuld64-ppu-lv2-as.read.1.tlog
c:\users\rstei\desktop\minecraft better edition sprx\bin-int\debug-ps3\minecraft\minecraft.tlog\ps3ppuld64-ppu-lv2-as.write.1.tlog
c:\users\rstei\desktop\minecraft better edition sprx\bin-int\debug-ps3\minecraft\minecraft.tlog\ps3ppuld64-ppu-lv2-prx-fixup.read.1.tlog
c:\users\rstei\desktop\minecraft better edition sprx\bin-int\debug-ps3\minecraft\minecraft.tlog\ps3ppuld64-ppu-lv2-prx-fixup.write.1.tlog
c:\users\rstei\desktop\minecraft better edition sprx\bin-int\debug-ps3\minecraft\minecraft.tlog\ps3ppuld64-ppu-lv2-prx-libgen.read.1.tlog
c:\users\rstei\desktop\minecraft better edition sprx\bin-int\debug-ps3\minecraft\minecraft.tlog\ps3ppuld64-ppu-lv2-prx-libgen.write.1.tlog
c:\users\rstei\desktop\minecraft better edition sprx\bin-int\debug-ps3\minecraft\minecraft.tlog\ps3ppuld64.command.1.tlog
c:\users\rstei\desktop\minecraft better edition sprx\bin-int\debug-ps3\minecraft\minecraft.tlog\ps3ppuld64.read.1.tlog
c:\users\rstei\desktop\minecraft better edition sprx\bin-int\debug-ps3\minecraft\minecraft.tlog\ps3ppuld64.write.1.tlog
c:\users\rstei\desktop\minecraft better edition sprx\bin-int\debug-ps3\minecraft\minecraft.tlog\ps3ppusnc.command.1.tlog
c:\users\rstei\desktop\minecraft better edition sprx\bin-int\debug-ps3\minecraft\minecraft.tlog\ps3ppusnc.read.1.tlog
c:\users\rstei\desktop\minecraft better edition sprx\bin-int\debug-ps3\minecraft\minecraft.tlog\ps3ppusnc.write.1.tlog
