c:\users\rstei\onedrive\documents\visual studio 2013\projects\mc\ps3_debug\cellprx_mc_stub.a
c:\users\rstei\onedrive\documents\visual studio 2013\projects\minii sprx mc\ps3_debug\cellprx_mc_stub.a
c:\users\rstei\desktop\sprx premium source\ps3_debug\cellprx_mc_stub.a
c:\users\rstei\desktop\pc\downcraft source\sprx developpement\sprx premium source\ps3_debug\cellprx_mc_stub.a
c:\users\rstei\desktop\pc\downcraft source\sprx developpement\sprx premium source\ps3_debug\mc.sprx
c:\users\rstei\appdata\local\temp\ps3ppuld129922\lib.ent.o
c:\users\rstei\appdata\local\temp\ps3ppuld140202\lib.ent.o
c:\users\rstei\appdata\local\temp\ps3ppuld139682\lib.ent.o
c:\users\rstei\appdata\local\temp\ps3ppuld147802\lib.ent.o
c:\users\rstei\appdata\local\temp\ps3ppuld99522\lib.ent.o
c:\users\rstei\appdata\local\temp\ps3ppuld50922\lib.ent.o
c:\users\rstei\appdata\local\temp\ps3ppuld188442\lib.ent.o
c:\users\rstei\appdata\local\temp\ps3ppuld69762\lib.ent.o
c:\users\rstei\appdata\local\temp\ps3ppuld193522\lib.ent.o
c:\users\rstei\appdata\local\temp\ps3ppuld167562\lib.ent.o
c:\users\rstei\appdata\local\temp\ps3ppuld192602\lib.ent.o
c:\users\rstei\appdata\local\temp\ps3ppuld191922\lib.ent.o
c:\users\rstei\appdata\local\temp\ps3ppuld118962\lib.ent.o
c:\users\rstei\appdata\local\temp\ps3ppuld72562\lib.ent.o
c:\users\rstei\appdata\local\temp\ps3ppuld185002\lib.ent.o
c:\users\rstei\appdata\local\temp\ps3ppuld6762\lib.ent.o
c:\users\rstei\appdata\local\temp\ps3ppuld127322\lib.ent.o
c:\users\rstei\appdata\local\temp\ps3ppuld158402\lib.ent.o
c:\users\rstei\appdata\local\temp\ps3ppuld159202\lib.ent.o
c:\users\rstei\appdata\local\temp\ps3ppuld38722\lib.ent.o
c:\users\rstei\appdata\local\temp\ps3ppuld160482\lib.ent.o
c:\users\rstei\appdata\local\temp\ps3ppuld142602\lib.ent.o
c:\users\rstei\appdata\local\temp\ps3ppuld131082\lib.ent.o
c:\users\rstei\appdata\local\temp\ps3ppuld171642\lib.ent.o
c:\users\rstei\appdata\local\temp\ps3ppuld129922\mc
c:\users\rstei\appdata\local\temp\ps3ppuld140202\mc
c:\users\rstei\appdata\local\temp\ps3ppuld139682\mc
c:\users\rstei\appdata\local\temp\ps3ppuld147802\mc
c:\users\rstei\appdata\local\temp\ps3ppuld99522\mc
c:\users\rstei\appdata\local\temp\ps3ppuld50922\mc
c:\users\rstei\appdata\local\temp\ps3ppuld188442\mc
c:\users\rstei\appdata\local\temp\ps3ppuld69762\mc
c:\users\rstei\appdata\local\temp\ps3ppuld193522\mc
c:\users\rstei\appdata\local\temp\ps3ppuld167562\mc
c:\users\rstei\appdata\local\temp\ps3ppuld192602\mc
c:\users\rstei\appdata\local\temp\ps3ppuld191922\mc
c:\users\rstei\appdata\local\temp\ps3ppuld118962\mc
c:\users\rstei\appdata\local\temp\ps3ppuld72562\mc
c:\users\rstei\appdata\local\temp\ps3ppuld185002\mc
c:\users\rstei\appdata\local\temp\ps3ppuld6762\mc
c:\users\rstei\appdata\local\temp\ps3ppuld127322\mc
c:\users\rstei\appdata\local\temp\ps3ppuld158402\mc
c:\users\rstei\appdata\local\temp\ps3ppuld159202\mc
c:\users\rstei\appdata\local\temp\ps3ppuld38722\mc
c:\users\rstei\appdata\local\temp\ps3ppuld160482\mc
c:\users\rstei\appdata\local\temp\ps3ppuld142602\mc
c:\users\rstei\appdata\local\temp\ps3ppuld131082\mc
c:\users\rstei\appdata\local\temp\ps3ppuld171642\mc
c:\users\rstei\desktop\pc\downcraft source\sprx developpement\sprx premium source\mc\ps3_debug\prx.o
c:\users\rstei\desktop\pc\downcraft source\sprx developpement\sprx premium source\mc\ps3_debug\mc.write.1.tlog
c:\users\rstei\desktop\pc\downcraft source\sprx developpement\sprx premium source\mc\ps3_debug\mc.tlog\ps3ppuld64-make_fself.read.1.tlog
c:\users\rstei\desktop\pc\downcraft source\sprx developpement\sprx premium source\mc\ps3_debug\mc.tlog\ps3ppuld64-make_fself.write.1.tlog
c:\users\rstei\desktop\pc\downcraft source\sprx developpement\sprx premium source\mc\ps3_debug\mc.tlog\ps3ppuld64-ppu-lv2-as.read.1.tlog
c:\users\rstei\desktop\pc\downcraft source\sprx developpement\sprx premium source\mc\ps3_debug\mc.tlog\ps3ppuld64-ppu-lv2-as.write.1.tlog
c:\users\rstei\desktop\pc\downcraft source\sprx developpement\sprx premium source\mc\ps3_debug\mc.tlog\ps3ppuld64-ppu-lv2-prx-fixup.read.1.tlog
c:\users\rstei\desktop\pc\downcraft source\sprx developpement\sprx premium source\mc\ps3_debug\mc.tlog\ps3ppuld64-ppu-lv2-prx-fixup.write.1.tlog
c:\users\rstei\desktop\pc\downcraft source\sprx developpement\sprx premium source\mc\ps3_debug\mc.tlog\ps3ppuld64-ppu-lv2-prx-libgen.read.1.tlog
c:\users\rstei\desktop\pc\downcraft source\sprx developpement\sprx premium source\mc\ps3_debug\mc.tlog\ps3ppuld64-ppu-lv2-prx-libgen.write.1.tlog
c:\users\rstei\desktop\pc\downcraft source\sprx developpement\sprx premium source\mc\ps3_debug\mc.tlog\ps3ppuld64.command.1.tlog
c:\users\rstei\desktop\pc\downcraft source\sprx developpement\sprx premium source\mc\ps3_debug\mc.tlog\ps3ppuld64.read.1.tlog
c:\users\rstei\desktop\pc\downcraft source\sprx developpement\sprx premium source\mc\ps3_debug\mc.tlog\ps3ppuld64.write.1.tlog
c:\users\rstei\desktop\pc\downcraft source\sprx developpement\sprx premium source\mc\ps3_debug\mc.tlog\ps3ppusnc.command.1.tlog
c:\users\rstei\desktop\pc\downcraft source\sprx developpement\sprx premium source\mc\ps3_debug\mc.tlog\ps3ppusnc.read.1.tlog
c:\users\rstei\desktop\pc\downcraft source\sprx developpement\sprx premium source\mc\ps3_debug\mc.tlog\ps3ppusnc.write.1.tlog
