  Main.cpp
.\Util/Variables.h(36,20): warning 2623: conversion from a string literal to "char *" is deprecated
  
.\PS3/PS3.h(451,2): warning 551: variable "FreeMemory" is used before its value is set
  
.\PS3\PS3.h(452,16): warning 551: variable "HeapFree" is used before its value is set
  
.\PS3\PS3.h(453,2): warning 551: variable "UsedMemory" is used before its value is set
  
.\PS3\PS3.h(493,9): warning 1070: returning pointer to local variable
  
.\PS3\PS3.h(508,10): warning 2623: conversion from a string literal to "char *" is deprecated
  
.\PS3\PS3.h(517,10): warning 1070: returning pointer to local variable
  
.\PS3\PS3.h(520,1): warning 942: missing return statement at end of non-void function "HTTP::LocalRequest"
  
.\PS3\PS3.h(544,10): warning 2623: conversion from a string literal to "char *" is deprecated
  
.\PS3\PS3.h(553,10): warning 1070: returning pointer to local variable
  
.\PS3\PS3.h(556,1): warning 942: missing return statement at end of non-void function "HTTP::URLRequest"
  
.\PS3/Dialog.h(196,6): warning 178: variable "ret" was declared but never referenced
  
.\PS3\Dialog.h(238,6): warning 552: variable "ret" was set but never used
  
.\PS3/Vector.h(23,9): warning 432: returning reference to local temporary
  
.\PS3\Vector.h(27,9): warning 432: returning reference to local temporary
  
.\PS3\Vector.h(66,7): warning 429: qualified name is not allowed in member declaration
  
.\PS3\Vector.h(43,9): warning 432: returning reference to local temporary
  
.\PS3\Vector.h(52,9): warning 432: returning reference to local temporary
  
.\PS3\Vector.h(55,9): warning 432: returning reference to local temporary
  
.\PS3\Vector.h(58,9): warning 432: returning reference to local temporary
  
.\PS3\Vector.h(61,9): warning 432: returning reference to local temporary
  
.\PS3\Vector.h(92,9): warning 432: returning reference to local temporary
  
.\PS3\Vector.h(96,9): warning 432: returning reference to local temporary
  
.\Util/Struct.h(50,6): warning 1700: class "LevelRenderer" has virtual functions but non-virtual destructor
  
.\Util\Struct.h(103,6): warning 1700: class "MultiPlayerLevel" has virtual functions but non-virtual destructor
  
.\Util\Struct.h(218,6): warning 1700: class "MultiplayerLocalPlayer" has virtual functions but non-virtual destructor
  
.\Util\Struct.h(856,17): warning 2623: conversion from a string literal to "char *" is deprecated
  
.\Games/GameFunctions.h(25,65): warning 1322: taking the address of a temporary
  
.\Games\GameFunctions.h(26): warning 942: missing return statement at end of non-void function "GetTextWidth"
  
.\Games\GameFunctions.h(34,85): warning 1322: taking the address of a temporary
  
.\Games\GameFunctions.h(38,63): warning 1322: taking the address of a temporary
  
.\Games\GameFunctions.h(38,81): warning 1772: argument of type "float" is implicitly converted to parameter (3) of type "std::uint32_t"
  
.\Games\GameFunctions.h(38,84): warning 1772: argument of type "float" is implicitly converted to parameter (4) of type "std::uint32_t"
  
.\Games\GameFunctions.h(42,63): warning 1322: taking the address of a temporary
  
.\Games\GameFunctions.h(42,87): warning 1772: argument of type "float" is implicitly converted to parameter (3) of type "std::uint32_t"
  
.\Games\GameFunctions.h(42,90): warning 1772: argument of type "float" is implicitly converted to parameter (4) of type "std::uint32_t"
  
.\Games\GameFunctions.h(85,47): warning 1772: argument of type "float" is implicitly converted to parameter (2) of type "std::uint32_t"
  
.\Games\GameFunctions.h(85,50): warning 1772: argument of type "float" is implicitly converted to parameter (3) of type "std::uint32_t"
  
.\Games\GameFunctions.h(85,53): warning 1772: argument of type "float" is implicitly converted to parameter (4) of type "std::uint32_t"
  
.\Games\GameFunctions.h(85,65): warning 1772: argument of type "float" is implicitly converted to parameter (5) of type "std::uint32_t"
  
.\Games/Offsets.h(98,17): warning 2520: invalid narrowing conversion from "int" to "char"
  
.\Games\Offsets.h(329,17): warning 2520: invalid narrowing conversion from "int" to "char"
  
.\Games\Offsets.h(2227,7): warning 178: variable "MOD8" was declared but never referenced
  
.\Games\Offsets.h(2257,7): warning 178: variable "MOD8" was declared but never referenced
  
.\Games\Offsets.h(2289,7): warning 178: variable "MOD8" was declared but never referenced
  
.\Games\Offsets.h(2322,7): warning 178: variable "MOD8" was declared but never referenced
  
.\Games\Offsets.h(2355,7): warning 178: variable "MOD8" was declared but never referenced
  
.\Games\Offsets.h(2388,7): warning 178: variable "MOD8" was declared but never referenced
  
.\Games\Offsets.h(2420,7): warning 178: variable "MOD8" was declared but never referenced
  
.\Games\Offsets.h(2453,7): warning 178: variable "MOD8" was declared but never referenced
  
.\Games\Offsets.h(2890,17): warning 2520: invalid narrowing conversion from "int" to "char"
  
.\Games\Offsets.h(2897,17): warning 2520: invalid narrowing conversion from "int" to "char"
  
.\Games\Offsets.h(4340,1): warning 942: missing return statement at end of non-void function "Address::setName"
  
.\Games/Functions.h(115,8): warning 1070: returning pointer to local variable
  
.\Games\Functions.h(122,33): warning 176: subscript out of range
  
.\Games\Functions.h(123,34): warning 176: subscript out of range
  
.\Games\Functions.h(124,8): warning 176: subscript out of range
  
.\Games\Functions.h(311,42): warning 2624: conversion from a string literal to pointer-to-character (non-const) is deprecated
  
.\Games\Functions.h(319,3): warning 176: subscript out of range
  
.\Games\Functions.h(354,21): warning 2624: conversion from a string literal to pointer-to-character (non-const) is deprecated
  
.\Games\Functions.h(411,29): warning 2623: conversion from a string literal to "char *" is deprecated
  
.\Games\Functions.h(411,38): warning 2623: conversion from a string literal to "char *" is deprecated
  
.\Games\Functions.h(411,47): warning 2623: conversion from a string literal to "char *" is deprecated
  
.\Games\Functions.h(411,56): warning 2623: conversion from a string literal to "char *" is deprecated
  
.\Games/Startup.h(7,24): warning 1628: argument of type "const wchar_t *" is incompatible with parameter (1 of SendMessageDebug) of type "wchar_t *"
  
.\Games\Startup.h(8,24): warning 1628: argument of type "const wchar_t *" is incompatible with parameter (1 of SendMessageDebug) of type "wchar_t *"
  
.\Games\Startup.h(9,24): warning 1628: argument of type "const wchar_t *" is incompatible with parameter (1 of SendMessageDebug) of type "wchar_t *"
  
.\Menu/Huds.h(71,13): warning 1628: argument of type "const char *" is incompatible with parameter (1 of DrawTextC) of type "char *"
  
.\Menu\Huds.h(75,13): warning 1628: argument of type "const char *" is incompatible with parameter (1 of DrawTextC) of type "char *"
  
.\Menu/SubMenu.h(749,29): warning 1628: argument of type "const char *" is incompatible with parameter (1 of setName) of type "char *"
  
.\Menu\SubMenu.h(750,29): warning 1628: argument of type "const char *" is incompatible with parameter (1 of setName) of type "char *"
  
  Minecraft.vcxproj -> C:\Users\randy\Documents\GitHub\4J-DevKit\Source SPRX\SPRX V5 Source Code\bin\Debug-PS3\Minecraft.sprx
  Oops the file inject SPRX was not found
  Press any enter to continue.
