c:\users\rstei\desktop\downcraft sprx v4 source base menu\ps3_debug\cellprx_downcraftsprx_stub.a
c:\users\rstei\desktop\downcraft sprx v4 source base menu\ps3_debug\downcraftsprx.sprx
c:\users\rstei\appdata\local\temp\ps3ppuld156362\lib.ent.o
c:\users\rstei\appdata\local\temp\ps3ppuld183962\lib.ent.o
c:\users\rstei\appdata\local\temp\ps3ppuld142042\lib.ent.o
c:\users\rstei\appdata\local\temp\ps3ppuld254602\lib.ent.o
c:\users\rstei\appdata\local\temp\ps3ppuld225002\lib.ent.o
c:\users\rstei\appdata\local\temp\ps3ppuld57682\lib.ent.o
c:\users\rstei\appdata\local\temp\ps3ppuld224122\lib.ent.o
c:\users\rstei\appdata\local\temp\ps3ppuld78562\lib.ent.o
c:\users\rstei\appdata\local\temp\ps3ppuld226042\lib.ent.o
c:\users\rstei\appdata\local\temp\ps3ppuld166042\lib.ent.o
c:\users\rstei\appdata\local\temp\ps3ppuld225842\lib.ent.o
c:\users\rstei\appdata\local\temp\ps3ppuld105482\lib.ent.o
c:\users\rstei\appdata\local\temp\ps3ppuld162042\lib.ent.o
c:\users\rstei\appdata\local\temp\ps3ppuld8242\lib.ent.o
c:\users\rstei\appdata\local\temp\ps3ppuld169362\lib.ent.o
c:\users\rstei\appdata\local\temp\ps3ppuld201402\lib.ent.o
c:\users\rstei\appdata\local\temp\ps3ppuld141122\lib.ent.o
c:\users\rstei\appdata\local\temp\ps3ppuld201802\lib.ent.o
c:\users\rstei\appdata\local\temp\ps3ppuld221722\lib.ent.o
c:\users\rstei\appdata\local\temp\ps3ppuld171362\lib.ent.o
c:\users\rstei\appdata\local\temp\ps3ppuld112882\lib.ent.o
c:\users\rstei\appdata\local\temp\ps3ppuld103482\lib.ent.o
c:\users\rstei\appdata\local\temp\ps3ppuld193402\lib.ent.o
c:\users\rstei\appdata\local\temp\ps3ppuld258562\lib.ent.o
c:\users\rstei\appdata\local\temp\ps3ppuld255682\lib.ent.o
c:\users\rstei\appdata\local\temp\ps3ppuld108002\lib.ent.o
c:\users\rstei\appdata\local\temp\ps3ppuld202482\lib.ent.o
c:\users\rstei\appdata\local\temp\ps3ppuld195322\lib.ent.o
c:\users\rstei\appdata\local\temp\ps3ppuld244242\lib.ent.o
c:\users\rstei\appdata\local\temp\ps3ppuld138922\lib.ent.o
c:\users\rstei\appdata\local\temp\ps3ppuld203842\lib.ent.o
c:\users\rstei\appdata\local\temp\ps3ppuld178562\lib.ent.o
c:\users\rstei\appdata\local\temp\ps3ppuld212282\lib.ent.o
c:\users\rstei\appdata\local\temp\ps3ppuld221682\lib.ent.o
c:\users\rstei\appdata\local\temp\ps3ppuld226682\lib.ent.o
c:\users\rstei\appdata\local\temp\ps3ppuld12242\lib.ent.o
c:\users\rstei\appdata\local\temp\ps3ppuld83442\lib.ent.o
c:\users\rstei\appdata\local\temp\ps3ppuld176842\lib.ent.o
c:\users\rstei\appdata\local\temp\ps3ppuld185882\lib.ent.o
c:\users\rstei\appdata\local\temp\ps3ppuld203882\lib.ent.o
c:\users\rstei\appdata\local\temp\ps3ppuld156362\downcraftsprx
c:\users\rstei\appdata\local\temp\ps3ppuld183962\downcraftsprx
c:\users\rstei\appdata\local\temp\ps3ppuld142042\downcraftsprx
c:\users\rstei\appdata\local\temp\ps3ppuld254602\downcraftsprx
c:\users\rstei\appdata\local\temp\ps3ppuld225002\downcraftsprx
c:\users\rstei\appdata\local\temp\ps3ppuld57682\downcraftsprx
c:\users\rstei\appdata\local\temp\ps3ppuld224122\downcraftsprx
c:\users\rstei\appdata\local\temp\ps3ppuld78562\downcraftsprx
c:\users\rstei\appdata\local\temp\ps3ppuld226042\downcraftsprx
c:\users\rstei\appdata\local\temp\ps3ppuld166042\downcraftsprx
c:\users\rstei\appdata\local\temp\ps3ppuld225842\downcraftsprx
c:\users\rstei\appdata\local\temp\ps3ppuld105482\downcraftsprx
c:\users\rstei\appdata\local\temp\ps3ppuld162042\downcraftsprx
c:\users\rstei\appdata\local\temp\ps3ppuld8242\downcraftsprx
c:\users\rstei\appdata\local\temp\ps3ppuld169362\downcraftsprx
c:\users\rstei\appdata\local\temp\ps3ppuld201402\downcraftsprx
c:\users\rstei\appdata\local\temp\ps3ppuld141122\downcraftsprx
c:\users\rstei\appdata\local\temp\ps3ppuld201802\downcraftsprx
c:\users\rstei\appdata\local\temp\ps3ppuld221722\downcraftsprx
c:\users\rstei\appdata\local\temp\ps3ppuld171362\downcraftsprx
c:\users\rstei\appdata\local\temp\ps3ppuld112882\downcraftsprx
c:\users\rstei\appdata\local\temp\ps3ppuld103482\downcraftsprx
c:\users\rstei\appdata\local\temp\ps3ppuld193402\downcraftsprx
c:\users\rstei\appdata\local\temp\ps3ppuld258562\downcraftsprx
c:\users\rstei\appdata\local\temp\ps3ppuld255682\downcraftsprx
c:\users\rstei\appdata\local\temp\ps3ppuld108002\downcraftsprx
c:\users\rstei\appdata\local\temp\ps3ppuld202482\downcraftsprx
c:\users\rstei\appdata\local\temp\ps3ppuld195322\downcraftsprx
c:\users\rstei\appdata\local\temp\ps3ppuld244242\downcraftsprx
c:\users\rstei\appdata\local\temp\ps3ppuld138922\downcraftsprx
c:\users\rstei\appdata\local\temp\ps3ppuld203842\downcraftsprx
c:\users\rstei\appdata\local\temp\ps3ppuld178562\downcraftsprx
c:\users\rstei\appdata\local\temp\ps3ppuld212282\downcraftsprx
c:\users\rstei\appdata\local\temp\ps3ppuld221682\downcraftsprx
c:\users\rstei\appdata\local\temp\ps3ppuld226682\downcraftsprx
c:\users\rstei\appdata\local\temp\ps3ppuld12242\downcraftsprx
c:\users\rstei\appdata\local\temp\ps3ppuld83442\downcraftsprx
c:\users\rstei\appdata\local\temp\ps3ppuld176842\downcraftsprx
c:\users\rstei\appdata\local\temp\ps3ppuld185882\downcraftsprx
c:\users\rstei\appdata\local\temp\ps3ppuld203882\downcraftsprx
c:\users\rstei\appdata\local\temp\ps3ppuld156362\lib.ent.s
c:\users\rstei\appdata\local\temp\ps3ppuld183962\lib.ent.s
c:\users\rstei\appdata\local\temp\ps3ppuld142042\lib.ent.s
c:\users\rstei\appdata\local\temp\ps3ppuld254602\lib.ent.s
c:\users\rstei\appdata\local\temp\ps3ppuld225002\lib.ent.s
c:\users\rstei\appdata\local\temp\ps3ppuld57682\lib.ent.s
c:\users\rstei\appdata\local\temp\ps3ppuld224122\lib.ent.s
c:\users\rstei\appdata\local\temp\ps3ppuld78562\lib.ent.s
c:\users\rstei\appdata\local\temp\ps3ppuld226042\lib.ent.s
c:\users\rstei\appdata\local\temp\ps3ppuld166042\lib.ent.s
c:\users\rstei\appdata\local\temp\ps3ppuld225842\lib.ent.s
c:\users\rstei\appdata\local\temp\ps3ppuld105482\lib.ent.s
c:\users\rstei\appdata\local\temp\ps3ppuld162042\lib.ent.s
c:\users\rstei\appdata\local\temp\ps3ppuld8242\lib.ent.s
c:\users\rstei\appdata\local\temp\ps3ppuld169362\lib.ent.s
c:\users\rstei\appdata\local\temp\ps3ppuld201402\lib.ent.s
c:\users\rstei\appdata\local\temp\ps3ppuld141122\lib.ent.s
c:\users\rstei\appdata\local\temp\ps3ppuld201802\lib.ent.s
c:\users\rstei\appdata\local\temp\ps3ppuld221722\lib.ent.s
c:\users\rstei\appdata\local\temp\ps3ppuld171362\lib.ent.s
c:\users\rstei\appdata\local\temp\ps3ppuld112882\lib.ent.s
c:\users\rstei\appdata\local\temp\ps3ppuld103482\lib.ent.s
c:\users\rstei\appdata\local\temp\ps3ppuld193402\lib.ent.s
c:\users\rstei\appdata\local\temp\ps3ppuld258562\lib.ent.s
c:\users\rstei\appdata\local\temp\ps3ppuld255682\lib.ent.s
c:\users\rstei\appdata\local\temp\ps3ppuld108002\lib.ent.s
c:\users\rstei\appdata\local\temp\ps3ppuld202482\lib.ent.s
c:\users\rstei\appdata\local\temp\ps3ppuld195322\lib.ent.s
c:\users\rstei\appdata\local\temp\ps3ppuld244242\lib.ent.s
c:\users\rstei\appdata\local\temp\ps3ppuld138922\lib.ent.s
c:\users\rstei\appdata\local\temp\ps3ppuld203842\lib.ent.s
c:\users\rstei\appdata\local\temp\ps3ppuld178562\lib.ent.s
c:\users\rstei\appdata\local\temp\ps3ppuld212282\lib.ent.s
c:\users\rstei\appdata\local\temp\ps3ppuld221682\lib.ent.s
c:\users\rstei\appdata\local\temp\ps3ppuld226682\lib.ent.s
c:\users\rstei\appdata\local\temp\ps3ppuld12242\lib.ent.s
c:\users\rstei\appdata\local\temp\ps3ppuld83442\lib.ent.s
c:\users\rstei\appdata\local\temp\ps3ppuld176842\lib.ent.s
c:\users\rstei\appdata\local\temp\ps3ppuld185882\lib.ent.s
c:\users\rstei\appdata\local\temp\ps3ppuld203882\lib.ent.s
c:\users\rstei\desktop\downcraft sprx v4 source base menu\mc\ps3_debug\prx.o
c:\users\rstei\desktop\downcraft sprx v4 source base menu\mc\ps3_debug\downcraftsprx.write.1.tlog
c:\users\rstei\desktop\downcraft sprx v4 source base menu\mc\ps3_debug\downcraftsprx.tlog\ps3ppuld64-make_fself.read.1.tlog
c:\users\rstei\desktop\downcraft sprx v4 source base menu\mc\ps3_debug\downcraftsprx.tlog\ps3ppuld64-make_fself.write.1.tlog
c:\users\rstei\desktop\downcraft sprx v4 source base menu\mc\ps3_debug\downcraftsprx.tlog\ps3ppuld64-ppu-lv2-as.read.1.tlog
c:\users\rstei\desktop\downcraft sprx v4 source base menu\mc\ps3_debug\downcraftsprx.tlog\ps3ppuld64-ppu-lv2-as.write.1.tlog
c:\users\rstei\desktop\downcraft sprx v4 source base menu\mc\ps3_debug\downcraftsprx.tlog\ps3ppuld64-ppu-lv2-prx-fixup.read.1.tlog
c:\users\rstei\desktop\downcraft sprx v4 source base menu\mc\ps3_debug\downcraftsprx.tlog\ps3ppuld64-ppu-lv2-prx-fixup.write.1.tlog
c:\users\rstei\desktop\downcraft sprx v4 source base menu\mc\ps3_debug\downcraftsprx.tlog\ps3ppuld64-ppu-lv2-prx-libgen.read.1.tlog
c:\users\rstei\desktop\downcraft sprx v4 source base menu\mc\ps3_debug\downcraftsprx.tlog\ps3ppuld64-ppu-lv2-prx-libgen.write.1.tlog
c:\users\rstei\desktop\downcraft sprx v4 source base menu\mc\ps3_debug\downcraftsprx.tlog\ps3ppuld64.command.1.tlog
c:\users\rstei\desktop\downcraft sprx v4 source base menu\mc\ps3_debug\downcraftsprx.tlog\ps3ppuld64.read.1.tlog
c:\users\rstei\desktop\downcraft sprx v4 source base menu\mc\ps3_debug\downcraftsprx.tlog\ps3ppuld64.write.1.tlog
c:\users\rstei\desktop\downcraft sprx v4 source base menu\mc\ps3_debug\downcraftsprx.tlog\ps3ppusnc.command.1.tlog
c:\users\rstei\desktop\downcraft sprx v4 source base menu\mc\ps3_debug\downcraftsprx.tlog\ps3ppusnc.read.1.tlog
c:\users\rstei\desktop\downcraft sprx v4 source base menu\mc\ps3_debug\downcraftsprx.tlog\ps3ppusnc.write.1.tlog
