g:\my drive\ps3\source\downcraft source\downcraft sprx source base menu\ps3_debug\cellprx_mc_stub.a
g:\my drive\ps3\source\downcraft source\downcraft sprx source base menu\ps3_debug\mc.sprx
c:\users\misaki\appdata\local\temp\ps3ppuld377762\lib.ent.o
c:\users\misaki\appdata\local\temp\ps3ppuld11322\lib.ent.o
c:\users\misaki\appdata\local\temp\ps3ppuld342202\lib.ent.o
c:\users\misaki\appdata\local\temp\ps3ppuld385802\lib.ent.o
c:\users\misaki\appdata\local\temp\ps3ppuld350162\lib.ent.o
c:\users\misaki\appdata\local\temp\ps3ppuld390282\lib.ent.o
c:\users\misaki\appdata\local\temp\ps3ppuld288482\lib.ent.o
c:\users\misaki\appdata\local\temp\ps3ppuld236322\lib.ent.o
c:\users\misaki\appdata\local\temp\ps3ppuld110682\lib.ent.o
c:\users\misaki\appdata\local\temp\ps3ppuld216282\lib.ent.o
c:\users\misaki\appdata\local\temp\ps3ppuld328322\lib.ent.o
c:\users\misaki\appdata\local\temp\ps3ppuld299242\lib.ent.o
c:\users\misaki\appdata\local\temp\ps3ppuld368402\lib.ent.o
c:\users\misaki\appdata\local\temp\ps3ppuld202202\lib.ent.o
c:\users\misaki\appdata\local\temp\ps3ppuld357962\lib.ent.o
c:\users\misaki\appdata\local\temp\ps3ppuld187562\lib.ent.o
c:\users\misaki\appdata\local\temp\ps3ppuld265282\lib.ent.o
c:\users\misaki\appdata\local\temp\ps3ppuld116242\lib.ent.o
c:\users\misaki\appdata\local\temp\ps3ppuld367122\lib.ent.o
c:\users\misaki\appdata\local\temp\ps3ppuld226922\lib.ent.o
c:\users\misaki\appdata\local\temp\ps3ppuld116402\lib.ent.o
c:\users\misaki\appdata\local\temp\ps3ppuld119482\lib.ent.o
c:\users\misaki\appdata\local\temp\ps3ppuld12882\lib.ent.o
c:\users\misaki\appdata\local\temp\ps3ppuld71962\lib.ent.o
c:\users\misaki\appdata\local\temp\ps3ppuld168282\lib.ent.o
c:\users\misaki\appdata\local\temp\ps3ppuld374002\lib.ent.o
c:\users\misaki\appdata\local\temp\ps3ppuld361642\lib.ent.o
c:\users\misaki\appdata\local\temp\ps3ppuld272082\lib.ent.o
c:\users\misaki\appdata\local\temp\ps3ppuld322762\lib.ent.o
c:\users\misaki\appdata\local\temp\ps3ppuld330842\lib.ent.o
c:\users\misaki\appdata\local\temp\ps3ppuld377282\lib.ent.o
c:\users\misaki\appdata\local\temp\ps3ppuld369602\lib.ent.o
c:\users\misaki\appdata\local\temp\ps3ppuld66602\lib.ent.o
c:\users\misaki\appdata\local\temp\ps3ppuld377762\mc
c:\users\misaki\appdata\local\temp\ps3ppuld11322\mc
c:\users\misaki\appdata\local\temp\ps3ppuld342202\mc
c:\users\misaki\appdata\local\temp\ps3ppuld385802\mc
c:\users\misaki\appdata\local\temp\ps3ppuld350162\mc
c:\users\misaki\appdata\local\temp\ps3ppuld390282\mc
c:\users\misaki\appdata\local\temp\ps3ppuld288482\mc
c:\users\misaki\appdata\local\temp\ps3ppuld236322\mc
c:\users\misaki\appdata\local\temp\ps3ppuld110682\mc
c:\users\misaki\appdata\local\temp\ps3ppuld216282\mc
c:\users\misaki\appdata\local\temp\ps3ppuld328322\mc
c:\users\misaki\appdata\local\temp\ps3ppuld299242\mc
c:\users\misaki\appdata\local\temp\ps3ppuld368402\mc
c:\users\misaki\appdata\local\temp\ps3ppuld202202\mc
c:\users\misaki\appdata\local\temp\ps3ppuld357962\mc
c:\users\misaki\appdata\local\temp\ps3ppuld187562\mc
c:\users\misaki\appdata\local\temp\ps3ppuld265282\mc
c:\users\misaki\appdata\local\temp\ps3ppuld116242\mc
c:\users\misaki\appdata\local\temp\ps3ppuld367122\mc
c:\users\misaki\appdata\local\temp\ps3ppuld226922\mc
c:\users\misaki\appdata\local\temp\ps3ppuld116402\mc
c:\users\misaki\appdata\local\temp\ps3ppuld119482\mc
c:\users\misaki\appdata\local\temp\ps3ppuld12882\mc
c:\users\misaki\appdata\local\temp\ps3ppuld71962\mc
c:\users\misaki\appdata\local\temp\ps3ppuld168282\mc
c:\users\misaki\appdata\local\temp\ps3ppuld374002\mc
c:\users\misaki\appdata\local\temp\ps3ppuld361642\mc
c:\users\misaki\appdata\local\temp\ps3ppuld272082\mc
c:\users\misaki\appdata\local\temp\ps3ppuld322762\mc
c:\users\misaki\appdata\local\temp\ps3ppuld330842\mc
c:\users\misaki\appdata\local\temp\ps3ppuld377282\mc
c:\users\misaki\appdata\local\temp\ps3ppuld369602\mc
c:\users\misaki\appdata\local\temp\ps3ppuld66602\mc
c:\users\misaki\appdata\local\temp\ps3ppuld377762\lib.ent.s
c:\users\misaki\appdata\local\temp\ps3ppuld11322\lib.ent.s
c:\users\misaki\appdata\local\temp\ps3ppuld342202\lib.ent.s
c:\users\misaki\appdata\local\temp\ps3ppuld385802\lib.ent.s
c:\users\misaki\appdata\local\temp\ps3ppuld350162\lib.ent.s
c:\users\misaki\appdata\local\temp\ps3ppuld390282\lib.ent.s
c:\users\misaki\appdata\local\temp\ps3ppuld288482\lib.ent.s
c:\users\misaki\appdata\local\temp\ps3ppuld236322\lib.ent.s
c:\users\misaki\appdata\local\temp\ps3ppuld110682\lib.ent.s
c:\users\misaki\appdata\local\temp\ps3ppuld216282\lib.ent.s
c:\users\misaki\appdata\local\temp\ps3ppuld328322\lib.ent.s
c:\users\misaki\appdata\local\temp\ps3ppuld299242\lib.ent.s
c:\users\misaki\appdata\local\temp\ps3ppuld368402\lib.ent.s
c:\users\misaki\appdata\local\temp\ps3ppuld202202\lib.ent.s
c:\users\misaki\appdata\local\temp\ps3ppuld357962\lib.ent.s
c:\users\misaki\appdata\local\temp\ps3ppuld187562\lib.ent.s
c:\users\misaki\appdata\local\temp\ps3ppuld265282\lib.ent.s
c:\users\misaki\appdata\local\temp\ps3ppuld116242\lib.ent.s
c:\users\misaki\appdata\local\temp\ps3ppuld367122\lib.ent.s
c:\users\misaki\appdata\local\temp\ps3ppuld226922\lib.ent.s
c:\users\misaki\appdata\local\temp\ps3ppuld116402\lib.ent.s
c:\users\misaki\appdata\local\temp\ps3ppuld119482\lib.ent.s
c:\users\misaki\appdata\local\temp\ps3ppuld12882\lib.ent.s
c:\users\misaki\appdata\local\temp\ps3ppuld71962\lib.ent.s
c:\users\misaki\appdata\local\temp\ps3ppuld168282\lib.ent.s
c:\users\misaki\appdata\local\temp\ps3ppuld374002\lib.ent.s
c:\users\misaki\appdata\local\temp\ps3ppuld361642\lib.ent.s
c:\users\misaki\appdata\local\temp\ps3ppuld272082\lib.ent.s
c:\users\misaki\appdata\local\temp\ps3ppuld322762\lib.ent.s
c:\users\misaki\appdata\local\temp\ps3ppuld330842\lib.ent.s
c:\users\misaki\appdata\local\temp\ps3ppuld377282\lib.ent.s
c:\users\misaki\appdata\local\temp\ps3ppuld369602\lib.ent.s
c:\users\misaki\appdata\local\temp\ps3ppuld66602\lib.ent.s
g:\my drive\ps3\source\downcraft source\downcraft sprx source base menu\mc\ps3_debug\prx.o
g:\my drive\ps3\source\downcraft source\downcraft sprx source base menu\mc\ps3_debug\mc.write.1.tlog
g:\my drive\ps3\source\downcraft source\downcraft sprx source base menu\mc\ps3_debug\mc.tlog\ps3ppuld64-make_fself.read.1.tlog
g:\my drive\ps3\source\downcraft source\downcraft sprx source base menu\mc\ps3_debug\mc.tlog\ps3ppuld64-make_fself.write.1.tlog
g:\my drive\ps3\source\downcraft source\downcraft sprx source base menu\mc\ps3_debug\mc.tlog\ps3ppuld64-ppu-lv2-as.read.1.tlog
g:\my drive\ps3\source\downcraft source\downcraft sprx source base menu\mc\ps3_debug\mc.tlog\ps3ppuld64-ppu-lv2-as.write.1.tlog
g:\my drive\ps3\source\downcraft source\downcraft sprx source base menu\mc\ps3_debug\mc.tlog\ps3ppuld64-ppu-lv2-prx-fixup.read.1.tlog
g:\my drive\ps3\source\downcraft source\downcraft sprx source base menu\mc\ps3_debug\mc.tlog\ps3ppuld64-ppu-lv2-prx-fixup.write.1.tlog
g:\my drive\ps3\source\downcraft source\downcraft sprx source base menu\mc\ps3_debug\mc.tlog\ps3ppuld64-ppu-lv2-prx-libgen.read.1.tlog
g:\my drive\ps3\source\downcraft source\downcraft sprx source base menu\mc\ps3_debug\mc.tlog\ps3ppuld64-ppu-lv2-prx-libgen.write.1.tlog
g:\my drive\ps3\source\downcraft source\downcraft sprx source base menu\mc\ps3_debug\mc.tlog\ps3ppuld64.command.1.tlog
g:\my drive\ps3\source\downcraft source\downcraft sprx source base menu\mc\ps3_debug\mc.tlog\ps3ppuld64.read.1.tlog
g:\my drive\ps3\source\downcraft source\downcraft sprx source base menu\mc\ps3_debug\mc.tlog\ps3ppuld64.write.1.tlog
g:\my drive\ps3\source\downcraft source\downcraft sprx source base menu\mc\ps3_debug\mc.tlog\ps3ppusnc.command.1.tlog
g:\my drive\ps3\source\downcraft source\downcraft sprx source base menu\mc\ps3_debug\mc.tlog\ps3ppusnc.read.1.tlog
g:\my drive\ps3\source\downcraft source\downcraft sprx source base menu\mc\ps3_debug\mc.tlog\ps3ppusnc.write.1.tlog
