c:\users\mayhem\desktop\modcraft_promo\ps3_debug\cellprx_modcraft_promo_stub.a
c:\users\mayhem\documents\visual studio 2010\projects\modcraft_promo\ps3_debug\modcraft_promo.sprx
c:\users\mayhem\desktop\modcraft_promo\ps3_debug\modcraft_promo.sprx
c:\users\mayhem\appdata\local\temp\ps3ppuld58482\lib.ent.o
c:\users\mayhem\appdata\local\temp\ps3ppuld44562\lib.ent.o
c:\users\mayhem\appdata\local\temp\ps3ppuld108642\lib.ent.o
c:\users\mayhem\appdata\local\temp\ps3ppuld48882\lib.ent.o
c:\users\mayhem\appdata\local\temp\ps3ppuld116882\lib.ent.o
c:\users\mayhem\appdata\local\temp\ps3ppuld95642\lib.ent.o
c:\users\mayhem\appdata\local\temp\ps3ppuld127922\lib.ent.o
c:\users\mayhem\appdata\local\temp\ps3ppuld32922\lib.ent.o
c:\users\mayhem\appdata\local\temp\ps3ppuld114882\lib.ent.o
c:\users\mayhem\appdata\local\temp\ps3ppuld112122\lib.ent.o
c:\users\mayhem\appdata\local\temp\ps3ppuld107482\lib.ent.o
c:\users\mayhem\appdata\local\temp\ps3ppuld52882\lib.ent.o
c:\users\mayhem\appdata\local\temp\ps3ppuld82562\lib.ent.o
c:\users\mayhem\appdata\local\temp\ps3ppuld7842\lib.ent.o
c:\users\mayhem\appdata\local\temp\ps3ppuld113762\lib.ent.o
c:\users\mayhem\appdata\local\temp\ps3ppuld47922\lib.ent.o
c:\users\mayhem\appdata\local\temp\ps3ppuld110042\lib.ent.o
c:\users\mayhem\appdata\local\temp\ps3ppuld80482\lib.ent.o
c:\users\mayhem\appdata\local\temp\ps3ppuld43082\lib.ent.o
c:\users\mayhem\appdata\local\temp\ps3ppuld109722\lib.ent.o
c:\users\mayhem\appdata\local\temp\ps3ppuld132642\lib.ent.o
c:\users\mayhem\appdata\local\temp\ps3ppuld32962\lib.ent.o
c:\users\mayhem\appdata\local\temp\ps3ppuld106882\lib.ent.o
c:\users\mayhem\appdata\local\temp\ps3ppuld119362\lib.ent.o
c:\users\mayhem\appdata\local\temp\ps3ppuld11362\lib.ent.o
c:\users\mayhem\appdata\local\temp\ps3ppuld128002\lib.ent.o
c:\users\mayhem\appdata\local\temp\ps3ppuld98682\lib.ent.o
c:\users\mayhem\appdata\local\temp\ps3ppuld93322\lib.ent.o
c:\users\mayhem\appdata\local\temp\ps3ppuld125482\lib.ent.o
c:\users\mayhem\appdata\local\temp\ps3ppuld80322\lib.ent.o
c:\users\mayhem\appdata\local\temp\ps3ppuld45122\lib.ent.o
c:\users\mayhem\appdata\local\temp\ps3ppuld72242\lib.ent.o
c:\users\mayhem\appdata\local\temp\ps3ppuld114042\lib.ent.o
c:\users\mayhem\appdata\local\temp\ps3ppuld7482\lib.ent.o
c:\users\mayhem\appdata\local\temp\ps3ppuld18842\lib.ent.o
c:\users\mayhem\appdata\local\temp\ps3ppuld21722\lib.ent.o
c:\users\mayhem\appdata\local\temp\ps3ppuld76842\lib.ent.o
c:\users\mayhem\appdata\local\temp\ps3ppuld62322\lib.ent.o
c:\users\mayhem\appdata\local\temp\ps3ppuld9882\lib.ent.o
c:\users\mayhem\appdata\local\temp\ps3ppuld126482\lib.ent.o
c:\users\mayhem\appdata\local\temp\ps3ppuld104282\lib.ent.o
c:\users\mayhem\appdata\local\temp\ps3ppuld67962\lib.ent.o
c:\users\mayhem\appdata\local\temp\ps3ppuld110682\lib.ent.o
c:\users\mayhem\appdata\local\temp\ps3ppuld79722\lib.ent.o
c:\users\mayhem\appdata\local\temp\ps3ppuld48562\lib.ent.o
c:\users\mayhem\appdata\local\temp\ps3ppuld59642\lib.ent.o
c:\users\mayhem\appdata\local\temp\ps3ppuld5162\lib.ent.o
c:\users\mayhem\appdata\local\temp\ps3ppuld13602\lib.ent.o
c:\users\mayhem\appdata\local\temp\ps3ppuld108722\lib.ent.o
c:\users\mayhem\appdata\local\temp\ps3ppuld63162\lib.ent.o
c:\users\mayhem\appdata\local\temp\ps3ppuld8762\lib.ent.o
c:\users\mayhem\appdata\local\temp\ps3ppuld9242\lib.ent.o
c:\users\mayhem\appdata\local\temp\ps3ppuld129402\lib.ent.o
c:\users\mayhem\appdata\local\temp\ps3ppuld23802\lib.ent.o
c:\users\mayhem\appdata\local\temp\ps3ppuld133722\lib.ent.o
c:\users\mayhem\appdata\local\temp\ps3ppuld137962\lib.ent.o
c:\users\mayhem\appdata\local\temp\ps3ppuld35522\lib.ent.o
c:\users\mayhem\appdata\local\temp\ps3ppuld136362\lib.ent.o
c:\users\mayhem\appdata\local\temp\ps3ppuld65162\lib.ent.o
c:\users\mayhem\appdata\local\temp\ps3ppuld139282\lib.ent.o
c:\users\mayhem\appdata\local\temp\ps3ppuld65202\lib.ent.o
c:\users\mayhem\appdata\local\temp\ps3ppuld133522\lib.ent.o
c:\users\mayhem\appdata\local\temp\ps3ppuld124002\lib.ent.o
c:\users\mayhem\appdata\local\temp\ps3ppuld142322\lib.ent.o
c:\users\mayhem\appdata\local\temp\ps3ppuld108962\lib.ent.o
c:\users\mayhem\appdata\local\temp\ps3ppuld97762\lib.ent.o
c:\users\mayhem\appdata\local\temp\ps3ppuld94882\lib.ent.o
c:\users\mayhem\appdata\local\temp\ps3ppuld25402\lib.ent.o
c:\users\mayhem\appdata\local\temp\ps3ppuld77762\lib.ent.o
c:\users\mayhem\appdata\local\temp\ps3ppuld101122\lib.ent.o
c:\users\mayhem\appdata\local\temp\ps3ppuld105682\lib.ent.o
c:\users\mayhem\appdata\local\temp\ps3ppuld139482\lib.ent.o
c:\users\mayhem\appdata\local\temp\ps3ppuld82362\lib.ent.o
c:\users\mayhem\appdata\local\temp\ps3ppuld51122\lib.ent.o
c:\users\mayhem\appdata\local\temp\ps3ppuld122722\lib.ent.o
c:\users\mayhem\appdata\local\temp\ps3ppuld122202\lib.ent.o
c:\users\mayhem\appdata\local\temp\ps3ppuld93762\lib.ent.o
c:\users\mayhem\appdata\local\temp\ps3ppuld23602\lib.ent.o
c:\users\mayhem\appdata\local\temp\ps3ppuld108602\lib.ent.o
c:\users\mayhem\appdata\local\temp\ps3ppuld105602\lib.ent.o
c:\users\mayhem\appdata\local\temp\ps3ppuld130442\lib.ent.o
c:\users\mayhem\appdata\local\temp\ps3ppuld67122\lib.ent.o
c:\users\mayhem\appdata\local\temp\ps3ppuld36242\lib.ent.o
c:\users\mayhem\appdata\local\temp\ps3ppuld36722\lib.ent.o
c:\users\mayhem\appdata\local\temp\ps3ppuld26802\lib.ent.o
c:\users\mayhem\appdata\local\temp\ps3ppuld21442\lib.ent.o
c:\users\mayhem\appdata\local\temp\ps3ppuld135282\lib.ent.o
c:\users\mayhem\appdata\local\temp\ps3ppuld136242\lib.ent.o
c:\users\mayhem\appdata\local\temp\ps3ppuld120162\lib.ent.o
c:\users\mayhem\appdata\local\temp\ps3ppuld102842\lib.ent.o
c:\users\mayhem\appdata\local\temp\ps3ppuld128322\lib.ent.o
c:\users\mayhem\appdata\local\temp\ps3ppuld21522\lib.ent.o
c:\users\mayhem\appdata\local\temp\ps3ppuld141322\lib.ent.o
c:\users\mayhem\appdata\local\temp\ps3ppuld121242\lib.ent.o
c:\users\mayhem\appdata\local\temp\ps3ppuld72522\lib.ent.o
c:\users\mayhem\appdata\local\temp\ps3ppuld58482\modcraft_promo
c:\users\mayhem\appdata\local\temp\ps3ppuld44562\modcraft_promo
c:\users\mayhem\appdata\local\temp\ps3ppuld108642\modcraft_promo
c:\users\mayhem\appdata\local\temp\ps3ppuld48882\modcraft_promo
c:\users\mayhem\appdata\local\temp\ps3ppuld116882\modcraft_promo
c:\users\mayhem\appdata\local\temp\ps3ppuld95642\modcraft_promo
c:\users\mayhem\appdata\local\temp\ps3ppuld127922\modcraft_promo
c:\users\mayhem\appdata\local\temp\ps3ppuld32922\modcraft_promo
c:\users\mayhem\appdata\local\temp\ps3ppuld114882\modcraft_promo
c:\users\mayhem\appdata\local\temp\ps3ppuld112122\modcraft_promo
c:\users\mayhem\appdata\local\temp\ps3ppuld107482\modcraft_promo
c:\users\mayhem\appdata\local\temp\ps3ppuld52882\modcraft_promo
c:\users\mayhem\appdata\local\temp\ps3ppuld82562\modcraft_promo
c:\users\mayhem\appdata\local\temp\ps3ppuld7842\modcraft_promo
c:\users\mayhem\appdata\local\temp\ps3ppuld113762\modcraft_promo
c:\users\mayhem\appdata\local\temp\ps3ppuld47922\modcraft_promo
c:\users\mayhem\appdata\local\temp\ps3ppuld110042\modcraft_promo
c:\users\mayhem\appdata\local\temp\ps3ppuld80482\modcraft_promo
c:\users\mayhem\appdata\local\temp\ps3ppuld43082\modcraft_promo
c:\users\mayhem\appdata\local\temp\ps3ppuld109722\modcraft_promo
c:\users\mayhem\appdata\local\temp\ps3ppuld132642\modcraft_promo
c:\users\mayhem\appdata\local\temp\ps3ppuld32962\modcraft_promo
c:\users\mayhem\appdata\local\temp\ps3ppuld106882\modcraft_promo
c:\users\mayhem\appdata\local\temp\ps3ppuld119362\modcraft_promo
c:\users\mayhem\appdata\local\temp\ps3ppuld11362\modcraft_promo
c:\users\mayhem\appdata\local\temp\ps3ppuld128002\modcraft_promo
c:\users\mayhem\appdata\local\temp\ps3ppuld98682\modcraft_promo
c:\users\mayhem\appdata\local\temp\ps3ppuld93322\modcraft_promo
c:\users\mayhem\appdata\local\temp\ps3ppuld125482\modcraft_promo
c:\users\mayhem\appdata\local\temp\ps3ppuld80322\modcraft_promo
c:\users\mayhem\appdata\local\temp\ps3ppuld45122\modcraft_promo
c:\users\mayhem\appdata\local\temp\ps3ppuld72242\modcraft_promo
c:\users\mayhem\appdata\local\temp\ps3ppuld114042\modcraft_promo
c:\users\mayhem\appdata\local\temp\ps3ppuld7482\modcraft_promo
c:\users\mayhem\appdata\local\temp\ps3ppuld18842\modcraft_promo
c:\users\mayhem\appdata\local\temp\ps3ppuld21722\modcraft_promo
c:\users\mayhem\appdata\local\temp\ps3ppuld76842\modcraft_promo
c:\users\mayhem\appdata\local\temp\ps3ppuld62322\modcraft_promo
c:\users\mayhem\appdata\local\temp\ps3ppuld9882\modcraft_promo
c:\users\mayhem\appdata\local\temp\ps3ppuld126482\modcraft_promo
c:\users\mayhem\appdata\local\temp\ps3ppuld104282\modcraft_promo
c:\users\mayhem\appdata\local\temp\ps3ppuld67962\modcraft_promo
c:\users\mayhem\appdata\local\temp\ps3ppuld110682\modcraft_promo
c:\users\mayhem\appdata\local\temp\ps3ppuld79722\modcraft_promo
c:\users\mayhem\appdata\local\temp\ps3ppuld48562\modcraft_promo
c:\users\mayhem\appdata\local\temp\ps3ppuld59642\modcraft_promo
c:\users\mayhem\appdata\local\temp\ps3ppuld5162\modcraft_promo
c:\users\mayhem\appdata\local\temp\ps3ppuld13602\modcraft_promo
c:\users\mayhem\appdata\local\temp\ps3ppuld108722\modcraft_promo
c:\users\mayhem\appdata\local\temp\ps3ppuld63162\modcraft_promo
c:\users\mayhem\appdata\local\temp\ps3ppuld8762\modcraft_promo
c:\users\mayhem\appdata\local\temp\ps3ppuld9242\modcraft_promo
c:\users\mayhem\appdata\local\temp\ps3ppuld129402\modcraft_promo
c:\users\mayhem\appdata\local\temp\ps3ppuld23802\modcraft_promo
c:\users\mayhem\appdata\local\temp\ps3ppuld136362\modcraft_promo
c:\users\mayhem\appdata\local\temp\ps3ppuld65162\modcraft_promo
c:\users\mayhem\appdata\local\temp\ps3ppuld139282\modcraft_promo
c:\users\mayhem\appdata\local\temp\ps3ppuld65202\modcraft_promo
c:\users\mayhem\appdata\local\temp\ps3ppuld133522\modcraft_promo
c:\users\mayhem\appdata\local\temp\ps3ppuld124002\modcraft_promo
c:\users\mayhem\appdata\local\temp\ps3ppuld142322\modcraft_promo
c:\users\mayhem\appdata\local\temp\ps3ppuld108962\modcraft_promo
c:\users\mayhem\appdata\local\temp\ps3ppuld97762\modcraft_promo
c:\users\mayhem\appdata\local\temp\ps3ppuld94882\modcraft_promo
c:\users\mayhem\appdata\local\temp\ps3ppuld25402\modcraft_promo
c:\users\mayhem\appdata\local\temp\ps3ppuld77762\modcraft_promo
c:\users\mayhem\appdata\local\temp\ps3ppuld101122\modcraft_promo
c:\users\mayhem\appdata\local\temp\ps3ppuld105682\modcraft_promo
c:\users\mayhem\appdata\local\temp\ps3ppuld139482\modcraft_promo
c:\users\mayhem\appdata\local\temp\ps3ppuld82362\modcraft_promo
c:\users\mayhem\appdata\local\temp\ps3ppuld51122\modcraft_promo
c:\users\mayhem\appdata\local\temp\ps3ppuld122722\modcraft_promo
c:\users\mayhem\appdata\local\temp\ps3ppuld122202\modcraft_promo
c:\users\mayhem\appdata\local\temp\ps3ppuld93762\modcraft_promo
c:\users\mayhem\appdata\local\temp\ps3ppuld23602\modcraft_promo
c:\users\mayhem\appdata\local\temp\ps3ppuld108602\modcraft_promo
c:\users\mayhem\appdata\local\temp\ps3ppuld105602\modcraft_promo
c:\users\mayhem\appdata\local\temp\ps3ppuld130442\modcraft_promo
c:\users\mayhem\appdata\local\temp\ps3ppuld67122\modcraft_promo
c:\users\mayhem\appdata\local\temp\ps3ppuld36242\modcraft_promo
c:\users\mayhem\appdata\local\temp\ps3ppuld36722\modcraft_promo
c:\users\mayhem\appdata\local\temp\ps3ppuld26802\modcraft_promo
c:\users\mayhem\appdata\local\temp\ps3ppuld21442\modcraft_promo
c:\users\mayhem\appdata\local\temp\ps3ppuld135282\modcraft_promo
c:\users\mayhem\appdata\local\temp\ps3ppuld136242\modcraft_promo
c:\users\mayhem\appdata\local\temp\ps3ppuld120162\modcraft_promo
c:\users\mayhem\appdata\local\temp\ps3ppuld102842\modcraft_promo
c:\users\mayhem\appdata\local\temp\ps3ppuld128322\modcraft_promo
c:\users\mayhem\appdata\local\temp\ps3ppuld21522\modcraft_promo
c:\users\mayhem\appdata\local\temp\ps3ppuld141322\modcraft_promo
c:\users\mayhem\appdata\local\temp\ps3ppuld121242\modcraft_promo
c:\users\mayhem\appdata\local\temp\ps3ppuld72522\modcraft_promo
c:\users\mayhem\documents\visual studio 2010\projects\modcraft_promo\modcraft_promo\ps3_debug\prx.o
c:\users\mayhem\desktop\modcraft_promo\modcraft_promo\ps3_debug\prx.o
c:\users\mayhem\desktop\modcraft_promo\modcraft_promo\ps3_debug\modcraft_promo.write.1.tlog
c:\users\mayhem\desktop\modcraft_promo\modcraft_promo\ps3_debug\ps3ppuld32-make_fself.read.1.tlog
c:\users\mayhem\desktop\modcraft_promo\modcraft_promo\ps3_debug\ps3ppuld32-make_fself.write.1.tlog
c:\users\mayhem\desktop\modcraft_promo\modcraft_promo\ps3_debug\ps3ppuld32-ppu-lv2-as.read.1.tlog
c:\users\mayhem\desktop\modcraft_promo\modcraft_promo\ps3_debug\ps3ppuld32-ppu-lv2-as.write.1.tlog
c:\users\mayhem\desktop\modcraft_promo\modcraft_promo\ps3_debug\ps3ppuld32-ppu-lv2-prx-fixup.read.1.tlog
c:\users\mayhem\desktop\modcraft_promo\modcraft_promo\ps3_debug\ps3ppuld32-ppu-lv2-prx-fixup.write.1.tlog
c:\users\mayhem\desktop\modcraft_promo\modcraft_promo\ps3_debug\ps3ppuld32-ppu-lv2-prx-libgen.read.1.tlog
c:\users\mayhem\desktop\modcraft_promo\modcraft_promo\ps3_debug\ps3ppuld32.10380.read.1.tlog
c:\users\mayhem\desktop\modcraft_promo\modcraft_promo\ps3_debug\ps3ppuld32.10380.write.1.tlog
c:\users\mayhem\desktop\modcraft_promo\modcraft_promo\ps3_debug\ps3ppuld32.10384.read.1.tlog
c:\users\mayhem\desktop\modcraft_promo\modcraft_promo\ps3_debug\ps3ppuld32.10384.write.1.tlog
c:\users\mayhem\desktop\modcraft_promo\modcraft_promo\ps3_debug\ps3ppuld32.1060.read.1.tlog
c:\users\mayhem\desktop\modcraft_promo\modcraft_promo\ps3_debug\ps3ppuld32.1060.write.1.tlog
c:\users\mayhem\desktop\modcraft_promo\modcraft_promo\ps3_debug\ps3ppuld32.10612.read.1.tlog
c:\users\mayhem\desktop\modcraft_promo\modcraft_promo\ps3_debug\ps3ppuld32.10612.write.1.tlog
c:\users\mayhem\desktop\modcraft_promo\modcraft_promo\ps3_debug\ps3ppuld32.10620.read.1.tlog
c:\users\mayhem\desktop\modcraft_promo\modcraft_promo\ps3_debug\ps3ppuld32.10620.write.1.tlog
c:\users\mayhem\desktop\modcraft_promo\modcraft_promo\ps3_debug\ps3ppuld32.108.read.1.tlog
c:\users\mayhem\desktop\modcraft_promo\modcraft_promo\ps3_debug\ps3ppuld32.108.write.1.tlog
c:\users\mayhem\desktop\modcraft_promo\modcraft_promo\ps3_debug\ps3ppuld32.10840.read.1.tlog
c:\users\mayhem\desktop\modcraft_promo\modcraft_promo\ps3_debug\ps3ppuld32.10840.write.1.tlog
c:\users\mayhem\desktop\modcraft_promo\modcraft_promo\ps3_debug\ps3ppuld32.10856.read.1.tlog
c:\users\mayhem\desktop\modcraft_promo\modcraft_promo\ps3_debug\ps3ppuld32.10856.write.1.tlog
c:\users\mayhem\desktop\modcraft_promo\modcraft_promo\ps3_debug\ps3ppuld32.11076.read.1.tlog
c:\users\mayhem\desktop\modcraft_promo\modcraft_promo\ps3_debug\ps3ppuld32.11076.write.1.tlog
c:\users\mayhem\desktop\modcraft_promo\modcraft_promo\ps3_debug\ps3ppuld32.11192.read.1.tlog
c:\users\mayhem\desktop\modcraft_promo\modcraft_promo\ps3_debug\ps3ppuld32.11192.write.1.tlog
c:\users\mayhem\desktop\modcraft_promo\modcraft_promo\ps3_debug\ps3ppuld32.11252.read.1.tlog
c:\users\mayhem\desktop\modcraft_promo\modcraft_promo\ps3_debug\ps3ppuld32.11252.write.1.tlog
c:\users\mayhem\desktop\modcraft_promo\modcraft_promo\ps3_debug\ps3ppuld32.11480.read.1.tlog
c:\users\mayhem\desktop\modcraft_promo\modcraft_promo\ps3_debug\ps3ppuld32.11480.write.1.tlog
c:\users\mayhem\desktop\modcraft_promo\modcraft_promo\ps3_debug\ps3ppuld32.11616.read.1.tlog
c:\users\mayhem\desktop\modcraft_promo\modcraft_promo\ps3_debug\ps3ppuld32.11616.write.1.tlog
c:\users\mayhem\desktop\modcraft_promo\modcraft_promo\ps3_debug\ps3ppuld32.11648.read.1.tlog
c:\users\mayhem\desktop\modcraft_promo\modcraft_promo\ps3_debug\ps3ppuld32.11648.write.1.tlog
c:\users\mayhem\desktop\modcraft_promo\modcraft_promo\ps3_debug\ps3ppuld32.11680.read.1.tlog
c:\users\mayhem\desktop\modcraft_promo\modcraft_promo\ps3_debug\ps3ppuld32.11680.write.1.tlog
c:\users\mayhem\desktop\modcraft_promo\modcraft_promo\ps3_debug\ps3ppuld32.11944.read.1.tlog
c:\users\mayhem\desktop\modcraft_promo\modcraft_promo\ps3_debug\ps3ppuld32.11944.write.1.tlog
c:\users\mayhem\desktop\modcraft_promo\modcraft_promo\ps3_debug\ps3ppuld32.1204.read.1.tlog
c:\users\mayhem\desktop\modcraft_promo\modcraft_promo\ps3_debug\ps3ppuld32.1204.write.1.tlog
c:\users\mayhem\desktop\modcraft_promo\modcraft_promo\ps3_debug\ps3ppuld32.12136.read.1.tlog
c:\users\mayhem\desktop\modcraft_promo\modcraft_promo\ps3_debug\ps3ppuld32.12136.write.1.tlog
c:\users\mayhem\desktop\modcraft_promo\modcraft_promo\ps3_debug\ps3ppuld32.12316.read.1.tlog
c:\users\mayhem\desktop\modcraft_promo\modcraft_promo\ps3_debug\ps3ppuld32.12316.write.1.tlog
c:\users\mayhem\desktop\modcraft_promo\modcraft_promo\ps3_debug\ps3ppuld32.1264.read.1.tlog
c:\users\mayhem\desktop\modcraft_promo\modcraft_promo\ps3_debug\ps3ppuld32.1264.write.1.tlog
c:\users\mayhem\desktop\modcraft_promo\modcraft_promo\ps3_debug\ps3ppuld32.12672.read.1.tlog
c:\users\mayhem\desktop\modcraft_promo\modcraft_promo\ps3_debug\ps3ppuld32.12672.write.1.tlog
c:\users\mayhem\desktop\modcraft_promo\modcraft_promo\ps3_debug\ps3ppuld32.12728.read.1.tlog
c:\users\mayhem\desktop\modcraft_promo\modcraft_promo\ps3_debug\ps3ppuld32.12728.write.1.tlog
c:\users\mayhem\desktop\modcraft_promo\modcraft_promo\ps3_debug\ps3ppuld32.12736.read.1.tlog
c:\users\mayhem\desktop\modcraft_promo\modcraft_promo\ps3_debug\ps3ppuld32.12736.write.1.tlog
c:\users\mayhem\desktop\modcraft_promo\modcraft_promo\ps3_debug\ps3ppuld32.12980.read.1.tlog
c:\users\mayhem\desktop\modcraft_promo\modcraft_promo\ps3_debug\ps3ppuld32.12980.write.1.tlog
c:\users\mayhem\desktop\modcraft_promo\modcraft_promo\ps3_debug\ps3ppuld32.13072.read.1.tlog
c:\users\mayhem\desktop\modcraft_promo\modcraft_promo\ps3_debug\ps3ppuld32.13072.write.1.tlog
c:\users\mayhem\desktop\modcraft_promo\modcraft_promo\ps3_debug\ps3ppuld32.13148.read.1.tlog
c:\users\mayhem\desktop\modcraft_promo\modcraft_promo\ps3_debug\ps3ppuld32.13148.write.1.tlog
c:\users\mayhem\desktop\modcraft_promo\modcraft_promo\ps3_debug\ps3ppuld32.13256.read.1.tlog
c:\users\mayhem\desktop\modcraft_promo\modcraft_promo\ps3_debug\ps3ppuld32.13256.write.1.tlog
c:\users\mayhem\desktop\modcraft_promo\modcraft_promo\ps3_debug\ps3ppuld32.13352.read.1.tlog
c:\users\mayhem\desktop\modcraft_promo\modcraft_promo\ps3_debug\ps3ppuld32.13352.write.1.tlog
c:\users\mayhem\desktop\modcraft_promo\modcraft_promo\ps3_debug\ps3ppuld32.13608.read.1.tlog
c:\users\mayhem\desktop\modcraft_promo\modcraft_promo\ps3_debug\ps3ppuld32.13608.write.1.tlog
c:\users\mayhem\desktop\modcraft_promo\modcraft_promo\ps3_debug\ps3ppuld32.13880.read.1.tlog
c:\users\mayhem\desktop\modcraft_promo\modcraft_promo\ps3_debug\ps3ppuld32.13880.write.1.tlog
c:\users\mayhem\desktop\modcraft_promo\modcraft_promo\ps3_debug\ps3ppuld32.14128.read.1.tlog
c:\users\mayhem\desktop\modcraft_promo\modcraft_promo\ps3_debug\ps3ppuld32.14128.write.1.tlog
c:\users\mayhem\desktop\modcraft_promo\modcraft_promo\ps3_debug\ps3ppuld32.1712.read.1.tlog
c:\users\mayhem\desktop\modcraft_promo\modcraft_promo\ps3_debug\ps3ppuld32.1712.write.1.tlog
c:\users\mayhem\desktop\modcraft_promo\modcraft_promo\ps3_debug\ps3ppuld32.1852.read.1.tlog
c:\users\mayhem\desktop\modcraft_promo\modcraft_promo\ps3_debug\ps3ppuld32.1852.write.1.tlog
c:\users\mayhem\desktop\modcraft_promo\modcraft_promo\ps3_debug\ps3ppuld32.1916.read.1.tlog
c:\users\mayhem\desktop\modcraft_promo\modcraft_promo\ps3_debug\ps3ppuld32.1916.write.1.tlog
c:\users\mayhem\desktop\modcraft_promo\modcraft_promo\ps3_debug\ps3ppuld32.2140.read.1.tlog
c:\users\mayhem\desktop\modcraft_promo\modcraft_promo\ps3_debug\ps3ppuld32.2140.write.1.tlog
c:\users\mayhem\desktop\modcraft_promo\modcraft_promo\ps3_debug\ps3ppuld32.2144.read.1.tlog
c:\users\mayhem\desktop\modcraft_promo\modcraft_promo\ps3_debug\ps3ppuld32.2144.write.1.tlog
c:\users\mayhem\desktop\modcraft_promo\modcraft_promo\ps3_debug\ps3ppuld32.2216.read.1.tlog
c:\users\mayhem\desktop\modcraft_promo\modcraft_promo\ps3_debug\ps3ppuld32.2216.write.1.tlog
c:\users\mayhem\desktop\modcraft_promo\modcraft_promo\ps3_debug\ps3ppuld32.2220.read.1.tlog
c:\users\mayhem\desktop\modcraft_promo\modcraft_promo\ps3_debug\ps3ppuld32.2220.write.1.tlog
c:\users\mayhem\desktop\modcraft_promo\modcraft_promo\ps3_debug\ps3ppuld32.2432.read.1.tlog
c:\users\mayhem\desktop\modcraft_promo\modcraft_promo\ps3_debug\ps3ppuld32.2432.write.1.tlog
c:\users\mayhem\desktop\modcraft_promo\modcraft_promo\ps3_debug\ps3ppuld32.2808.read.1.tlog
c:\users\mayhem\desktop\modcraft_promo\modcraft_promo\ps3_debug\ps3ppuld32.2808.write.1.tlog
c:\users\mayhem\desktop\modcraft_promo\modcraft_promo\ps3_debug\ps3ppuld32.2836.read.1.tlog
c:\users\mayhem\desktop\modcraft_promo\modcraft_promo\ps3_debug\ps3ppuld32.2836.write.1.tlog
c:\users\mayhem\desktop\modcraft_promo\modcraft_promo\ps3_debug\ps3ppuld32.3428.read.1.tlog
c:\users\mayhem\desktop\modcraft_promo\modcraft_promo\ps3_debug\ps3ppuld32.3428.write.1.tlog
c:\users\mayhem\desktop\modcraft_promo\modcraft_promo\ps3_debug\ps3ppuld32.3504.read.1.tlog
c:\users\mayhem\desktop\modcraft_promo\modcraft_promo\ps3_debug\ps3ppuld32.3504.write.1.tlog
c:\users\mayhem\desktop\modcraft_promo\modcraft_promo\ps3_debug\ps3ppuld32.4112.read.1.tlog
c:\users\mayhem\desktop\modcraft_promo\modcraft_promo\ps3_debug\ps3ppuld32.4112.write.1.tlog
c:\users\mayhem\desktop\modcraft_promo\modcraft_promo\ps3_debug\ps3ppuld32.4156.read.1.tlog
c:\users\mayhem\desktop\modcraft_promo\modcraft_promo\ps3_debug\ps3ppuld32.4156.write.1.tlog
c:\users\mayhem\desktop\modcraft_promo\modcraft_promo\ps3_debug\ps3ppuld32.4256.read.1.tlog
c:\users\mayhem\desktop\modcraft_promo\modcraft_promo\ps3_debug\ps3ppuld32.4256.write.1.tlog
c:\users\mayhem\desktop\modcraft_promo\modcraft_promo\ps3_debug\ps3ppuld32.4428.read.1.tlog
c:\users\mayhem\desktop\modcraft_promo\modcraft_promo\ps3_debug\ps3ppuld32.4428.write.1.tlog
c:\users\mayhem\desktop\modcraft_promo\modcraft_promo\ps3_debug\ps3ppuld32.4460.read.1.tlog
c:\users\mayhem\desktop\modcraft_promo\modcraft_promo\ps3_debug\ps3ppuld32.4460.write.1.tlog
c:\users\mayhem\desktop\modcraft_promo\modcraft_promo\ps3_debug\ps3ppuld32.4468.read.1.tlog
c:\users\mayhem\desktop\modcraft_promo\modcraft_promo\ps3_debug\ps3ppuld32.4468.write.1.tlog
c:\users\mayhem\desktop\modcraft_promo\modcraft_promo\ps3_debug\ps3ppuld32.4480.read.1.tlog
c:\users\mayhem\desktop\modcraft_promo\modcraft_promo\ps3_debug\ps3ppuld32.4480.write.1.tlog
c:\users\mayhem\desktop\modcraft_promo\modcraft_promo\ps3_debug\ps3ppuld32.4664.read.1.tlog
c:\users\mayhem\desktop\modcraft_promo\modcraft_promo\ps3_debug\ps3ppuld32.4664.write.1.tlog
c:\users\mayhem\desktop\modcraft_promo\modcraft_promo\ps3_debug\ps3ppuld32.5112.read.1.tlog
c:\users\mayhem\desktop\modcraft_promo\modcraft_promo\ps3_debug\ps3ppuld32.5112.write.1.tlog
c:\users\mayhem\desktop\modcraft_promo\modcraft_promo\ps3_debug\ps3ppuld32.5212.read.1.tlog
c:\users\mayhem\desktop\modcraft_promo\modcraft_promo\ps3_debug\ps3ppuld32.5212.write.1.tlog
c:\users\mayhem\desktop\modcraft_promo\modcraft_promo\ps3_debug\ps3ppuld32.5484.read.1.tlog
c:\users\mayhem\desktop\modcraft_promo\modcraft_promo\ps3_debug\ps3ppuld32.5484.write.1.tlog
c:\users\mayhem\desktop\modcraft_promo\modcraft_promo\ps3_debug\ps3ppuld32.5520.read.1.tlog
c:\users\mayhem\desktop\modcraft_promo\modcraft_promo\ps3_debug\ps3ppuld32.5520.write.1.tlog
c:\users\mayhem\desktop\modcraft_promo\modcraft_promo\ps3_debug\ps3ppuld32.5612.read.1.tlog
c:\users\mayhem\desktop\modcraft_promo\modcraft_promo\ps3_debug\ps3ppuld32.5612.write.1.tlog
c:\users\mayhem\desktop\modcraft_promo\modcraft_promo\ps3_debug\ps3ppuld32.5824.read.1.tlog
c:\users\mayhem\desktop\modcraft_promo\modcraft_promo\ps3_debug\ps3ppuld32.5824.write.1.tlog
c:\users\mayhem\desktop\modcraft_promo\modcraft_promo\ps3_debug\ps3ppuld32.5848.read.1.tlog
c:\users\mayhem\desktop\modcraft_promo\modcraft_promo\ps3_debug\ps3ppuld32.6040.read.1.tlog
c:\users\mayhem\desktop\modcraft_promo\modcraft_promo\ps3_debug\ps3ppuld32.6040.write.1.tlog
c:\users\mayhem\desktop\modcraft_promo\modcraft_promo\ps3_debug\ps3ppuld32.6064.read.1.tlog
c:\users\mayhem\desktop\modcraft_promo\modcraft_promo\ps3_debug\ps3ppuld32.6064.write.1.tlog
c:\users\mayhem\desktop\modcraft_promo\modcraft_promo\ps3_debug\ps3ppuld32.6140.read.1.tlog
c:\users\mayhem\desktop\modcraft_promo\modcraft_promo\ps3_debug\ps3ppuld32.6140.write.1.tlog
c:\users\mayhem\desktop\modcraft_promo\modcraft_promo\ps3_debug\ps3ppuld32.6164.read.1.tlog
c:\users\mayhem\desktop\modcraft_promo\modcraft_promo\ps3_debug\ps3ppuld32.6164.write.1.tlog
c:\users\mayhem\desktop\modcraft_promo\modcraft_promo\ps3_debug\ps3ppuld32.6292.read.1.tlog
c:\users\mayhem\desktop\modcraft_promo\modcraft_promo\ps3_debug\ps3ppuld32.6292.write.1.tlog
c:\users\mayhem\desktop\modcraft_promo\modcraft_promo\ps3_debug\ps3ppuld32.636.read.1.tlog
c:\users\mayhem\desktop\modcraft_promo\modcraft_promo\ps3_debug\ps3ppuld32.636.write.1.tlog
c:\users\mayhem\desktop\modcraft_promo\modcraft_promo\ps3_debug\ps3ppuld32.6500.read.1.tlog
c:\users\mayhem\desktop\modcraft_promo\modcraft_promo\ps3_debug\ps3ppuld32.6500.write.1.tlog
c:\users\mayhem\desktop\modcraft_promo\modcraft_promo\ps3_debug\ps3ppuld32.6588.read.1.tlog
c:\users\mayhem\desktop\modcraft_promo\modcraft_promo\ps3_debug\ps3ppuld32.6588.write.1.tlog
c:\users\mayhem\desktop\modcraft_promo\modcraft_promo\ps3_debug\ps3ppuld32.6792.read.1.tlog
c:\users\mayhem\desktop\modcraft_promo\modcraft_promo\ps3_debug\ps3ppuld32.6792.write.1.tlog
c:\users\mayhem\desktop\modcraft_promo\modcraft_promo\ps3_debug\ps3ppuld32.6840.read.1.tlog
c:\users\mayhem\desktop\modcraft_promo\modcraft_promo\ps3_debug\ps3ppuld32.6840.write.1.tlog
c:\users\mayhem\desktop\modcraft_promo\modcraft_promo\ps3_debug\ps3ppuld32.7000.read.1.tlog
c:\users\mayhem\desktop\modcraft_promo\modcraft_promo\ps3_debug\ps3ppuld32.7000.write.1.tlog
c:\users\mayhem\desktop\modcraft_promo\modcraft_promo\ps3_debug\ps3ppuld32.7236.read.1.tlog
c:\users\mayhem\desktop\modcraft_promo\modcraft_promo\ps3_debug\ps3ppuld32.7236.write.1.tlog
c:\users\mayhem\desktop\modcraft_promo\modcraft_promo\ps3_debug\ps3ppuld32.732.read.1.tlog
c:\users\mayhem\desktop\modcraft_promo\modcraft_promo\ps3_debug\ps3ppuld32.732.write.1.tlog
c:\users\mayhem\desktop\modcraft_promo\modcraft_promo\ps3_debug\ps3ppuld32.7376.read.1.tlog
c:\users\mayhem\desktop\modcraft_promo\modcraft_promo\ps3_debug\ps3ppuld32.7376.write.1.tlog
c:\users\mayhem\desktop\modcraft_promo\modcraft_promo\ps3_debug\ps3ppuld32.7384.read.1.tlog
c:\users\mayhem\desktop\modcraft_promo\modcraft_promo\ps3_debug\ps3ppuld32.7384.write.1.tlog
c:\users\mayhem\desktop\modcraft_promo\modcraft_promo\ps3_debug\ps3ppuld32.7400.read.1.tlog
c:\users\mayhem\desktop\modcraft_promo\modcraft_promo\ps3_debug\ps3ppuld32.7400.write.1.tlog
c:\users\mayhem\desktop\modcraft_promo\modcraft_promo\ps3_debug\ps3ppuld32.7472.read.1.tlog
c:\users\mayhem\desktop\modcraft_promo\modcraft_promo\ps3_debug\ps3ppuld32.7472.write.1.tlog
c:\users\mayhem\desktop\modcraft_promo\modcraft_promo\ps3_debug\ps3ppuld32.7552.read.1.tlog
c:\users\mayhem\desktop\modcraft_promo\modcraft_promo\ps3_debug\ps3ppuld32.7552.write.1.tlog
c:\users\mayhem\desktop\modcraft_promo\modcraft_promo\ps3_debug\ps3ppuld32.7684.read.1.tlog
c:\users\mayhem\desktop\modcraft_promo\modcraft_promo\ps3_debug\ps3ppuld32.7684.write.1.tlog
c:\users\mayhem\desktop\modcraft_promo\modcraft_promo\ps3_debug\ps3ppuld32.7788.read.1.tlog
c:\users\mayhem\desktop\modcraft_promo\modcraft_promo\ps3_debug\ps3ppuld32.7788.write.1.tlog
c:\users\mayhem\desktop\modcraft_promo\modcraft_promo\ps3_debug\ps3ppuld32.7844.read.1.tlog
c:\users\mayhem\desktop\modcraft_promo\modcraft_promo\ps3_debug\ps3ppuld32.7844.write.1.tlog
c:\users\mayhem\desktop\modcraft_promo\modcraft_promo\ps3_debug\ps3ppuld32.7928.read.1.tlog
c:\users\mayhem\desktop\modcraft_promo\modcraft_promo\ps3_debug\ps3ppuld32.7928.write.1.tlog
c:\users\mayhem\desktop\modcraft_promo\modcraft_promo\ps3_debug\ps3ppuld32.796.read.1.tlog
c:\users\mayhem\desktop\modcraft_promo\modcraft_promo\ps3_debug\ps3ppuld32.796.write.1.tlog
c:\users\mayhem\desktop\modcraft_promo\modcraft_promo\ps3_debug\ps3ppuld32.7976.read.1.tlog
c:\users\mayhem\desktop\modcraft_promo\modcraft_promo\ps3_debug\ps3ppuld32.7976.write.1.tlog
c:\users\mayhem\desktop\modcraft_promo\modcraft_promo\ps3_debug\ps3ppuld32.8020.read.1.tlog
c:\users\mayhem\desktop\modcraft_promo\modcraft_promo\ps3_debug\ps3ppuld32.8020.write.1.tlog
c:\users\mayhem\desktop\modcraft_promo\modcraft_promo\ps3_debug\ps3ppuld32.8168.read.1.tlog
c:\users\mayhem\desktop\modcraft_promo\modcraft_promo\ps3_debug\ps3ppuld32.8168.write.1.tlog
c:\users\mayhem\desktop\modcraft_promo\modcraft_promo\ps3_debug\ps3ppuld32.8504.read.1.tlog
c:\users\mayhem\desktop\modcraft_promo\modcraft_promo\ps3_debug\ps3ppuld32.8504.write.1.tlog
c:\users\mayhem\desktop\modcraft_promo\modcraft_promo\ps3_debug\ps3ppuld32.8560.read.1.tlog
c:\users\mayhem\desktop\modcraft_promo\modcraft_promo\ps3_debug\ps3ppuld32.8560.write.1.tlog
c:\users\mayhem\desktop\modcraft_promo\modcraft_promo\ps3_debug\ps3ppuld32.8568.read.1.tlog
c:\users\mayhem\desktop\modcraft_promo\modcraft_promo\ps3_debug\ps3ppuld32.8568.write.1.tlog
c:\users\mayhem\desktop\modcraft_promo\modcraft_promo\ps3_debug\ps3ppuld32.8708.read.1.tlog
c:\users\mayhem\desktop\modcraft_promo\modcraft_promo\ps3_debug\ps3ppuld32.8708.write.1.tlog
c:\users\mayhem\desktop\modcraft_promo\modcraft_promo\ps3_debug\ps3ppuld32.8820.read.1.tlog
c:\users\mayhem\desktop\modcraft_promo\modcraft_promo\ps3_debug\ps3ppuld32.8820.write.1.tlog
c:\users\mayhem\desktop\modcraft_promo\modcraft_promo\ps3_debug\ps3ppuld32.8928.read.1.tlog
c:\users\mayhem\desktop\modcraft_promo\modcraft_promo\ps3_debug\ps3ppuld32.8928.write.1.tlog
c:\users\mayhem\desktop\modcraft_promo\modcraft_promo\ps3_debug\ps3ppuld32.9176.read.1.tlog
c:\users\mayhem\desktop\modcraft_promo\modcraft_promo\ps3_debug\ps3ppuld32.9176.write.1.tlog
c:\users\mayhem\desktop\modcraft_promo\modcraft_promo\ps3_debug\ps3ppuld32.9280.read.1.tlog
c:\users\mayhem\desktop\modcraft_promo\modcraft_promo\ps3_debug\ps3ppuld32.9280.write.1.tlog
c:\users\mayhem\desktop\modcraft_promo\modcraft_promo\ps3_debug\ps3ppuld32.9476.read.1.tlog
c:\users\mayhem\desktop\modcraft_promo\modcraft_promo\ps3_debug\ps3ppuld32.9476.write.1.tlog
c:\users\mayhem\desktop\modcraft_promo\modcraft_promo\ps3_debug\ps3ppuld32.9580.read.1.tlog
c:\users\mayhem\desktop\modcraft_promo\modcraft_promo\ps3_debug\ps3ppuld32.9580.write.1.tlog
c:\users\mayhem\desktop\modcraft_promo\modcraft_promo\ps3_debug\ps3ppuld32.9996.read.1.tlog
c:\users\mayhem\desktop\modcraft_promo\modcraft_promo\ps3_debug\ps3ppuld32.9996.write.1.tlog
c:\users\mayhem\desktop\modcraft_promo\modcraft_promo\ps3_debug\ps3ppuld32.command.1.tlog
c:\users\mayhem\desktop\modcraft_promo\modcraft_promo\ps3_debug\ps3ppuld32.read.1.tlog
c:\users\mayhem\desktop\modcraft_promo\modcraft_promo\ps3_debug\ps3ppuld32.write.1.tlog
c:\users\mayhem\desktop\modcraft_promo\modcraft_promo\ps3_debug\ps3ppusnc.command.1.tlog
c:\users\mayhem\desktop\modcraft_promo\modcraft_promo\ps3_debug\ps3ppusnc.read.1.tlog
c:\users\mayhem\desktop\modcraft_promo\modcraft_promo\ps3_debug\ps3ppusnc.write.1.tlog
