c:\users\ddhol\onedrive\documents\visual studio 2013\projects\minecraft_simple_base\ps3_debug\cellprx_minecraft_simple_base_stub.a
c:\users\ddhol\onedrive\documents\visual studio 2013\projects\minecraft_simple_base\ps3_debug\minecraft_simple_base.sprx
c:\users\ddhol\appdata\local\temp\ps3ppuld661522\lib.ent.o
c:\users\ddhol\appdata\local\temp\ps3ppuld1109882\lib.ent.o
c:\users\ddhol\appdata\local\temp\ps3ppuld98522\lib.ent.o
c:\users\ddhol\appdata\local\temp\ps3ppuld956162\lib.ent.o
c:\users\ddhol\appdata\local\temp\ps3ppuld1085322\lib.ent.o
c:\users\ddhol\appdata\local\temp\ps3ppuld1059322\lib.ent.o
c:\users\ddhol\appdata\local\temp\ps3ppuld982002\lib.ent.o
c:\users\ddhol\appdata\local\temp\ps3ppuld1155402\lib.ent.o
c:\users\ddhol\appdata\local\temp\ps3ppuld1016962\lib.ent.o
c:\users\ddhol\appdata\local\temp\ps3ppuld734082\lib.ent.o
c:\users\ddhol\appdata\local\temp\ps3ppuld1207482\lib.ent.o
c:\users\ddhol\appdata\local\temp\ps3ppuld98522\minecraft_simple_base
c:\users\ddhol\appdata\local\temp\ps3ppuld956162\minecraft_simple_base
c:\users\ddhol\appdata\local\temp\ps3ppuld982002\minecraft_simple_base
c:\users\ddhol\appdata\local\temp\ps3ppuld1016962\minecraft_simple_base
c:\users\ddhol\onedrive\documents\visual studio 2013\projects\minecraft_simple_base\minecraft_simple_base\cellprx_minecraft_simple_base_stub.a
c:\users\ddhol\appdata\local\temp\ps3ppuld734082\lib.ent.s
c:\users\ddhol\appdata\local\temp\ps3ppuld1207482\lib.ent.s
c:\users\ddhol\onedrive\documents\visual studio 2013\projects\minecraft_simple_base\minecraft_simple_base\ps3_debug\stdafx.o
c:\users\ddhol\onedrive\documents\visual studio 2013\projects\minecraft_simple_base\minecraft_simple_base\ps3_debug\minecraft_simple_base.pch
c:\users\ddhol\onedrive\documents\visual studio 2013\projects\minecraft_simple_base\minecraft_simple_base\ps3_debug\prx.o
c:\users\ddhol\onedrive\documents\visual studio 2013\projects\minecraft_simple_base\minecraft_simple_base\ps3_debug\minecraft_simple_base.map
c:\users\ddhol\onedrive\documents\visual studio 2013\projects\minecraft_simple_base\minecraft_simple_base\ps3_debug\minecraft_simple_base.write.1.tlog
c:\users\ddhol\onedrive\documents\visual studio 2013\projects\minecraft_simple_base\minecraft_simple_base\ps3_debug\minecraf.6c12d290.tlog\ps3ppuld64-make_fself.read.1.tlog
c:\users\ddhol\onedrive\documents\visual studio 2013\projects\minecraft_simple_base\minecraft_simple_base\ps3_debug\minecraf.6c12d290.tlog\ps3ppuld64-make_fself.write.1.tlog
c:\users\ddhol\onedrive\documents\visual studio 2013\projects\minecraft_simple_base\minecraft_simple_base\ps3_debug\minecraf.6c12d290.tlog\ps3ppuld64-ppu-lv2-as.read.1.tlog
c:\users\ddhol\onedrive\documents\visual studio 2013\projects\minecraft_simple_base\minecraft_simple_base\ps3_debug\minecraf.6c12d290.tlog\ps3ppuld64-ppu-lv2-as.write.1.tlog
c:\users\ddhol\onedrive\documents\visual studio 2013\projects\minecraft_simple_base\minecraft_simple_base\ps3_debug\minecraf.6c12d290.tlog\ps3ppuld64-ppu-lv2-prx-fixup.read.1.tlog
c:\users\ddhol\onedrive\documents\visual studio 2013\projects\minecraft_simple_base\minecraft_simple_base\ps3_debug\minecraf.6c12d290.tlog\ps3ppuld64-ppu-lv2-prx-fixup.write.1.tlog
c:\users\ddhol\onedrive\documents\visual studio 2013\projects\minecraft_simple_base\minecraft_simple_base\ps3_debug\minecraf.6c12d290.tlog\ps3ppuld64-ppu-lv2-prx-libgen.read.1.tlog
c:\users\ddhol\onedrive\documents\visual studio 2013\projects\minecraft_simple_base\minecraft_simple_base\ps3_debug\minecraf.6c12d290.tlog\ps3ppuld64-ppu-lv2-prx-libgen.write.1.tlog
c:\users\ddhol\onedrive\documents\visual studio 2013\projects\minecraft_simple_base\minecraft_simple_base\ps3_debug\minecraf.6c12d290.tlog\ps3ppuld64.117932.read.1.tlog
c:\users\ddhol\onedrive\documents\visual studio 2013\projects\minecraft_simple_base\minecraft_simple_base\ps3_debug\minecraf.6c12d290.tlog\ps3ppuld64.117932.write.1.tlog
c:\users\ddhol\onedrive\documents\visual studio 2013\projects\minecraft_simple_base\minecraft_simple_base\ps3_debug\minecraf.6c12d290.tlog\ps3ppuld64.86756.read.1.tlog
c:\users\ddhol\onedrive\documents\visual studio 2013\projects\minecraft_simple_base\minecraft_simple_base\ps3_debug\minecraf.6c12d290.tlog\ps3ppuld64.86756.write.1.tlog
c:\users\ddhol\onedrive\documents\visual studio 2013\projects\minecraft_simple_base\minecraft_simple_base\ps3_debug\minecraf.6c12d290.tlog\ps3ppuld64.command.1.tlog
c:\users\ddhol\onedrive\documents\visual studio 2013\projects\minecraft_simple_base\minecraft_simple_base\ps3_debug\minecraf.6c12d290.tlog\ps3ppuld64.read.1.tlog
c:\users\ddhol\onedrive\documents\visual studio 2013\projects\minecraft_simple_base\minecraft_simple_base\ps3_debug\minecraf.6c12d290.tlog\ps3ppuld64.write.1.tlog
c:\users\ddhol\onedrive\documents\visual studio 2013\projects\minecraft_simple_base\minecraft_simple_base\ps3_debug\minecraf.6c12d290.tlog\ps3ppusnc.command.1.tlog
c:\users\ddhol\onedrive\documents\visual studio 2013\projects\minecraft_simple_base\minecraft_simple_base\ps3_debug\minecraf.6c12d290.tlog\ps3ppusnc.read.1.tlog
c:\users\ddhol\onedrive\documents\visual studio 2013\projects\minecraft_simple_base\minecraft_simple_base\ps3_debug\minecraf.6c12d290.tlog\ps3ppusnc.write.1.tlog
