c:\users\rstei\desktop\minecraft better edition sprx\bin\debug-ps3\cellprx_minecraft_stub.a
c:\users\rstei\documents\github\4j-devkit\source sprx\minecraft better edition sprx\bin\debug-ps3\cellprx_minecraft_stub.a
c:\users\rstei\desktop\pc\ps3\minecraft better edition sprx\bin\debug-ps3\cellprx_minecraft_stub.a
c:\users\rstei\desktop\pc\ps3\sources\minecraft better edition sprx\bin\debug-ps3\cellprx_minecraft_stub.a
c:\users\rstei\desktop\minecraft sprx bedrock edition\bin\debug-ps3\cellprx_minecraft_stub.a
c:\users\randy\documents\github\4j-devkit\source sprx\minecraft sprx bedrock edition\bin\debug-ps3\cellprx_minecraft_stub.a
c:\users\rstei\desktop\pc\ps3\sources\minecraft better edition sprx\bin\debug-ps3\minecraft.sprx
c:\users\randy\documents\github\4j-devkit\source sprx\minecraft sprx bedrock edition\bin\debug-ps3\minecraft.sprx
c:\users\rstei\appdata\local\temp\ps3ppuld125842\lib.ent.o
c:\users\rstei\appdata\local\temp\ps3ppuld29642\lib.ent.o
c:\users\rstei\appdata\local\temp\ps3ppuld42162\lib.ent.o
c:\users\rstei\appdata\local\temp\ps3ppuld195042\lib.ent.o
c:\users\rstei\appdata\local\temp\ps3ppuld165722\lib.ent.o
c:\users\rstei\appdata\local\temp\ps3ppuld236162\lib.ent.o
c:\users\rstei\appdata\local\temp\ps3ppuld81402\lib.ent.o
c:\users\rstei\appdata\local\temp\ps3ppuld182682\lib.ent.o
c:\users\rstei\appdata\local\temp\ps3ppuld133722\lib.ent.o
c:\users\rstei\appdata\local\temp\ps3ppuld233802\lib.ent.o
c:\users\rstei\appdata\local\temp\ps3ppuld169002\lib.ent.o
c:\users\rstei\appdata\local\temp\ps3ppuld161042\lib.ent.o
c:\users\rstei\appdata\local\temp\ps3ppuld149882\lib.ent.o
c:\users\rstei\appdata\local\temp\ps3ppuld187602\lib.ent.o
c:\users\rstei\appdata\local\temp\ps3ppuld136042\lib.ent.o
c:\users\rstei\appdata\local\temp\ps3ppuld207802\lib.ent.o
c:\users\rstei\appdata\local\temp\ps3ppuld62642\lib.ent.o
c:\users\rstei\appdata\local\temp\ps3ppuld89122\lib.ent.o
c:\users\rstei\appdata\local\temp\ps3ppuld83762\lib.ent.o
c:\users\rstei\appdata\local\temp\ps3ppuld68722\lib.ent.o
c:\users\rstei\appdata\local\temp\ps3ppuld152562\lib.ent.o
c:\users\rstei\appdata\local\temp\ps3ppuld124602\lib.ent.o
c:\users\rstei\appdata\local\temp\ps3ppuld157642\lib.ent.o
c:\users\rstei\appdata\local\temp\ps3ppuld230482\lib.ent.o
c:\users\rstei\appdata\local\temp\ps3ppuld248762\lib.ent.o
c:\users\rstei\appdata\local\temp\ps3ppuld187842\lib.ent.o
c:\users\rstei\appdata\local\temp\ps3ppuld124722\lib.ent.o
c:\users\rstei\appdata\local\temp\ps3ppuld241722\lib.ent.o
c:\users\rstei\appdata\local\temp\ps3ppuld201642\lib.ent.o
c:\users\rstei\appdata\local\temp\ps3ppuld246202\lib.ent.o
c:\users\rstei\appdata\local\temp\ps3ppuld218362\lib.ent.o
c:\users\rstei\appdata\local\temp\ps3ppuld207842\lib.ent.o
c:\users\rstei\appdata\local\temp\ps3ppuld68162\lib.ent.o
c:\users\rstei\appdata\local\temp\ps3ppuld187762\lib.ent.o
c:\users\rstei\appdata\local\temp\ps3ppuld250122\lib.ent.o
c:\users\rstei\appdata\local\temp\ps3ppuld184242\lib.ent.o
c:\users\rstei\appdata\local\temp\ps3ppuld143242\lib.ent.o
c:\users\rstei\appdata\local\temp\ps3ppuld246162\lib.ent.o
c:\users\rstei\appdata\local\temp\ps3ppuld109122\lib.ent.o
c:\users\rstei\appdata\local\temp\ps3ppuld28082\lib.ent.o
c:\users\rstei\appdata\local\temp\ps3ppuld14802\lib.ent.o
c:\users\rstei\appdata\local\temp\ps3ppuld229842\lib.ent.o
c:\users\rstei\appdata\local\temp\ps3ppuld9602\lib.ent.o
c:\users\rstei\appdata\local\temp\ps3ppuld132482\lib.ent.o
c:\users\rstei\appdata\local\temp\ps3ppuld95922\lib.ent.o
c:\users\rstei\appdata\local\temp\ps3ppuld42962\lib.ent.o
c:\users\rstei\appdata\local\temp\ps3ppuld114402\lib.ent.o
c:\users\rstei\appdata\local\temp\ps3ppuld89322\lib.ent.o
c:\users\rstei\appdata\local\temp\ps3ppuld156122\lib.ent.o
c:\users\rstei\appdata\local\temp\ps3ppuld174282\lib.ent.o
c:\users\rstei\appdata\local\temp\ps3ppuld40882\lib.ent.o
c:\users\rstei\appdata\local\temp\ps3ppuld233602\lib.ent.o
c:\users\rstei\appdata\local\temp\ps3ppuld182322\lib.ent.o
c:\users\rstei\appdata\local\temp\ps3ppuld192562\lib.ent.o
c:\users\rstei\appdata\local\temp\ps3ppuld92522\lib.ent.o
c:\users\rstei\appdata\local\temp\ps3ppuld130722\lib.ent.o
c:\users\rstei\appdata\local\temp\ps3ppuld164802\lib.ent.o
c:\users\rstei\appdata\local\temp\ps3ppuld131642\lib.ent.o
c:\users\rstei\appdata\local\temp\ps3ppuld97962\lib.ent.o
c:\users\rstei\appdata\local\temp\ps3ppuld198762\lib.ent.o
c:\users\rstei\appdata\local\temp\ps3ppuld93442\lib.ent.o
c:\users\rstei\appdata\local\temp\ps3ppuld56682\lib.ent.o
c:\users\rstei\appdata\local\temp\ps3ppuld252842\lib.ent.o
c:\users\rstei\appdata\local\temp\ps3ppuld92762\lib.ent.o
c:\users\rstei\appdata\local\temp\ps3ppuld244202\lib.ent.o
c:\users\rstei\appdata\local\temp\ps3ppuld183282\lib.ent.o
c:\users\rstei\appdata\local\temp\ps3ppuld194722\lib.ent.o
c:\users\rstei\appdata\local\temp\ps3ppuld111362\lib.ent.o
c:\users\rstei\appdata\local\temp\ps3ppuld130482\lib.ent.o
c:\users\rstei\appdata\local\temp\ps3ppuld79362\lib.ent.o
c:\users\rstei\appdata\local\temp\ps3ppuld224882\lib.ent.o
c:\users\rstei\appdata\local\temp\ps3ppuld183242\lib.ent.o
c:\users\rstei\appdata\local\temp\ps3ppuld214802\lib.ent.o
c:\users\rstei\appdata\local\temp\ps3ppuld165082\lib.ent.o
c:\users\rstei\appdata\local\temp\ps3ppuld213362\lib.ent.o
c:\users\rstei\appdata\local\temp\ps3ppuld49802\lib.ent.o
c:\users\rstei\appdata\local\temp\ps3ppuld107522\lib.ent.o
c:\users\rstei\appdata\local\temp\ps3ppuld103722\lib.ent.o
c:\users\rstei\appdata\local\temp\ps3ppuld18802\lib.ent.o
c:\users\rstei\appdata\local\temp\ps3ppuld244242\lib.ent.o
c:\users\rstei\appdata\local\temp\ps3ppuld78282\lib.ent.o
c:\users\rstei\appdata\local\temp\ps3ppuld65522\lib.ent.o
c:\users\rstei\appdata\local\temp\ps3ppuld24042\lib.ent.o
c:\users\rstei\appdata\local\temp\ps3ppuld109082\lib.ent.o
c:\users\rstei\appdata\local\temp\ps3ppuld172322\lib.ent.o
c:\users\rstei\appdata\local\temp\ps3ppuld254562\lib.ent.o
c:\users\rstei\appdata\local\temp\ps3ppuld47042\lib.ent.o
c:\users\rstei\appdata\local\temp\ps3ppuld203282\lib.ent.o
c:\users\rstei\appdata\local\temp\ps3ppuld105842\lib.ent.o
c:\users\rstei\appdata\local\temp\ps3ppuld36882\lib.ent.o
c:\users\rstei\appdata\local\temp\ps3ppuld92922\lib.ent.o
c:\users\rstei\appdata\local\temp\ps3ppuld181442\lib.ent.o
c:\users\rstei\appdata\local\temp\ps3ppuld41202\lib.ent.o
c:\users\rstei\appdata\local\temp\ps3ppuld147162\lib.ent.o
c:\users\rstei\appdata\local\temp\ps3ppuld175282\lib.ent.o
c:\users\rstei\appdata\local\temp\ps3ppuld189322\lib.ent.o
c:\users\rstei\appdata\local\temp\ps3ppuld207122\lib.ent.o
c:\users\rstei\appdata\local\temp\ps3ppuld138282\lib.ent.o
c:\users\rstei\appdata\local\temp\ps3ppuld166682\lib.ent.o
c:\users\rstei\appdata\local\temp\ps3ppuld139082\lib.ent.o
c:\users\rstei\appdata\local\temp\ps3ppuld242442\lib.ent.o
c:\users\rstei\appdata\local\temp\ps3ppuld40762\lib.ent.o
c:\users\rstei\appdata\local\temp\ps3ppuld98202\lib.ent.o
c:\users\rstei\appdata\local\temp\ps3ppuld173122\lib.ent.o
c:\users\rstei\appdata\local\temp\ps3ppuld237962\lib.ent.o
c:\users\rstei\appdata\local\temp\ps3ppuld75682\lib.ent.o
c:\users\rstei\appdata\local\temp\ps3ppuld123122\lib.ent.o
c:\users\rstei\appdata\local\temp\ps3ppuld239122\lib.ent.o
c:\users\rstei\appdata\local\temp\ps3ppuld78242\lib.ent.o
c:\users\rstei\appdata\local\temp\ps3ppuld187802\lib.ent.o
c:\users\rstei\appdata\local\temp\ps3ppuld84242\lib.ent.o
c:\users\rstei\appdata\local\temp\ps3ppuld1962\lib.ent.o
c:\users\rstei\appdata\local\temp\ps3ppuld91482\lib.ent.o
c:\users\rstei\appdata\local\temp\ps3ppuld185042\lib.ent.o
c:\users\rstei\appdata\local\temp\ps3ppuld38242\lib.ent.o
c:\users\rstei\appdata\local\temp\ps3ppuld157682\lib.ent.o
c:\users\rstei\appdata\local\temp\ps3ppuld192522\lib.ent.o
c:\users\rstei\appdata\local\temp\ps3ppuld191602\lib.ent.o
c:\users\rstei\appdata\local\temp\ps3ppuld195002\lib.ent.o
c:\users\rstei\appdata\local\temp\ps3ppuld243282\lib.ent.o
c:\users\rstei\appdata\local\temp\ps3ppuld167442\lib.ent.o
c:\users\rstei\appdata\local\temp\ps3ppuld118482\lib.ent.o
c:\users\rstei\appdata\local\temp\ps3ppuld148762\lib.ent.o
c:\users\rstei\appdata\local\temp\ps3ppuld131242\lib.ent.o
c:\users\rstei\appdata\local\temp\ps3ppuld78402\lib.ent.o
c:\users\rstei\appdata\local\temp\ps3ppuld50082\lib.ent.o
c:\users\rstei\appdata\local\temp\ps3ppuld229122\lib.ent.o
c:\users\rstei\appdata\local\temp\ps3ppuld93402\lib.ent.o
c:\users\rstei\appdata\local\temp\ps3ppuld217962\lib.ent.o
c:\users\rstei\appdata\local\temp\ps3ppuld52842\lib.ent.o
c:\users\rstei\appdata\local\temp\ps3ppuld212962\lib.ent.o
c:\users\rstei\appdata\local\temp\ps3ppuld191002\lib.ent.o
c:\users\rstei\appdata\local\temp\ps3ppuld113162\lib.ent.o
c:\users\rstei\appdata\local\temp\ps3ppuld149642\lib.ent.o
c:\users\rstei\appdata\local\temp\ps3ppuld125442\lib.ent.o
c:\users\randy\appdata\local\temp\ps3ppuld177002\lib.ent.o
c:\users\randy\appdata\local\temp\ps3ppuld186842\lib.ent.o
c:\users\randy\appdata\local\temp\ps3ppuld203962\lib.ent.o
c:\users\randy\appdata\local\temp\ps3ppuld110922\lib.ent.o
c:\users\randy\appdata\local\temp\ps3ppuld215922\lib.ent.o
c:\users\randy\appdata\local\temp\ps3ppuld129722\lib.ent.o
c:\users\randy\appdata\local\temp\ps3ppuld171962\lib.ent.o
c:\users\randy\appdata\local\temp\ps3ppuld52922\lib.ent.o
c:\users\randy\appdata\local\temp\ps3ppuld100082\lib.ent.o
c:\users\randy\appdata\local\temp\ps3ppuld75482\lib.ent.o
c:\users\randy\appdata\local\temp\ps3ppuld163362\lib.ent.o
c:\users\randy\appdata\local\temp\ps3ppuld149322\lib.ent.o
c:\users\randy\appdata\local\temp\ps3ppuld193002\lib.ent.o
c:\users\randy\appdata\local\temp\ps3ppuld54162\lib.ent.o
c:\users\randy\appdata\local\temp\ps3ppuld189522\lib.ent.o
c:\users\randy\appdata\local\temp\ps3ppuld36722\lib.ent.o
c:\users\randy\appdata\local\temp\ps3ppuld154482\lib.ent.o
c:\users\randy\appdata\local\temp\ps3ppuld160402\lib.ent.o
c:\users\randy\appdata\local\temp\ps3ppuld149442\lib.ent.o
c:\users\randy\appdata\local\temp\ps3ppuld21322\lib.ent.o
c:\users\randy\appdata\local\temp\ps3ppuld159682\lib.ent.o
c:\users\randy\appdata\local\temp\ps3ppuld194202\lib.ent.o
c:\users\randy\appdata\local\temp\ps3ppuld31242\lib.ent.o
c:\users\randy\appdata\local\temp\ps3ppuld43202\lib.ent.o
c:\users\randy\appdata\local\temp\ps3ppuld71842\lib.ent.o
c:\users\randy\appdata\local\temp\ps3ppuld108962\lib.ent.o
c:\users\randy\appdata\local\temp\ps3ppuld148842\lib.ent.o
c:\users\randy\appdata\local\temp\ps3ppuld54082\lib.ent.o
c:\users\randy\appdata\local\temp\ps3ppuld209682\lib.ent.o
c:\users\randy\appdata\local\temp\ps3ppuld87042\lib.ent.o
c:\users\randy\appdata\local\temp\ps3ppuld94162\lib.ent.o
c:\users\randy\appdata\local\temp\ps3ppuld10402\lib.ent.o
c:\users\randy\appdata\local\temp\ps3ppuld81762\lib.ent.o
c:\users\randy\appdata\local\temp\ps3ppuld213762\lib.ent.o
c:\users\randy\appdata\local\temp\ps3ppuld194042\lib.ent.o
c:\users\randy\appdata\local\temp\ps3ppuld24962\lib.ent.o
c:\users\randy\appdata\local\temp\ps3ppuld188962\lib.ent.o
c:\users\randy\appdata\local\temp\ps3ppuld192442\lib.ent.o
c:\users\randy\appdata\local\temp\ps3ppuld75282\lib.ent.o
c:\users\randy\appdata\local\temp\ps3ppuld108042\lib.ent.o
c:\users\randy\appdata\local\temp\ps3ppuld96122\lib.ent.o
c:\users\randy\appdata\local\temp\ps3ppuld156402\lib.ent.o
c:\users\randy\appdata\local\temp\ps3ppuld129482\lib.ent.o
c:\users\randy\appdata\local\temp\ps3ppuld70482\lib.ent.o
c:\users\randy\appdata\local\temp\ps3ppuld36162\lib.ent.o
c:\users\randy\appdata\local\temp\ps3ppuld181962\lib.ent.o
c:\users\randy\appdata\local\temp\ps3ppuld15082\lib.ent.o
c:\users\randy\appdata\local\temp\ps3ppuld98842\lib.ent.o
c:\users\randy\appdata\local\temp\ps3ppuld85642\lib.ent.o
c:\users\randy\appdata\local\temp\ps3ppuld89482\lib.ent.o
c:\users\randy\appdata\local\temp\ps3ppuld190082\lib.ent.o
c:\users\randy\appdata\local\temp\ps3ppuld19722\lib.ent.o
c:\users\randy\appdata\local\temp\ps3ppuld145202\lib.ent.o
c:\users\randy\appdata\local\temp\ps3ppuld81282\lib.ent.o
c:\users\randy\appdata\local\temp\ps3ppuld54002\lib.ent.o
c:\users\randy\appdata\local\temp\ps3ppuld186202\lib.ent.o
c:\users\randy\appdata\local\temp\ps3ppuld147642\lib.ent.o
c:\users\randy\appdata\local\temp\ps3ppuld51242\lib.ent.o
c:\users\randy\appdata\local\temp\ps3ppuld119722\lib.ent.o
c:\users\randy\appdata\local\temp\ps3ppuld179562\lib.ent.o
c:\users\randy\appdata\local\temp\ps3ppuld167842\lib.ent.o
c:\users\randy\appdata\local\temp\ps3ppuld35442\lib.ent.o
c:\users\randy\appdata\local\temp\ps3ppuld51802\lib.ent.o
c:\users\randy\appdata\local\temp\ps3ppuld198042\lib.ent.o
c:\users\randy\appdata\local\temp\ps3ppuld112482\lib.ent.o
c:\users\randy\appdata\local\temp\ps3ppuld48402\lib.ent.o
c:\users\randy\appdata\local\temp\ps3ppuld184922\lib.ent.o
c:\users\randy\appdata\local\temp\ps3ppuld8322\lib.ent.o
c:\users\randy\appdata\local\temp\ps3ppuld84882\lib.ent.o
c:\users\randy\appdata\local\temp\ps3ppuld145362\lib.ent.o
c:\users\randy\appdata\local\temp\ps3ppuld177362\lib.ent.o
c:\users\rstei\appdata\local\temp\ps3ppuld125842\minecraft
c:\users\rstei\appdata\local\temp\ps3ppuld29642\minecraft
c:\users\rstei\appdata\local\temp\ps3ppuld42162\minecraft
c:\users\rstei\appdata\local\temp\ps3ppuld195042\minecraft
c:\users\rstei\appdata\local\temp\ps3ppuld165722\minecraft
c:\users\rstei\appdata\local\temp\ps3ppuld236162\minecraft
c:\users\rstei\appdata\local\temp\ps3ppuld81402\minecraft
c:\users\rstei\appdata\local\temp\ps3ppuld182682\minecraft
c:\users\rstei\appdata\local\temp\ps3ppuld133722\minecraft
c:\users\rstei\appdata\local\temp\ps3ppuld233802\minecraft
c:\users\rstei\appdata\local\temp\ps3ppuld169002\minecraft
c:\users\rstei\appdata\local\temp\ps3ppuld161042\minecraft
c:\users\rstei\appdata\local\temp\ps3ppuld149882\minecraft
c:\users\rstei\appdata\local\temp\ps3ppuld187602\minecraft
c:\users\rstei\appdata\local\temp\ps3ppuld136042\minecraft
c:\users\rstei\appdata\local\temp\ps3ppuld207802\minecraft
c:\users\rstei\appdata\local\temp\ps3ppuld62642\minecraft
c:\users\rstei\appdata\local\temp\ps3ppuld89122\minecraft
c:\users\rstei\appdata\local\temp\ps3ppuld83762\minecraft
c:\users\rstei\appdata\local\temp\ps3ppuld68722\minecraft
c:\users\rstei\appdata\local\temp\ps3ppuld152562\minecraft
c:\users\rstei\appdata\local\temp\ps3ppuld124602\minecraft
c:\users\rstei\appdata\local\temp\ps3ppuld157642\minecraft
c:\users\rstei\appdata\local\temp\ps3ppuld230482\minecraft
c:\users\rstei\appdata\local\temp\ps3ppuld248762\minecraft
c:\users\rstei\appdata\local\temp\ps3ppuld187842\minecraft
c:\users\rstei\appdata\local\temp\ps3ppuld124722\minecraft
c:\users\rstei\appdata\local\temp\ps3ppuld241722\minecraft
c:\users\rstei\appdata\local\temp\ps3ppuld246202\minecraft
c:\users\rstei\appdata\local\temp\ps3ppuld218362\minecraft
c:\users\rstei\appdata\local\temp\ps3ppuld207842\minecraft
c:\users\rstei\appdata\local\temp\ps3ppuld68162\minecraft
c:\users\rstei\appdata\local\temp\ps3ppuld187762\minecraft
c:\users\rstei\appdata\local\temp\ps3ppuld250122\minecraft
c:\users\rstei\appdata\local\temp\ps3ppuld184242\minecraft
c:\users\rstei\appdata\local\temp\ps3ppuld143242\minecraft
c:\users\rstei\appdata\local\temp\ps3ppuld246162\minecraft
c:\users\rstei\appdata\local\temp\ps3ppuld109122\minecraft
c:\users\rstei\appdata\local\temp\ps3ppuld28082\minecraft
c:\users\rstei\appdata\local\temp\ps3ppuld14802\minecraft
c:\users\rstei\appdata\local\temp\ps3ppuld229842\minecraft
c:\users\rstei\appdata\local\temp\ps3ppuld9602\minecraft
c:\users\rstei\appdata\local\temp\ps3ppuld132482\minecraft
c:\users\rstei\appdata\local\temp\ps3ppuld95922\minecraft
c:\users\rstei\appdata\local\temp\ps3ppuld42962\minecraft
c:\users\rstei\appdata\local\temp\ps3ppuld114402\minecraft
c:\users\rstei\appdata\local\temp\ps3ppuld89322\minecraft
c:\users\rstei\appdata\local\temp\ps3ppuld156122\minecraft
c:\users\rstei\appdata\local\temp\ps3ppuld174282\minecraft
c:\users\rstei\appdata\local\temp\ps3ppuld40882\minecraft
c:\users\rstei\appdata\local\temp\ps3ppuld233602\minecraft
c:\users\rstei\appdata\local\temp\ps3ppuld182322\minecraft
c:\users\rstei\appdata\local\temp\ps3ppuld192562\minecraft
c:\users\rstei\appdata\local\temp\ps3ppuld92522\minecraft
c:\users\rstei\appdata\local\temp\ps3ppuld130722\minecraft
c:\users\rstei\appdata\local\temp\ps3ppuld164802\minecraft
c:\users\rstei\appdata\local\temp\ps3ppuld131642\minecraft
c:\users\rstei\appdata\local\temp\ps3ppuld97962\minecraft
c:\users\rstei\appdata\local\temp\ps3ppuld198762\minecraft
c:\users\rstei\appdata\local\temp\ps3ppuld93442\minecraft
c:\users\rstei\appdata\local\temp\ps3ppuld56682\minecraft
c:\users\rstei\appdata\local\temp\ps3ppuld252842\minecraft
c:\users\rstei\appdata\local\temp\ps3ppuld92762\minecraft
c:\users\rstei\appdata\local\temp\ps3ppuld244202\minecraft
c:\users\rstei\appdata\local\temp\ps3ppuld183282\minecraft
c:\users\rstei\appdata\local\temp\ps3ppuld194722\minecraft
c:\users\rstei\appdata\local\temp\ps3ppuld111362\minecraft
c:\users\rstei\appdata\local\temp\ps3ppuld130482\minecraft
c:\users\rstei\appdata\local\temp\ps3ppuld79362\minecraft
c:\users\rstei\appdata\local\temp\ps3ppuld224882\minecraft
c:\users\rstei\appdata\local\temp\ps3ppuld183242\minecraft
c:\users\rstei\appdata\local\temp\ps3ppuld214802\minecraft
c:\users\rstei\appdata\local\temp\ps3ppuld165082\minecraft
c:\users\rstei\appdata\local\temp\ps3ppuld213362\minecraft
c:\users\rstei\appdata\local\temp\ps3ppuld49802\minecraft
c:\users\rstei\appdata\local\temp\ps3ppuld107522\minecraft
c:\users\rstei\appdata\local\temp\ps3ppuld103722\minecraft
c:\users\rstei\appdata\local\temp\ps3ppuld18802\minecraft
c:\users\rstei\appdata\local\temp\ps3ppuld244242\minecraft
c:\users\rstei\appdata\local\temp\ps3ppuld78282\minecraft
c:\users\rstei\appdata\local\temp\ps3ppuld65522\minecraft
c:\users\rstei\appdata\local\temp\ps3ppuld24042\minecraft
c:\users\rstei\appdata\local\temp\ps3ppuld109082\minecraft
c:\users\rstei\appdata\local\temp\ps3ppuld172322\minecraft
c:\users\rstei\appdata\local\temp\ps3ppuld254562\minecraft
c:\users\rstei\appdata\local\temp\ps3ppuld47042\minecraft
c:\users\rstei\appdata\local\temp\ps3ppuld203282\minecraft
c:\users\rstei\appdata\local\temp\ps3ppuld105842\minecraft
c:\users\rstei\appdata\local\temp\ps3ppuld36882\minecraft
c:\users\rstei\appdata\local\temp\ps3ppuld92922\minecraft
c:\users\rstei\appdata\local\temp\ps3ppuld181442\minecraft
c:\users\rstei\appdata\local\temp\ps3ppuld41202\minecraft
c:\users\rstei\appdata\local\temp\ps3ppuld147162\minecraft
c:\users\rstei\appdata\local\temp\ps3ppuld175282\minecraft
c:\users\rstei\appdata\local\temp\ps3ppuld189322\minecraft
c:\users\rstei\appdata\local\temp\ps3ppuld207122\minecraft
c:\users\rstei\appdata\local\temp\ps3ppuld138282\minecraft
c:\users\rstei\appdata\local\temp\ps3ppuld166682\minecraft
c:\users\rstei\appdata\local\temp\ps3ppuld139082\minecraft
c:\users\rstei\appdata\local\temp\ps3ppuld242442\minecraft
c:\users\rstei\appdata\local\temp\ps3ppuld40762\minecraft
c:\users\rstei\appdata\local\temp\ps3ppuld98202\minecraft
c:\users\rstei\appdata\local\temp\ps3ppuld173122\minecraft
c:\users\rstei\appdata\local\temp\ps3ppuld237962\minecraft
c:\users\rstei\appdata\local\temp\ps3ppuld75682\minecraft
c:\users\rstei\appdata\local\temp\ps3ppuld123122\minecraft
c:\users\rstei\appdata\local\temp\ps3ppuld239122\minecraft
c:\users\rstei\appdata\local\temp\ps3ppuld78242\minecraft
c:\users\rstei\appdata\local\temp\ps3ppuld187802\minecraft
c:\users\rstei\appdata\local\temp\ps3ppuld84242\minecraft
c:\users\rstei\appdata\local\temp\ps3ppuld1962\minecraft
c:\users\rstei\appdata\local\temp\ps3ppuld91482\minecraft
c:\users\rstei\appdata\local\temp\ps3ppuld185042\minecraft
c:\users\rstei\appdata\local\temp\ps3ppuld38242\minecraft
c:\users\rstei\appdata\local\temp\ps3ppuld157682\minecraft
c:\users\rstei\appdata\local\temp\ps3ppuld192522\minecraft
c:\users\rstei\appdata\local\temp\ps3ppuld191602\minecraft
c:\users\rstei\appdata\local\temp\ps3ppuld195002\minecraft
c:\users\rstei\appdata\local\temp\ps3ppuld243282\minecraft
c:\users\rstei\appdata\local\temp\ps3ppuld167442\minecraft
c:\users\rstei\appdata\local\temp\ps3ppuld118482\minecraft
c:\users\rstei\appdata\local\temp\ps3ppuld148762\minecraft
c:\users\rstei\appdata\local\temp\ps3ppuld131242\minecraft
c:\users\rstei\appdata\local\temp\ps3ppuld78402\minecraft
c:\users\rstei\appdata\local\temp\ps3ppuld50082\minecraft
c:\users\rstei\appdata\local\temp\ps3ppuld229122\minecraft
c:\users\rstei\appdata\local\temp\ps3ppuld93402\minecraft
c:\users\rstei\appdata\local\temp\ps3ppuld217962\minecraft
c:\users\rstei\appdata\local\temp\ps3ppuld52842\minecraft
c:\users\rstei\appdata\local\temp\ps3ppuld212962\minecraft
c:\users\rstei\appdata\local\temp\ps3ppuld191002\minecraft
c:\users\rstei\appdata\local\temp\ps3ppuld113162\minecraft
c:\users\rstei\appdata\local\temp\ps3ppuld149642\minecraft
c:\users\randy\appdata\local\temp\ps3ppuld177002\minecraft
c:\users\randy\appdata\local\temp\ps3ppuld203962\minecraft
c:\users\randy\appdata\local\temp\ps3ppuld215922\minecraft
c:\users\randy\appdata\local\temp\ps3ppuld129722\minecraft
c:\users\randy\appdata\local\temp\ps3ppuld171962\minecraft
c:\users\randy\appdata\local\temp\ps3ppuld52922\minecraft
c:\users\randy\appdata\local\temp\ps3ppuld100082\minecraft
c:\users\randy\appdata\local\temp\ps3ppuld75482\minecraft
c:\users\randy\appdata\local\temp\ps3ppuld163362\minecraft
c:\users\randy\appdata\local\temp\ps3ppuld149322\minecraft
c:\users\randy\appdata\local\temp\ps3ppuld193002\minecraft
c:\users\randy\appdata\local\temp\ps3ppuld54162\minecraft
c:\users\randy\appdata\local\temp\ps3ppuld189522\minecraft
c:\users\randy\appdata\local\temp\ps3ppuld36722\minecraft
c:\users\randy\appdata\local\temp\ps3ppuld154482\minecraft
c:\users\randy\appdata\local\temp\ps3ppuld160402\minecraft
c:\users\randy\appdata\local\temp\ps3ppuld149442\minecraft
c:\users\randy\appdata\local\temp\ps3ppuld21322\minecraft
c:\users\randy\appdata\local\temp\ps3ppuld159682\minecraft
c:\users\randy\appdata\local\temp\ps3ppuld194202\minecraft
c:\users\randy\appdata\local\temp\ps3ppuld31242\minecraft
c:\users\randy\appdata\local\temp\ps3ppuld43202\minecraft
c:\users\randy\appdata\local\temp\ps3ppuld71842\minecraft
c:\users\randy\appdata\local\temp\ps3ppuld108962\minecraft
c:\users\randy\appdata\local\temp\ps3ppuld148842\minecraft
c:\users\randy\appdata\local\temp\ps3ppuld54082\minecraft
c:\users\randy\appdata\local\temp\ps3ppuld209682\minecraft
c:\users\randy\appdata\local\temp\ps3ppuld87042\minecraft
c:\users\randy\appdata\local\temp\ps3ppuld94162\minecraft
c:\users\randy\appdata\local\temp\ps3ppuld10402\minecraft
c:\users\randy\appdata\local\temp\ps3ppuld81762\minecraft
c:\users\randy\appdata\local\temp\ps3ppuld213762\minecraft
c:\users\randy\appdata\local\temp\ps3ppuld194042\minecraft
c:\users\randy\appdata\local\temp\ps3ppuld24962\minecraft
c:\users\randy\appdata\local\temp\ps3ppuld188962\minecraft
c:\users\randy\appdata\local\temp\ps3ppuld192442\minecraft
c:\users\randy\appdata\local\temp\ps3ppuld75282\minecraft
c:\users\randy\appdata\local\temp\ps3ppuld108042\minecraft
c:\users\randy\appdata\local\temp\ps3ppuld96122\minecraft
c:\users\randy\appdata\local\temp\ps3ppuld156402\minecraft
c:\users\randy\appdata\local\temp\ps3ppuld129482\minecraft
c:\users\randy\appdata\local\temp\ps3ppuld70482\minecraft
c:\users\randy\appdata\local\temp\ps3ppuld36162\minecraft
c:\users\randy\appdata\local\temp\ps3ppuld181962\minecraft
c:\users\randy\appdata\local\temp\ps3ppuld15082\minecraft
c:\users\randy\appdata\local\temp\ps3ppuld98842\minecraft
c:\users\randy\appdata\local\temp\ps3ppuld85642\minecraft
c:\users\randy\appdata\local\temp\ps3ppuld89482\minecraft
c:\users\randy\appdata\local\temp\ps3ppuld190082\minecraft
c:\users\randy\appdata\local\temp\ps3ppuld19722\minecraft
c:\users\randy\appdata\local\temp\ps3ppuld145202\minecraft
c:\users\randy\appdata\local\temp\ps3ppuld81282\minecraft
c:\users\randy\appdata\local\temp\ps3ppuld54002\minecraft
c:\users\randy\appdata\local\temp\ps3ppuld186202\minecraft
c:\users\randy\appdata\local\temp\ps3ppuld147642\minecraft
c:\users\randy\appdata\local\temp\ps3ppuld51242\minecraft
c:\users\randy\appdata\local\temp\ps3ppuld119722\minecraft
c:\users\randy\appdata\local\temp\ps3ppuld179562\minecraft
c:\users\randy\appdata\local\temp\ps3ppuld167842\minecraft
c:\users\randy\appdata\local\temp\ps3ppuld35442\minecraft
c:\users\randy\appdata\local\temp\ps3ppuld51802\minecraft
c:\users\randy\appdata\local\temp\ps3ppuld198042\minecraft
c:\users\randy\appdata\local\temp\ps3ppuld112482\minecraft
c:\users\randy\appdata\local\temp\ps3ppuld48402\minecraft
c:\users\randy\appdata\local\temp\ps3ppuld184922\minecraft
c:\users\randy\appdata\local\temp\ps3ppuld8322\minecraft
c:\users\randy\appdata\local\temp\ps3ppuld84882\minecraft
c:\users\randy\appdata\local\temp\ps3ppuld145362\minecraft
c:\users\randy\appdata\local\temp\ps3ppuld177362\minecraft
c:\users\rstei\appdata\local\temp\ps3ppuld125842\lib.ent.s
c:\users\rstei\appdata\local\temp\ps3ppuld29642\lib.ent.s
c:\users\rstei\appdata\local\temp\ps3ppuld42162\lib.ent.s
c:\users\rstei\appdata\local\temp\ps3ppuld195042\lib.ent.s
c:\users\rstei\appdata\local\temp\ps3ppuld165722\lib.ent.s
c:\users\rstei\appdata\local\temp\ps3ppuld236162\lib.ent.s
c:\users\rstei\appdata\local\temp\ps3ppuld81402\lib.ent.s
c:\users\rstei\appdata\local\temp\ps3ppuld182682\lib.ent.s
c:\users\rstei\appdata\local\temp\ps3ppuld133722\lib.ent.s
c:\users\rstei\appdata\local\temp\ps3ppuld233802\lib.ent.s
c:\users\rstei\appdata\local\temp\ps3ppuld169002\lib.ent.s
c:\users\rstei\appdata\local\temp\ps3ppuld161042\lib.ent.s
c:\users\rstei\appdata\local\temp\ps3ppuld149882\lib.ent.s
c:\users\rstei\appdata\local\temp\ps3ppuld187602\lib.ent.s
c:\users\rstei\appdata\local\temp\ps3ppuld136042\lib.ent.s
c:\users\rstei\appdata\local\temp\ps3ppuld207802\lib.ent.s
c:\users\rstei\appdata\local\temp\ps3ppuld62642\lib.ent.s
c:\users\rstei\appdata\local\temp\ps3ppuld89122\lib.ent.s
c:\users\rstei\appdata\local\temp\ps3ppuld83762\lib.ent.s
c:\users\rstei\appdata\local\temp\ps3ppuld68722\lib.ent.s
c:\users\rstei\appdata\local\temp\ps3ppuld152562\lib.ent.s
c:\users\rstei\appdata\local\temp\ps3ppuld124602\lib.ent.s
c:\users\rstei\appdata\local\temp\ps3ppuld157642\lib.ent.s
c:\users\rstei\appdata\local\temp\ps3ppuld230482\lib.ent.s
c:\users\rstei\appdata\local\temp\ps3ppuld248762\lib.ent.s
c:\users\rstei\appdata\local\temp\ps3ppuld187842\lib.ent.s
c:\users\rstei\appdata\local\temp\ps3ppuld124722\lib.ent.s
c:\users\rstei\appdata\local\temp\ps3ppuld241722\lib.ent.s
c:\users\rstei\appdata\local\temp\ps3ppuld201642\lib.ent.s
c:\users\rstei\appdata\local\temp\ps3ppuld246202\lib.ent.s
c:\users\rstei\appdata\local\temp\ps3ppuld218362\lib.ent.s
c:\users\rstei\appdata\local\temp\ps3ppuld207842\lib.ent.s
c:\users\rstei\appdata\local\temp\ps3ppuld68162\lib.ent.s
c:\users\rstei\appdata\local\temp\ps3ppuld187762\lib.ent.s
c:\users\rstei\appdata\local\temp\ps3ppuld250122\lib.ent.s
c:\users\rstei\appdata\local\temp\ps3ppuld184242\lib.ent.s
c:\users\rstei\appdata\local\temp\ps3ppuld143242\lib.ent.s
c:\users\rstei\appdata\local\temp\ps3ppuld246162\lib.ent.s
c:\users\rstei\appdata\local\temp\ps3ppuld109122\lib.ent.s
c:\users\rstei\appdata\local\temp\ps3ppuld28082\lib.ent.s
c:\users\rstei\appdata\local\temp\ps3ppuld14802\lib.ent.s
c:\users\rstei\appdata\local\temp\ps3ppuld229842\lib.ent.s
c:\users\rstei\appdata\local\temp\ps3ppuld9602\lib.ent.s
c:\users\rstei\appdata\local\temp\ps3ppuld132482\lib.ent.s
c:\users\rstei\appdata\local\temp\ps3ppuld95922\lib.ent.s
c:\users\rstei\appdata\local\temp\ps3ppuld42962\lib.ent.s
c:\users\rstei\appdata\local\temp\ps3ppuld114402\lib.ent.s
c:\users\rstei\appdata\local\temp\ps3ppuld89322\lib.ent.s
c:\users\rstei\appdata\local\temp\ps3ppuld156122\lib.ent.s
c:\users\rstei\appdata\local\temp\ps3ppuld174282\lib.ent.s
c:\users\rstei\appdata\local\temp\ps3ppuld40882\lib.ent.s
c:\users\rstei\appdata\local\temp\ps3ppuld233602\lib.ent.s
c:\users\rstei\appdata\local\temp\ps3ppuld182322\lib.ent.s
c:\users\rstei\appdata\local\temp\ps3ppuld192562\lib.ent.s
c:\users\rstei\appdata\local\temp\ps3ppuld92522\lib.ent.s
c:\users\rstei\appdata\local\temp\ps3ppuld130722\lib.ent.s
c:\users\rstei\appdata\local\temp\ps3ppuld164802\lib.ent.s
c:\users\rstei\appdata\local\temp\ps3ppuld131642\lib.ent.s
c:\users\rstei\appdata\local\temp\ps3ppuld97962\lib.ent.s
c:\users\rstei\appdata\local\temp\ps3ppuld198762\lib.ent.s
c:\users\rstei\appdata\local\temp\ps3ppuld93442\lib.ent.s
c:\users\rstei\appdata\local\temp\ps3ppuld56682\lib.ent.s
c:\users\rstei\appdata\local\temp\ps3ppuld252842\lib.ent.s
c:\users\rstei\appdata\local\temp\ps3ppuld92762\lib.ent.s
c:\users\rstei\appdata\local\temp\ps3ppuld244202\lib.ent.s
c:\users\rstei\appdata\local\temp\ps3ppuld183282\lib.ent.s
c:\users\rstei\appdata\local\temp\ps3ppuld194722\lib.ent.s
c:\users\rstei\appdata\local\temp\ps3ppuld111362\lib.ent.s
c:\users\rstei\appdata\local\temp\ps3ppuld130482\lib.ent.s
c:\users\rstei\appdata\local\temp\ps3ppuld79362\lib.ent.s
c:\users\rstei\appdata\local\temp\ps3ppuld224882\lib.ent.s
c:\users\rstei\appdata\local\temp\ps3ppuld183242\lib.ent.s
c:\users\rstei\appdata\local\temp\ps3ppuld214802\lib.ent.s
c:\users\rstei\appdata\local\temp\ps3ppuld165082\lib.ent.s
c:\users\rstei\appdata\local\temp\ps3ppuld213362\lib.ent.s
c:\users\rstei\appdata\local\temp\ps3ppuld49802\lib.ent.s
c:\users\rstei\appdata\local\temp\ps3ppuld107522\lib.ent.s
c:\users\rstei\appdata\local\temp\ps3ppuld103722\lib.ent.s
c:\users\rstei\appdata\local\temp\ps3ppuld18802\lib.ent.s
c:\users\rstei\appdata\local\temp\ps3ppuld244242\lib.ent.s
c:\users\rstei\appdata\local\temp\ps3ppuld78282\lib.ent.s
c:\users\rstei\appdata\local\temp\ps3ppuld65522\lib.ent.s
c:\users\rstei\appdata\local\temp\ps3ppuld24042\lib.ent.s
c:\users\rstei\appdata\local\temp\ps3ppuld109082\lib.ent.s
c:\users\rstei\appdata\local\temp\ps3ppuld172322\lib.ent.s
c:\users\rstei\appdata\local\temp\ps3ppuld254562\lib.ent.s
c:\users\rstei\appdata\local\temp\ps3ppuld47042\lib.ent.s
c:\users\rstei\appdata\local\temp\ps3ppuld203282\lib.ent.s
c:\users\rstei\appdata\local\temp\ps3ppuld105842\lib.ent.s
c:\users\rstei\appdata\local\temp\ps3ppuld36882\lib.ent.s
c:\users\rstei\appdata\local\temp\ps3ppuld92922\lib.ent.s
c:\users\rstei\appdata\local\temp\ps3ppuld181442\lib.ent.s
c:\users\rstei\appdata\local\temp\ps3ppuld41202\lib.ent.s
c:\users\rstei\appdata\local\temp\ps3ppuld147162\lib.ent.s
c:\users\rstei\appdata\local\temp\ps3ppuld175282\lib.ent.s
c:\users\rstei\appdata\local\temp\ps3ppuld189322\lib.ent.s
c:\users\rstei\appdata\local\temp\ps3ppuld207122\lib.ent.s
c:\users\rstei\appdata\local\temp\ps3ppuld138282\lib.ent.s
c:\users\rstei\appdata\local\temp\ps3ppuld166682\lib.ent.s
c:\users\rstei\appdata\local\temp\ps3ppuld139082\lib.ent.s
c:\users\rstei\appdata\local\temp\ps3ppuld242442\lib.ent.s
c:\users\rstei\appdata\local\temp\ps3ppuld40762\lib.ent.s
c:\users\rstei\appdata\local\temp\ps3ppuld98202\lib.ent.s
c:\users\rstei\appdata\local\temp\ps3ppuld173122\lib.ent.s
c:\users\rstei\appdata\local\temp\ps3ppuld237962\lib.ent.s
c:\users\rstei\appdata\local\temp\ps3ppuld75682\lib.ent.s
c:\users\rstei\appdata\local\temp\ps3ppuld123122\lib.ent.s
c:\users\rstei\appdata\local\temp\ps3ppuld239122\lib.ent.s
c:\users\rstei\appdata\local\temp\ps3ppuld78242\lib.ent.s
c:\users\rstei\appdata\local\temp\ps3ppuld187802\lib.ent.s
c:\users\rstei\appdata\local\temp\ps3ppuld84242\lib.ent.s
c:\users\rstei\appdata\local\temp\ps3ppuld1962\lib.ent.s
c:\users\rstei\appdata\local\temp\ps3ppuld91482\lib.ent.s
c:\users\rstei\appdata\local\temp\ps3ppuld185042\lib.ent.s
c:\users\rstei\appdata\local\temp\ps3ppuld38242\lib.ent.s
c:\users\rstei\appdata\local\temp\ps3ppuld157682\lib.ent.s
c:\users\rstei\appdata\local\temp\ps3ppuld192522\lib.ent.s
c:\users\rstei\appdata\local\temp\ps3ppuld191602\lib.ent.s
c:\users\rstei\appdata\local\temp\ps3ppuld195002\lib.ent.s
c:\users\rstei\appdata\local\temp\ps3ppuld243282\lib.ent.s
c:\users\rstei\appdata\local\temp\ps3ppuld167442\lib.ent.s
c:\users\rstei\appdata\local\temp\ps3ppuld118482\lib.ent.s
c:\users\rstei\appdata\local\temp\ps3ppuld148762\lib.ent.s
c:\users\rstei\appdata\local\temp\ps3ppuld131242\lib.ent.s
c:\users\rstei\appdata\local\temp\ps3ppuld78402\lib.ent.s
c:\users\rstei\appdata\local\temp\ps3ppuld50082\lib.ent.s
c:\users\rstei\appdata\local\temp\ps3ppuld229122\lib.ent.s
c:\users\rstei\appdata\local\temp\ps3ppuld93402\lib.ent.s
c:\users\rstei\appdata\local\temp\ps3ppuld217962\lib.ent.s
c:\users\rstei\appdata\local\temp\ps3ppuld52842\lib.ent.s
c:\users\rstei\appdata\local\temp\ps3ppuld212962\lib.ent.s
c:\users\rstei\appdata\local\temp\ps3ppuld191002\lib.ent.s
c:\users\rstei\appdata\local\temp\ps3ppuld113162\lib.ent.s
c:\users\rstei\appdata\local\temp\ps3ppuld149642\lib.ent.s
c:\users\rstei\appdata\local\temp\ps3ppuld125442\lib.ent.s
c:\users\randy\appdata\local\temp\ps3ppuld177002\lib.ent.s
c:\users\randy\appdata\local\temp\ps3ppuld186842\lib.ent.s
c:\users\randy\appdata\local\temp\ps3ppuld203962\lib.ent.s
c:\users\randy\appdata\local\temp\ps3ppuld110922\lib.ent.s
c:\users\randy\appdata\local\temp\ps3ppuld215922\lib.ent.s
c:\users\randy\appdata\local\temp\ps3ppuld129722\lib.ent.s
c:\users\randy\appdata\local\temp\ps3ppuld171962\lib.ent.s
c:\users\randy\appdata\local\temp\ps3ppuld52922\lib.ent.s
c:\users\randy\appdata\local\temp\ps3ppuld100082\lib.ent.s
c:\users\randy\appdata\local\temp\ps3ppuld75482\lib.ent.s
c:\users\randy\appdata\local\temp\ps3ppuld163362\lib.ent.s
c:\users\randy\appdata\local\temp\ps3ppuld149322\lib.ent.s
c:\users\randy\appdata\local\temp\ps3ppuld193002\lib.ent.s
c:\users\randy\appdata\local\temp\ps3ppuld54162\lib.ent.s
c:\users\randy\appdata\local\temp\ps3ppuld189522\lib.ent.s
c:\users\randy\appdata\local\temp\ps3ppuld36722\lib.ent.s
c:\users\randy\appdata\local\temp\ps3ppuld154482\lib.ent.s
c:\users\randy\appdata\local\temp\ps3ppuld160402\lib.ent.s
c:\users\randy\appdata\local\temp\ps3ppuld149442\lib.ent.s
c:\users\randy\appdata\local\temp\ps3ppuld21322\lib.ent.s
c:\users\randy\appdata\local\temp\ps3ppuld159682\lib.ent.s
c:\users\randy\appdata\local\temp\ps3ppuld194202\lib.ent.s
c:\users\randy\appdata\local\temp\ps3ppuld31242\lib.ent.s
c:\users\randy\appdata\local\temp\ps3ppuld43202\lib.ent.s
c:\users\randy\appdata\local\temp\ps3ppuld71842\lib.ent.s
c:\users\randy\appdata\local\temp\ps3ppuld108962\lib.ent.s
c:\users\randy\appdata\local\temp\ps3ppuld148842\lib.ent.s
c:\users\randy\appdata\local\temp\ps3ppuld54082\lib.ent.s
c:\users\randy\appdata\local\temp\ps3ppuld209682\lib.ent.s
c:\users\randy\appdata\local\temp\ps3ppuld87042\lib.ent.s
c:\users\randy\appdata\local\temp\ps3ppuld94162\lib.ent.s
c:\users\randy\appdata\local\temp\ps3ppuld10402\lib.ent.s
c:\users\randy\appdata\local\temp\ps3ppuld81762\lib.ent.s
c:\users\randy\appdata\local\temp\ps3ppuld213762\lib.ent.s
c:\users\randy\appdata\local\temp\ps3ppuld194042\lib.ent.s
c:\users\randy\appdata\local\temp\ps3ppuld24962\lib.ent.s
c:\users\randy\appdata\local\temp\ps3ppuld188962\lib.ent.s
c:\users\randy\appdata\local\temp\ps3ppuld192442\lib.ent.s
c:\users\randy\appdata\local\temp\ps3ppuld75282\lib.ent.s
c:\users\randy\appdata\local\temp\ps3ppuld108042\lib.ent.s
c:\users\randy\appdata\local\temp\ps3ppuld96122\lib.ent.s
c:\users\randy\appdata\local\temp\ps3ppuld156402\lib.ent.s
c:\users\randy\appdata\local\temp\ps3ppuld129482\lib.ent.s
c:\users\randy\appdata\local\temp\ps3ppuld70482\lib.ent.s
c:\users\randy\appdata\local\temp\ps3ppuld36162\lib.ent.s
c:\users\randy\appdata\local\temp\ps3ppuld181962\lib.ent.s
c:\users\randy\appdata\local\temp\ps3ppuld15082\lib.ent.s
c:\users\randy\appdata\local\temp\ps3ppuld98842\lib.ent.s
c:\users\randy\appdata\local\temp\ps3ppuld85642\lib.ent.s
c:\users\randy\appdata\local\temp\ps3ppuld89482\lib.ent.s
c:\users\randy\appdata\local\temp\ps3ppuld190082\lib.ent.s
c:\users\randy\appdata\local\temp\ps3ppuld19722\lib.ent.s
c:\users\randy\appdata\local\temp\ps3ppuld145202\lib.ent.s
c:\users\randy\appdata\local\temp\ps3ppuld81282\lib.ent.s
c:\users\randy\appdata\local\temp\ps3ppuld54002\lib.ent.s
c:\users\randy\appdata\local\temp\ps3ppuld186202\lib.ent.s
c:\users\randy\appdata\local\temp\ps3ppuld147642\lib.ent.s
c:\users\randy\appdata\local\temp\ps3ppuld51242\lib.ent.s
c:\users\randy\appdata\local\temp\ps3ppuld119722\lib.ent.s
c:\users\randy\appdata\local\temp\ps3ppuld179562\lib.ent.s
c:\users\randy\appdata\local\temp\ps3ppuld167842\lib.ent.s
c:\users\randy\appdata\local\temp\ps3ppuld35442\lib.ent.s
c:\users\randy\appdata\local\temp\ps3ppuld51802\lib.ent.s
c:\users\randy\appdata\local\temp\ps3ppuld198042\lib.ent.s
c:\users\randy\appdata\local\temp\ps3ppuld112482\lib.ent.s
c:\users\randy\appdata\local\temp\ps3ppuld48402\lib.ent.s
c:\users\randy\appdata\local\temp\ps3ppuld184922\lib.ent.s
c:\users\randy\appdata\local\temp\ps3ppuld8322\lib.ent.s
c:\users\randy\appdata\local\temp\ps3ppuld84882\lib.ent.s
c:\users\randy\appdata\local\temp\ps3ppuld145362\lib.ent.s
c:\users\randy\appdata\local\temp\ps3ppuld177362\lib.ent.s
c:\users\randy\documents\github\4j-devkit\source sprx\minecraft sprx bedrock edition\bin\debug-ps3\minecraft.map
c:\users\randy\documents\github\4j-devkit\source sprx\minecraft sprx bedrock edition\bin-int\debug-ps3\minecraft\filesystem.o
c:\users\randy\documents\github\4j-devkit\source sprx\minecraft sprx bedrock edition\bin-int\debug-ps3\minecraft\systemcalls.o
c:\users\randy\documents\github\4j-devkit\source sprx\minecraft sprx bedrock edition\bin-int\debug-ps3\minecraft\main.o
c:\users\randy\documents\github\4j-devkit\source sprx\minecraft sprx bedrock edition\bin-int\debug-ps3\minecraft\minecraft.write.1.tlog
c:\users\randy\documents\github\4j-devkit\source sprx\minecraft sprx bedrock edition\bin-int\debug-ps3\minecraft\minecraft.tlog\ps3ppuld64-make_fself.read.1.tlog
c:\users\randy\documents\github\4j-devkit\source sprx\minecraft sprx bedrock edition\bin-int\debug-ps3\minecraft\minecraft.tlog\ps3ppuld64-make_fself.write.1.tlog
c:\users\randy\documents\github\4j-devkit\source sprx\minecraft sprx bedrock edition\bin-int\debug-ps3\minecraft\minecraft.tlog\ps3ppuld64-ppu-lv2-as.read.1.tlog
c:\users\randy\documents\github\4j-devkit\source sprx\minecraft sprx bedrock edition\bin-int\debug-ps3\minecraft\minecraft.tlog\ps3ppuld64-ppu-lv2-as.write.1.tlog
c:\users\randy\documents\github\4j-devkit\source sprx\minecraft sprx bedrock edition\bin-int\debug-ps3\minecraft\minecraft.tlog\ps3ppuld64-ppu-lv2-prx-fixup.read.1.tlog
c:\users\randy\documents\github\4j-devkit\source sprx\minecraft sprx bedrock edition\bin-int\debug-ps3\minecraft\minecraft.tlog\ps3ppuld64-ppu-lv2-prx-fixup.write.1.tlog
c:\users\randy\documents\github\4j-devkit\source sprx\minecraft sprx bedrock edition\bin-int\debug-ps3\minecraft\minecraft.tlog\ps3ppuld64-ppu-lv2-prx-libgen.read.1.tlog
c:\users\randy\documents\github\4j-devkit\source sprx\minecraft sprx bedrock edition\bin-int\debug-ps3\minecraft\minecraft.tlog\ps3ppuld64-ppu-lv2-prx-libgen.write.1.tlog
c:\users\randy\documents\github\4j-devkit\source sprx\minecraft sprx bedrock edition\bin-int\debug-ps3\minecraft\minecraft.tlog\ps3ppuld64.command.1.tlog
c:\users\randy\documents\github\4j-devkit\source sprx\minecraft sprx bedrock edition\bin-int\debug-ps3\minecraft\minecraft.tlog\ps3ppuld64.read.1.tlog
c:\users\randy\documents\github\4j-devkit\source sprx\minecraft sprx bedrock edition\bin-int\debug-ps3\minecraft\minecraft.tlog\ps3ppuld64.write.1.tlog
c:\users\randy\documents\github\4j-devkit\source sprx\minecraft sprx bedrock edition\bin-int\debug-ps3\minecraft\minecraft.tlog\ps3ppusnc.command.1.tlog
c:\users\randy\documents\github\4j-devkit\source sprx\minecraft sprx bedrock edition\bin-int\debug-ps3\minecraft\minecraft.tlog\ps3ppusnc.read.1.tlog
c:\users\randy\documents\github\4j-devkit\source sprx\minecraft sprx bedrock edition\bin-int\debug-ps3\minecraft\minecraft.tlog\ps3ppusnc.write.1.tlog
