c:\users\rstei\desktop\downcraft sprx v4 source base menu\ps3_debug\cellprx_downcraftsprx_stub.a
c:\users\rstei\desktop\downcraft sprx v4 source base menu\ps3_debug\downcraftsprx.sprx
c:\users\rstei\appdata\local\temp\ps3ppuld248242\lib.ent.o
c:\users\rstei\appdata\local\temp\ps3ppuld194242\lib.ent.o
c:\users\rstei\appdata\local\temp\ps3ppuld206722\lib.ent.o
c:\users\rstei\appdata\local\temp\ps3ppuld44682\lib.ent.o
c:\users\rstei\appdata\local\temp\ps3ppuld205762\lib.ent.o
c:\users\rstei\appdata\local\temp\ps3ppuld249802\lib.ent.o
c:\users\rstei\appdata\local\temp\ps3ppuld158242\lib.ent.o
c:\users\rstei\appdata\local\temp\ps3ppuld238322\lib.ent.o
c:\users\rstei\appdata\local\temp\ps3ppuld65402\lib.ent.o
c:\users\rstei\appdata\local\temp\ps3ppuld179322\lib.ent.o
c:\users\rstei\appdata\local\temp\ps3ppuld147682\lib.ent.o
c:\users\rstei\appdata\local\temp\ps3ppuld93762\lib.ent.o
c:\users\rstei\appdata\local\temp\ps3ppuld91802\lib.ent.o
c:\users\rstei\appdata\local\temp\ps3ppuld166162\lib.ent.o
c:\users\rstei\appdata\local\temp\ps3ppuld158682\lib.ent.o
c:\users\rstei\appdata\local\temp\ps3ppuld119842\lib.ent.o
c:\users\rstei\appdata\local\temp\ps3ppuld203482\lib.ent.o
c:\users\rstei\appdata\local\temp\ps3ppuld98122\lib.ent.o
c:\users\rstei\appdata\local\temp\ps3ppuld51402\lib.ent.o
c:\users\rstei\appdata\local\temp\ps3ppuld93682\lib.ent.o
c:\users\rstei\appdata\local\temp\ps3ppuld235762\lib.ent.o
c:\users\rstei\appdata\local\temp\ps3ppuld142402\lib.ent.o
c:\users\rstei\appdata\local\temp\ps3ppuld213762\lib.ent.o
c:\users\rstei\appdata\local\temp\ps3ppuld110442\lib.ent.o
c:\users\rstei\appdata\local\temp\ps3ppuld252522\lib.ent.o
c:\users\rstei\appdata\local\temp\ps3ppuld237482\lib.ent.o
c:\users\rstei\appdata\local\temp\ps3ppuld211002\lib.ent.o
c:\users\rstei\appdata\local\temp\ps3ppuld258722\lib.ent.o
c:\users\rstei\appdata\local\temp\ps3ppuld139082\lib.ent.o
c:\users\rstei\appdata\local\temp\ps3ppuld230002\lib.ent.o
c:\users\rstei\appdata\local\temp\ps3ppuld239162\lib.ent.o
c:\users\rstei\appdata\local\temp\ps3ppuld168042\lib.ent.o
c:\users\rstei\appdata\local\temp\ps3ppuld120762\lib.ent.o
c:\users\rstei\appdata\local\temp\ps3ppuld112482\lib.ent.o
c:\users\rstei\appdata\local\temp\ps3ppuld126322\lib.ent.o
c:\users\rstei\appdata\local\temp\ps3ppuld174562\lib.ent.o
c:\users\rstei\appdata\local\temp\ps3ppuld154762\lib.ent.o
c:\users\rstei\appdata\local\temp\ps3ppuld161202\lib.ent.o
c:\users\rstei\appdata\local\temp\ps3ppuld117162\lib.ent.o
c:\users\rstei\appdata\local\temp\ps3ppuld100642\lib.ent.o
c:\users\rstei\appdata\local\temp\ps3ppuld85402\lib.ent.o
c:\users\rstei\appdata\local\temp\ps3ppuld36882\lib.ent.o
c:\users\rstei\appdata\local\temp\ps3ppuld216162\lib.ent.o
c:\users\rstei\appdata\local\temp\ps3ppuld197002\lib.ent.o
c:\users\rstei\appdata\local\temp\ps3ppuld154402\lib.ent.o
c:\users\rstei\appdata\local\temp\ps3ppuld186922\lib.ent.o
c:\users\rstei\appdata\local\temp\ps3ppuld182002\lib.ent.o
c:\users\rstei\appdata\local\temp\ps3ppuld196162\lib.ent.o
c:\users\rstei\appdata\local\temp\ps3ppuld61762\lib.ent.o
c:\users\rstei\appdata\local\temp\ps3ppuld70602\lib.ent.o
c:\users\rstei\appdata\local\temp\ps3ppuld128882\lib.ent.o
c:\users\rstei\appdata\local\temp\ps3ppuld53682\lib.ent.o
c:\users\rstei\appdata\local\temp\ps3ppuld72442\lib.ent.o
c:\users\rstei\appdata\local\temp\ps3ppuld248242\downcraftsprx
c:\users\rstei\appdata\local\temp\ps3ppuld194242\downcraftsprx
c:\users\rstei\appdata\local\temp\ps3ppuld206722\downcraftsprx
c:\users\rstei\appdata\local\temp\ps3ppuld44682\downcraftsprx
c:\users\rstei\appdata\local\temp\ps3ppuld205762\downcraftsprx
c:\users\rstei\appdata\local\temp\ps3ppuld249802\downcraftsprx
c:\users\rstei\appdata\local\temp\ps3ppuld158242\downcraftsprx
c:\users\rstei\appdata\local\temp\ps3ppuld238322\downcraftsprx
c:\users\rstei\appdata\local\temp\ps3ppuld65402\downcraftsprx
c:\users\rstei\appdata\local\temp\ps3ppuld179322\downcraftsprx
c:\users\rstei\appdata\local\temp\ps3ppuld147682\downcraftsprx
c:\users\rstei\appdata\local\temp\ps3ppuld93762\downcraftsprx
c:\users\rstei\appdata\local\temp\ps3ppuld91802\downcraftsprx
c:\users\rstei\appdata\local\temp\ps3ppuld166162\downcraftsprx
c:\users\rstei\appdata\local\temp\ps3ppuld158682\downcraftsprx
c:\users\rstei\appdata\local\temp\ps3ppuld119842\downcraftsprx
c:\users\rstei\appdata\local\temp\ps3ppuld203482\downcraftsprx
c:\users\rstei\appdata\local\temp\ps3ppuld98122\downcraftsprx
c:\users\rstei\appdata\local\temp\ps3ppuld51402\downcraftsprx
c:\users\rstei\appdata\local\temp\ps3ppuld93682\downcraftsprx
c:\users\rstei\appdata\local\temp\ps3ppuld235762\downcraftsprx
c:\users\rstei\appdata\local\temp\ps3ppuld142402\downcraftsprx
c:\users\rstei\appdata\local\temp\ps3ppuld213762\downcraftsprx
c:\users\rstei\appdata\local\temp\ps3ppuld110442\downcraftsprx
c:\users\rstei\appdata\local\temp\ps3ppuld252522\downcraftsprx
c:\users\rstei\appdata\local\temp\ps3ppuld237482\downcraftsprx
c:\users\rstei\appdata\local\temp\ps3ppuld211002\downcraftsprx
c:\users\rstei\appdata\local\temp\ps3ppuld258722\downcraftsprx
c:\users\rstei\appdata\local\temp\ps3ppuld139082\downcraftsprx
c:\users\rstei\appdata\local\temp\ps3ppuld230002\downcraftsprx
c:\users\rstei\appdata\local\temp\ps3ppuld239162\downcraftsprx
c:\users\rstei\appdata\local\temp\ps3ppuld168042\downcraftsprx
c:\users\rstei\appdata\local\temp\ps3ppuld120762\downcraftsprx
c:\users\rstei\appdata\local\temp\ps3ppuld174562\downcraftsprx
c:\users\rstei\appdata\local\temp\ps3ppuld85402\downcraftsprx
c:\users\rstei\appdata\local\temp\ps3ppuld36882\downcraftsprx
c:\users\rstei\appdata\local\temp\ps3ppuld182002\downcraftsprx
c:\users\rstei\appdata\local\temp\ps3ppuld196162\downcraftsprx
c:\users\rstei\appdata\local\temp\ps3ppuld61762\downcraftsprx
c:\users\rstei\appdata\local\temp\ps3ppuld70602\downcraftsprx
c:\users\rstei\appdata\local\temp\ps3ppuld128882\downcraftsprx
c:\users\rstei\appdata\local\temp\ps3ppuld53682\downcraftsprx
c:\users\rstei\appdata\local\temp\ps3ppuld72442\downcraftsprx
c:\users\rstei\appdata\local\temp\ps3ppuld248242\lib.ent.s
c:\users\rstei\appdata\local\temp\ps3ppuld194242\lib.ent.s
c:\users\rstei\appdata\local\temp\ps3ppuld206722\lib.ent.s
c:\users\rstei\appdata\local\temp\ps3ppuld44682\lib.ent.s
c:\users\rstei\appdata\local\temp\ps3ppuld205762\lib.ent.s
c:\users\rstei\appdata\local\temp\ps3ppuld249802\lib.ent.s
c:\users\rstei\appdata\local\temp\ps3ppuld158242\lib.ent.s
c:\users\rstei\appdata\local\temp\ps3ppuld238322\lib.ent.s
c:\users\rstei\appdata\local\temp\ps3ppuld65402\lib.ent.s
c:\users\rstei\appdata\local\temp\ps3ppuld179322\lib.ent.s
c:\users\rstei\appdata\local\temp\ps3ppuld147682\lib.ent.s
c:\users\rstei\appdata\local\temp\ps3ppuld93762\lib.ent.s
c:\users\rstei\appdata\local\temp\ps3ppuld91802\lib.ent.s
c:\users\rstei\appdata\local\temp\ps3ppuld166162\lib.ent.s
c:\users\rstei\appdata\local\temp\ps3ppuld158682\lib.ent.s
c:\users\rstei\appdata\local\temp\ps3ppuld119842\lib.ent.s
c:\users\rstei\appdata\local\temp\ps3ppuld203482\lib.ent.s
c:\users\rstei\appdata\local\temp\ps3ppuld98122\lib.ent.s
c:\users\rstei\appdata\local\temp\ps3ppuld51402\lib.ent.s
c:\users\rstei\appdata\local\temp\ps3ppuld93682\lib.ent.s
c:\users\rstei\appdata\local\temp\ps3ppuld235762\lib.ent.s
c:\users\rstei\appdata\local\temp\ps3ppuld142402\lib.ent.s
c:\users\rstei\appdata\local\temp\ps3ppuld213762\lib.ent.s
c:\users\rstei\appdata\local\temp\ps3ppuld110442\lib.ent.s
c:\users\rstei\appdata\local\temp\ps3ppuld252522\lib.ent.s
c:\users\rstei\appdata\local\temp\ps3ppuld237482\lib.ent.s
c:\users\rstei\appdata\local\temp\ps3ppuld211002\lib.ent.s
c:\users\rstei\appdata\local\temp\ps3ppuld258722\lib.ent.s
c:\users\rstei\appdata\local\temp\ps3ppuld139082\lib.ent.s
c:\users\rstei\appdata\local\temp\ps3ppuld230002\lib.ent.s
c:\users\rstei\appdata\local\temp\ps3ppuld239162\lib.ent.s
c:\users\rstei\appdata\local\temp\ps3ppuld168042\lib.ent.s
c:\users\rstei\appdata\local\temp\ps3ppuld120762\lib.ent.s
c:\users\rstei\appdata\local\temp\ps3ppuld112482\lib.ent.s
c:\users\rstei\appdata\local\temp\ps3ppuld126322\lib.ent.s
c:\users\rstei\appdata\local\temp\ps3ppuld174562\lib.ent.s
c:\users\rstei\appdata\local\temp\ps3ppuld154762\lib.ent.s
c:\users\rstei\appdata\local\temp\ps3ppuld161202\lib.ent.s
c:\users\rstei\appdata\local\temp\ps3ppuld117162\lib.ent.s
c:\users\rstei\appdata\local\temp\ps3ppuld100642\lib.ent.s
c:\users\rstei\appdata\local\temp\ps3ppuld85402\lib.ent.s
c:\users\rstei\appdata\local\temp\ps3ppuld36882\lib.ent.s
c:\users\rstei\appdata\local\temp\ps3ppuld216162\lib.ent.s
c:\users\rstei\appdata\local\temp\ps3ppuld197002\lib.ent.s
c:\users\rstei\appdata\local\temp\ps3ppuld154402\lib.ent.s
c:\users\rstei\appdata\local\temp\ps3ppuld186922\lib.ent.s
c:\users\rstei\appdata\local\temp\ps3ppuld182002\lib.ent.s
c:\users\rstei\appdata\local\temp\ps3ppuld196162\lib.ent.s
c:\users\rstei\appdata\local\temp\ps3ppuld61762\lib.ent.s
c:\users\rstei\appdata\local\temp\ps3ppuld70602\lib.ent.s
c:\users\rstei\appdata\local\temp\ps3ppuld128882\lib.ent.s
c:\users\rstei\appdata\local\temp\ps3ppuld53682\lib.ent.s
c:\users\rstei\appdata\local\temp\ps3ppuld72442\lib.ent.s
c:\users\rstei\desktop\downcraft sprx v4 source base menu\mc\ps3_debug\prx.o
c:\users\rstei\desktop\downcraft sprx v4 source base menu\mc\ps3_debug\downcraftsprx.write.1.tlog
c:\users\rstei\desktop\downcraft sprx v4 source base menu\mc\ps3_debug\downcraftsprx.tlog\ps3ppuld64-make_fself.read.1.tlog
c:\users\rstei\desktop\downcraft sprx v4 source base menu\mc\ps3_debug\downcraftsprx.tlog\ps3ppuld64-make_fself.write.1.tlog
c:\users\rstei\desktop\downcraft sprx v4 source base menu\mc\ps3_debug\downcraftsprx.tlog\ps3ppuld64-ppu-lv2-as.read.1.tlog
c:\users\rstei\desktop\downcraft sprx v4 source base menu\mc\ps3_debug\downcraftsprx.tlog\ps3ppuld64-ppu-lv2-as.write.1.tlog
c:\users\rstei\desktop\downcraft sprx v4 source base menu\mc\ps3_debug\downcraftsprx.tlog\ps3ppuld64-ppu-lv2-prx-fixup.read.1.tlog
c:\users\rstei\desktop\downcraft sprx v4 source base menu\mc\ps3_debug\downcraftsprx.tlog\ps3ppuld64-ppu-lv2-prx-fixup.write.1.tlog
c:\users\rstei\desktop\downcraft sprx v4 source base menu\mc\ps3_debug\downcraftsprx.tlog\ps3ppuld64-ppu-lv2-prx-libgen.read.1.tlog
c:\users\rstei\desktop\downcraft sprx v4 source base menu\mc\ps3_debug\downcraftsprx.tlog\ps3ppuld64-ppu-lv2-prx-libgen.write.1.tlog
c:\users\rstei\desktop\downcraft sprx v4 source base menu\mc\ps3_debug\downcraftsprx.tlog\ps3ppuld64.command.1.tlog
c:\users\rstei\desktop\downcraft sprx v4 source base menu\mc\ps3_debug\downcraftsprx.tlog\ps3ppuld64.read.1.tlog
c:\users\rstei\desktop\downcraft sprx v4 source base menu\mc\ps3_debug\downcraftsprx.tlog\ps3ppuld64.write.1.tlog
c:\users\rstei\desktop\downcraft sprx v4 source base menu\mc\ps3_debug\downcraftsprx.tlog\ps3ppusnc.command.1.tlog
c:\users\rstei\desktop\downcraft sprx v4 source base menu\mc\ps3_debug\downcraftsprx.tlog\ps3ppusnc.read.1.tlog
c:\users\rstei\desktop\downcraft sprx v4 source base menu\mc\ps3_debug\downcraftsprx.tlog\ps3ppusnc.write.1.tlog
