c:\users\rstei\documents\github\4j-devkit\downcraft sprx source code\ps3_debug\cellprx_downcraftsprx_stub.a
c:\users\rstei\documents\github\4j-devkit\downcraft sprx source code\ps3_debug\mc.sprx
c:\users\rstei\appdata\local\temp\ps3ppuld238322\lib.ent.o
c:\users\rstei\appdata\local\temp\ps3ppuld56682\lib.ent.o
c:\users\rstei\appdata\local\temp\ps3ppuld205802\lib.ent.o
c:\users\rstei\appdata\local\temp\ps3ppuld155882\lib.ent.o
c:\users\rstei\appdata\local\temp\ps3ppuld88322\lib.ent.o
c:\users\rstei\appdata\local\temp\ps3ppuld159602\lib.ent.o
c:\users\rstei\appdata\local\temp\ps3ppuld239642\lib.ent.o
c:\users\rstei\appdata\local\temp\ps3ppuld22002\lib.ent.o
c:\users\rstei\appdata\local\temp\ps3ppuld85162\lib.ent.o
c:\users\rstei\appdata\local\temp\ps3ppuld166162\lib.ent.o
c:\users\rstei\appdata\local\temp\ps3ppuld190042\lib.ent.o
c:\users\rstei\appdata\local\temp\ps3ppuld123402\lib.ent.o
c:\users\rstei\appdata\local\temp\ps3ppuld164882\lib.ent.o
c:\users\rstei\appdata\local\temp\ps3ppuld121482\lib.ent.o
c:\users\rstei\appdata\local\temp\ps3ppuld193602\lib.ent.o
c:\users\rstei\appdata\local\temp\ps3ppuld148082\lib.ent.o
c:\users\rstei\appdata\local\temp\ps3ppuld9362\lib.ent.o
c:\users\rstei\appdata\local\temp\ps3ppuld251362\lib.ent.o
c:\users\rstei\appdata\local\temp\ps3ppuld159322\lib.ent.o
c:\users\rstei\appdata\local\temp\ps3ppuld211202\lib.ent.o
c:\users\rstei\appdata\local\temp\ps3ppuld151482\lib.ent.o
c:\users\rstei\appdata\local\temp\ps3ppuld22162\lib.ent.o
c:\users\rstei\appdata\local\temp\ps3ppuld176522\lib.ent.o
c:\users\rstei\appdata\local\temp\ps3ppuld148962\lib.ent.o
c:\users\rstei\appdata\local\temp\ps3ppuld66082\lib.ent.o
c:\users\rstei\appdata\local\temp\ps3ppuld315682\lib.ent.o
c:\users\rstei\appdata\local\temp\ps3ppuld142682\lib.ent.o
c:\users\rstei\appdata\local\temp\ps3ppuld184882\lib.ent.o
c:\users\rstei\appdata\local\temp\ps3ppuld172122\lib.ent.o
c:\users\rstei\appdata\local\temp\ps3ppuld123682\lib.ent.o
c:\users\rstei\appdata\local\temp\ps3ppuld130442\lib.ent.o
c:\users\rstei\appdata\local\temp\ps3ppuld307722\lib.ent.o
c:\users\rstei\appdata\local\temp\ps3ppuld232962\lib.ent.o
c:\users\rstei\appdata\local\temp\ps3ppuld19202\lib.ent.o
c:\users\rstei\appdata\local\temp\ps3ppuld221162\lib.ent.o
c:\users\rstei\appdata\local\temp\ps3ppuld306802\lib.ent.o
c:\users\rstei\appdata\local\temp\ps3ppuld161042\lib.ent.o
c:\users\rstei\appdata\local\temp\ps3ppuld108482\lib.ent.o
c:\users\rstei\appdata\local\temp\ps3ppuld287202\lib.ent.o
c:\users\rstei\appdata\local\temp\ps3ppuld318762\lib.ent.o
c:\users\rstei\appdata\local\temp\ps3ppuld13442\lib.ent.o
c:\users\rstei\appdata\local\temp\ps3ppuld265002\lib.ent.o
c:\users\rstei\appdata\local\temp\ps3ppuld134402\lib.ent.o
c:\users\rstei\appdata\local\temp\ps3ppuld247642\lib.ent.o
c:\users\rstei\appdata\local\temp\ps3ppuld255922\lib.ent.o
c:\users\rstei\appdata\local\temp\ps3ppuld67682\lib.ent.o
c:\users\rstei\appdata\local\temp\ps3ppuld45722\lib.ent.o
c:\users\rstei\appdata\local\temp\ps3ppuld91002\lib.ent.o
c:\users\rstei\appdata\local\temp\ps3ppuld144082\lib.ent.o
c:\users\rstei\appdata\local\temp\ps3ppuld227922\lib.ent.o
c:\users\rstei\appdata\local\temp\ps3ppuld258962\lib.ent.o
c:\users\rstei\appdata\local\temp\ps3ppuld209042\lib.ent.o
c:\users\rstei\appdata\local\temp\ps3ppuld112522\lib.ent.o
c:\users\rstei\appdata\local\temp\ps3ppuld85962\lib.ent.o
c:\users\rstei\appdata\local\temp\ps3ppuld86642\lib.ent.o
c:\users\rstei\appdata\local\temp\ps3ppuld275122\lib.ent.o
c:\users\rstei\appdata\local\temp\ps3ppuld124842\lib.ent.o
c:\users\rstei\appdata\local\temp\ps3ppuld80002\lib.ent.o
c:\users\rstei\appdata\local\temp\ps3ppuld114562\lib.ent.o
c:\users\rstei\appdata\local\temp\ps3ppuld141602\lib.ent.o
c:\users\rstei\appdata\local\temp\ps3ppuld176082\lib.ent.o
c:\users\rstei\appdata\local\temp\ps3ppuld294122\lib.ent.o
c:\users\rstei\appdata\local\temp\ps3ppuld124682\lib.ent.o
c:\users\rstei\appdata\local\temp\ps3ppuld159162\lib.ent.o
c:\users\rstei\appdata\local\temp\ps3ppuld178362\lib.ent.o
c:\users\rstei\appdata\local\temp\ps3ppuld242762\lib.ent.o
c:\users\rstei\appdata\local\temp\ps3ppuld216242\lib.ent.o
c:\users\rstei\appdata\local\temp\ps3ppuld183122\lib.ent.o
c:\users\rstei\appdata\local\temp\ps3ppuld131322\lib.ent.o
c:\users\rstei\appdata\local\temp\ps3ppuld305442\lib.ent.o
c:\users\rstei\appdata\local\temp\ps3ppuld227762\lib.ent.o
c:\users\rstei\appdata\local\temp\ps3ppuld115122\lib.ent.o
c:\users\rstei\appdata\local\temp\ps3ppuld245442\lib.ent.o
c:\users\rstei\appdata\local\temp\ps3ppuld170082\lib.ent.o
c:\users\rstei\appdata\local\temp\ps3ppuld165922\lib.ent.o
c:\users\rstei\appdata\local\temp\ps3ppuld87202\lib.ent.o
c:\users\rstei\appdata\local\temp\ps3ppuld304842\lib.ent.o
c:\users\rstei\appdata\local\temp\ps3ppuld79722\lib.ent.o
c:\users\rstei\appdata\local\temp\ps3ppuld32922\lib.ent.o
c:\users\rstei\appdata\local\temp\ps3ppuld248842\lib.ent.o
c:\users\rstei\appdata\local\temp\ps3ppuld167082\lib.ent.o
c:\users\rstei\appdata\local\temp\ps3ppuld258642\lib.ent.o
c:\users\rstei\appdata\local\temp\ps3ppuld317762\lib.ent.o
c:\users\rstei\appdata\local\temp\ps3ppuld238322\mc
c:\users\rstei\appdata\local\temp\ps3ppuld56682\mc
c:\users\rstei\appdata\local\temp\ps3ppuld205802\mc
c:\users\rstei\appdata\local\temp\ps3ppuld155882\mc
c:\users\rstei\appdata\local\temp\ps3ppuld88322\mc
c:\users\rstei\appdata\local\temp\ps3ppuld159602\mc
c:\users\rstei\appdata\local\temp\ps3ppuld239642\mc
c:\users\rstei\appdata\local\temp\ps3ppuld22002\mc
c:\users\rstei\appdata\local\temp\ps3ppuld166162\mc
c:\users\rstei\appdata\local\temp\ps3ppuld190042\mc
c:\users\rstei\appdata\local\temp\ps3ppuld123402\mc
c:\users\rstei\appdata\local\temp\ps3ppuld164882\mc
c:\users\rstei\appdata\local\temp\ps3ppuld121482\mc
c:\users\rstei\appdata\local\temp\ps3ppuld193602\mc
c:\users\rstei\appdata\local\temp\ps3ppuld148082\mc
c:\users\rstei\appdata\local\temp\ps3ppuld9362\mc
c:\users\rstei\appdata\local\temp\ps3ppuld251362\mc
c:\users\rstei\appdata\local\temp\ps3ppuld159322\mc
c:\users\rstei\appdata\local\temp\ps3ppuld211202\mc
c:\users\rstei\appdata\local\temp\ps3ppuld151482\mc
c:\users\rstei\appdata\local\temp\ps3ppuld22162\mc
c:\users\rstei\appdata\local\temp\ps3ppuld176522\mc
c:\users\rstei\appdata\local\temp\ps3ppuld148962\mc
c:\users\rstei\appdata\local\temp\ps3ppuld66082\mc
c:\users\rstei\appdata\local\temp\ps3ppuld315682\mc
c:\users\rstei\appdata\local\temp\ps3ppuld142682\mc
c:\users\rstei\appdata\local\temp\ps3ppuld123682\mc
c:\users\rstei\appdata\local\temp\ps3ppuld307722\mc
c:\users\rstei\appdata\local\temp\ps3ppuld232962\mc
c:\users\rstei\appdata\local\temp\ps3ppuld19202\mc
c:\users\rstei\appdata\local\temp\ps3ppuld221162\mc
c:\users\rstei\appdata\local\temp\ps3ppuld306802\mc
c:\users\rstei\appdata\local\temp\ps3ppuld161042\mc
c:\users\rstei\appdata\local\temp\ps3ppuld108482\mc
c:\users\rstei\appdata\local\temp\ps3ppuld287202\mc
c:\users\rstei\appdata\local\temp\ps3ppuld318762\mc
c:\users\rstei\appdata\local\temp\ps3ppuld13442\mc
c:\users\rstei\appdata\local\temp\ps3ppuld247642\mc
c:\users\rstei\appdata\local\temp\ps3ppuld255922\mc
c:\users\rstei\appdata\local\temp\ps3ppuld67682\mc
c:\users\rstei\appdata\local\temp\ps3ppuld45722\mc
c:\users\rstei\appdata\local\temp\ps3ppuld91002\mc
c:\users\rstei\appdata\local\temp\ps3ppuld144082\mc
c:\users\rstei\appdata\local\temp\ps3ppuld227922\mc
c:\users\rstei\appdata\local\temp\ps3ppuld258962\mc
c:\users\rstei\appdata\local\temp\ps3ppuld209042\mc
c:\users\rstei\appdata\local\temp\ps3ppuld112522\mc
c:\users\rstei\appdata\local\temp\ps3ppuld85962\mc
c:\users\rstei\appdata\local\temp\ps3ppuld86642\mc
c:\users\rstei\appdata\local\temp\ps3ppuld275122\mc
c:\users\rstei\appdata\local\temp\ps3ppuld124842\mc
c:\users\rstei\appdata\local\temp\ps3ppuld80002\mc
c:\users\rstei\appdata\local\temp\ps3ppuld114562\mc
c:\users\rstei\appdata\local\temp\ps3ppuld141602\mc
c:\users\rstei\appdata\local\temp\ps3ppuld176082\mc
c:\users\rstei\appdata\local\temp\ps3ppuld294122\mc
c:\users\rstei\appdata\local\temp\ps3ppuld124682\mc
c:\users\rstei\appdata\local\temp\ps3ppuld242762\mc
c:\users\rstei\appdata\local\temp\ps3ppuld216242\mc
c:\users\rstei\appdata\local\temp\ps3ppuld183122\mc
c:\users\rstei\appdata\local\temp\ps3ppuld131322\mc
c:\users\rstei\appdata\local\temp\ps3ppuld305442\mc
c:\users\rstei\appdata\local\temp\ps3ppuld227762\mc
c:\users\rstei\appdata\local\temp\ps3ppuld115122\mc
c:\users\rstei\appdata\local\temp\ps3ppuld245442\mc
c:\users\rstei\appdata\local\temp\ps3ppuld170082\mc
c:\users\rstei\appdata\local\temp\ps3ppuld165922\mc
c:\users\rstei\appdata\local\temp\ps3ppuld87202\mc
c:\users\rstei\appdata\local\temp\ps3ppuld304842\mc
c:\users\rstei\appdata\local\temp\ps3ppuld79722\mc
c:\users\rstei\appdata\local\temp\ps3ppuld32922\mc
c:\users\rstei\appdata\local\temp\ps3ppuld248842\mc
c:\users\rstei\appdata\local\temp\ps3ppuld167082\mc
c:\users\rstei\appdata\local\temp\ps3ppuld258642\mc
c:\users\rstei\appdata\local\temp\ps3ppuld317762\mc
c:\users\rstei\appdata\local\temp\ps3ppuld238322\lib.ent.s
c:\users\rstei\appdata\local\temp\ps3ppuld56682\lib.ent.s
c:\users\rstei\appdata\local\temp\ps3ppuld205802\lib.ent.s
c:\users\rstei\appdata\local\temp\ps3ppuld155882\lib.ent.s
c:\users\rstei\appdata\local\temp\ps3ppuld88322\lib.ent.s
c:\users\rstei\appdata\local\temp\ps3ppuld159602\lib.ent.s
c:\users\rstei\appdata\local\temp\ps3ppuld239642\lib.ent.s
c:\users\rstei\appdata\local\temp\ps3ppuld22002\lib.ent.s
c:\users\rstei\appdata\local\temp\ps3ppuld85162\lib.ent.s
c:\users\rstei\appdata\local\temp\ps3ppuld166162\lib.ent.s
c:\users\rstei\appdata\local\temp\ps3ppuld190042\lib.ent.s
c:\users\rstei\appdata\local\temp\ps3ppuld123402\lib.ent.s
c:\users\rstei\appdata\local\temp\ps3ppuld164882\lib.ent.s
c:\users\rstei\appdata\local\temp\ps3ppuld121482\lib.ent.s
c:\users\rstei\appdata\local\temp\ps3ppuld193602\lib.ent.s
c:\users\rstei\appdata\local\temp\ps3ppuld148082\lib.ent.s
c:\users\rstei\appdata\local\temp\ps3ppuld9362\lib.ent.s
c:\users\rstei\appdata\local\temp\ps3ppuld251362\lib.ent.s
c:\users\rstei\appdata\local\temp\ps3ppuld159322\lib.ent.s
c:\users\rstei\appdata\local\temp\ps3ppuld211202\lib.ent.s
c:\users\rstei\appdata\local\temp\ps3ppuld151482\lib.ent.s
c:\users\rstei\appdata\local\temp\ps3ppuld22162\lib.ent.s
c:\users\rstei\appdata\local\temp\ps3ppuld176522\lib.ent.s
c:\users\rstei\appdata\local\temp\ps3ppuld148962\lib.ent.s
c:\users\rstei\appdata\local\temp\ps3ppuld66082\lib.ent.s
c:\users\rstei\appdata\local\temp\ps3ppuld315682\lib.ent.s
c:\users\rstei\appdata\local\temp\ps3ppuld142682\lib.ent.s
c:\users\rstei\appdata\local\temp\ps3ppuld184882\lib.ent.s
c:\users\rstei\appdata\local\temp\ps3ppuld172122\lib.ent.s
c:\users\rstei\appdata\local\temp\ps3ppuld123682\lib.ent.s
c:\users\rstei\appdata\local\temp\ps3ppuld130442\lib.ent.s
c:\users\rstei\appdata\local\temp\ps3ppuld307722\lib.ent.s
c:\users\rstei\appdata\local\temp\ps3ppuld232962\lib.ent.s
c:\users\rstei\appdata\local\temp\ps3ppuld19202\lib.ent.s
c:\users\rstei\appdata\local\temp\ps3ppuld221162\lib.ent.s
c:\users\rstei\appdata\local\temp\ps3ppuld306802\lib.ent.s
c:\users\rstei\appdata\local\temp\ps3ppuld161042\lib.ent.s
c:\users\rstei\appdata\local\temp\ps3ppuld108482\lib.ent.s
c:\users\rstei\appdata\local\temp\ps3ppuld287202\lib.ent.s
c:\users\rstei\appdata\local\temp\ps3ppuld318762\lib.ent.s
c:\users\rstei\appdata\local\temp\ps3ppuld13442\lib.ent.s
c:\users\rstei\appdata\local\temp\ps3ppuld265002\lib.ent.s
c:\users\rstei\appdata\local\temp\ps3ppuld134402\lib.ent.s
c:\users\rstei\appdata\local\temp\ps3ppuld247642\lib.ent.s
c:\users\rstei\appdata\local\temp\ps3ppuld255922\lib.ent.s
c:\users\rstei\appdata\local\temp\ps3ppuld67682\lib.ent.s
c:\users\rstei\appdata\local\temp\ps3ppuld45722\lib.ent.s
c:\users\rstei\appdata\local\temp\ps3ppuld91002\lib.ent.s
c:\users\rstei\appdata\local\temp\ps3ppuld144082\lib.ent.s
c:\users\rstei\appdata\local\temp\ps3ppuld227922\lib.ent.s
c:\users\rstei\appdata\local\temp\ps3ppuld258962\lib.ent.s
c:\users\rstei\appdata\local\temp\ps3ppuld209042\lib.ent.s
c:\users\rstei\appdata\local\temp\ps3ppuld112522\lib.ent.s
c:\users\rstei\appdata\local\temp\ps3ppuld85962\lib.ent.s
c:\users\rstei\appdata\local\temp\ps3ppuld86642\lib.ent.s
c:\users\rstei\appdata\local\temp\ps3ppuld275122\lib.ent.s
c:\users\rstei\appdata\local\temp\ps3ppuld124842\lib.ent.s
c:\users\rstei\appdata\local\temp\ps3ppuld80002\lib.ent.s
c:\users\rstei\appdata\local\temp\ps3ppuld114562\lib.ent.s
c:\users\rstei\appdata\local\temp\ps3ppuld141602\lib.ent.s
c:\users\rstei\appdata\local\temp\ps3ppuld176082\lib.ent.s
c:\users\rstei\appdata\local\temp\ps3ppuld294122\lib.ent.s
c:\users\rstei\appdata\local\temp\ps3ppuld124682\lib.ent.s
c:\users\rstei\appdata\local\temp\ps3ppuld159162\lib.ent.s
c:\users\rstei\appdata\local\temp\ps3ppuld178362\lib.ent.s
c:\users\rstei\appdata\local\temp\ps3ppuld242762\lib.ent.s
c:\users\rstei\appdata\local\temp\ps3ppuld216242\lib.ent.s
c:\users\rstei\appdata\local\temp\ps3ppuld183122\lib.ent.s
c:\users\rstei\appdata\local\temp\ps3ppuld131322\lib.ent.s
c:\users\rstei\appdata\local\temp\ps3ppuld305442\lib.ent.s
c:\users\rstei\appdata\local\temp\ps3ppuld227762\lib.ent.s
c:\users\rstei\appdata\local\temp\ps3ppuld115122\lib.ent.s
c:\users\rstei\appdata\local\temp\ps3ppuld245442\lib.ent.s
c:\users\rstei\appdata\local\temp\ps3ppuld170082\lib.ent.s
c:\users\rstei\appdata\local\temp\ps3ppuld165922\lib.ent.s
c:\users\rstei\appdata\local\temp\ps3ppuld87202\lib.ent.s
c:\users\rstei\appdata\local\temp\ps3ppuld304842\lib.ent.s
c:\users\rstei\appdata\local\temp\ps3ppuld79722\lib.ent.s
c:\users\rstei\appdata\local\temp\ps3ppuld32922\lib.ent.s
c:\users\rstei\appdata\local\temp\ps3ppuld248842\lib.ent.s
c:\users\rstei\appdata\local\temp\ps3ppuld167082\lib.ent.s
c:\users\rstei\appdata\local\temp\ps3ppuld258642\lib.ent.s
c:\users\rstei\appdata\local\temp\ps3ppuld317762\lib.ent.s
c:\users\rstei\documents\github\4j-devkit\downcraft sprx source code\mc\ps3_debug\detour.o
c:\users\rstei\documents\github\4j-devkit\downcraft sprx source code\mc\ps3_debug\memory.o
c:\users\rstei\documents\github\4j-devkit\downcraft sprx source code\mc\ps3_debug\pattern.o
c:\users\rstei\documents\github\4j-devkit\downcraft sprx source code\mc\ps3_debug\filesystem.o
c:\users\rstei\documents\github\4j-devkit\downcraft sprx source code\mc\ps3_debug\systemcalls.o
c:\users\rstei\documents\github\4j-devkit\downcraft sprx source code\mc\ps3_debug\prx.o
c:\users\rstei\documents\github\4j-devkit\downcraft sprx source code\mc\ps3_debug\downcraftsprx.write.1.tlog
c:\users\rstei\documents\github\4j-devkit\downcraft sprx source code\mc\ps3_debug\downcraftsprx.tlog\ps3ppuld64-make_fself.read.1.tlog
c:\users\rstei\documents\github\4j-devkit\downcraft sprx source code\mc\ps3_debug\downcraftsprx.tlog\ps3ppuld64-make_fself.write.1.tlog
c:\users\rstei\documents\github\4j-devkit\downcraft sprx source code\mc\ps3_debug\downcraftsprx.tlog\ps3ppuld64-ppu-lv2-as.read.1.tlog
c:\users\rstei\documents\github\4j-devkit\downcraft sprx source code\mc\ps3_debug\downcraftsprx.tlog\ps3ppuld64-ppu-lv2-as.write.1.tlog
c:\users\rstei\documents\github\4j-devkit\downcraft sprx source code\mc\ps3_debug\downcraftsprx.tlog\ps3ppuld64-ppu-lv2-prx-fixup.read.1.tlog
c:\users\rstei\documents\github\4j-devkit\downcraft sprx source code\mc\ps3_debug\downcraftsprx.tlog\ps3ppuld64-ppu-lv2-prx-fixup.write.1.tlog
c:\users\rstei\documents\github\4j-devkit\downcraft sprx source code\mc\ps3_debug\downcraftsprx.tlog\ps3ppuld64-ppu-lv2-prx-libgen.read.1.tlog
c:\users\rstei\documents\github\4j-devkit\downcraft sprx source code\mc\ps3_debug\downcraftsprx.tlog\ps3ppuld64-ppu-lv2-prx-libgen.write.1.tlog
c:\users\rstei\documents\github\4j-devkit\downcraft sprx source code\mc\ps3_debug\downcraftsprx.tlog\ps3ppuld64.command.1.tlog
c:\users\rstei\documents\github\4j-devkit\downcraft sprx source code\mc\ps3_debug\downcraftsprx.tlog\ps3ppuld64.read.1.tlog
c:\users\rstei\documents\github\4j-devkit\downcraft sprx source code\mc\ps3_debug\downcraftsprx.tlog\ps3ppuld64.write.1.tlog
c:\users\rstei\documents\github\4j-devkit\downcraft sprx source code\mc\ps3_debug\downcraftsprx.tlog\ps3ppusnc.command.1.tlog
c:\users\rstei\documents\github\4j-devkit\downcraft sprx source code\mc\ps3_debug\downcraftsprx.tlog\ps3ppusnc.read.1.tlog
c:\users\rstei\documents\github\4j-devkit\downcraft sprx source code\mc\ps3_debug\downcraftsprx.tlog\ps3ppusnc.write.1.tlog
