c:\users\rstei\desktop\pc\games\ps3\downcraft client sprx\ps3_debug\cellprx_mc_stub.a
c:\users\rstei\desktop\pc\games\ps3\downcraft client sprx\ps3_debug\mc.sprx
c:\users\rstei\appdata\local\temp\ps3ppuld84162\lib.ent.o
c:\users\rstei\appdata\local\temp\ps3ppuld194202\lib.ent.o
c:\users\rstei\appdata\local\temp\ps3ppuld80362\lib.ent.o
c:\users\rstei\appdata\local\temp\ps3ppuld193402\lib.ent.o
c:\users\rstei\appdata\local\temp\ps3ppuld186682\lib.ent.o
c:\users\rstei\appdata\local\temp\ps3ppuld149682\lib.ent.o
c:\users\rstei\appdata\local\temp\ps3ppuld190682\lib.ent.o
c:\users\rstei\appdata\local\temp\ps3ppuld79722\lib.ent.o
c:\users\rstei\appdata\local\temp\ps3ppuld89242\lib.ent.o
c:\users\rstei\appdata\local\temp\ps3ppuld131522\lib.ent.o
c:\users\rstei\appdata\local\temp\ps3ppuld192842\lib.ent.o
c:\users\rstei\appdata\local\temp\ps3ppuld194082\lib.ent.o
c:\users\rstei\appdata\local\temp\ps3ppuld71202\lib.ent.o
c:\users\rstei\appdata\local\temp\ps3ppuld118802\lib.ent.o
c:\users\rstei\appdata\local\temp\ps3ppuld148362\lib.ent.o
c:\users\rstei\appdata\local\temp\ps3ppuld10402\lib.ent.o
c:\users\rstei\appdata\local\temp\ps3ppuld24202\lib.ent.o
c:\users\rstei\appdata\local\temp\ps3ppuld83882\lib.ent.o
c:\users\rstei\appdata\local\temp\ps3ppuld74602\lib.ent.o
c:\users\rstei\appdata\local\temp\ps3ppuld193282\lib.ent.o
c:\users\rstei\appdata\local\temp\ps3ppuld70562\lib.ent.o
c:\users\rstei\appdata\local\temp\ps3ppuld59562\lib.ent.o
c:\users\rstei\appdata\local\temp\ps3ppuld102722\lib.ent.o
c:\users\rstei\appdata\local\temp\ps3ppuld168722\lib.ent.o
c:\users\rstei\appdata\local\temp\ps3ppuld134722\lib.ent.o
c:\users\rstei\appdata\local\temp\ps3ppuld157242\lib.ent.o
c:\users\rstei\appdata\local\temp\ps3ppuld102442\lib.ent.o
c:\users\rstei\appdata\local\temp\ps3ppuld133682\lib.ent.o
c:\users\rstei\appdata\local\temp\ps3ppuld188362\lib.ent.o
c:\users\rstei\appdata\local\temp\ps3ppuld121202\lib.ent.o
c:\users\rstei\appdata\local\temp\ps3ppuld24362\lib.ent.o
c:\users\rstei\appdata\local\temp\ps3ppuld28442\lib.ent.o
c:\users\rstei\appdata\local\temp\ps3ppuld174362\lib.ent.o
c:\users\rstei\appdata\local\temp\ps3ppuld81642\lib.ent.o
c:\users\rstei\appdata\local\temp\ps3ppuld157882\lib.ent.o
c:\users\rstei\appdata\local\temp\ps3ppuld154042\lib.ent.o
c:\users\rstei\appdata\local\temp\ps3ppuld111602\lib.ent.o
c:\users\rstei\appdata\local\temp\ps3ppuld84482\lib.ent.o
c:\users\rstei\appdata\local\temp\ps3ppuld95642\lib.ent.o
c:\users\rstei\appdata\local\temp\ps3ppuld28682\lib.ent.o
c:\users\rstei\appdata\local\temp\ps3ppuld128722\lib.ent.o
c:\users\rstei\appdata\local\temp\ps3ppuld130482\lib.ent.o
c:\users\rstei\appdata\local\temp\ps3ppuld15362\lib.ent.o
c:\users\rstei\appdata\local\temp\ps3ppuld122762\lib.ent.o
c:\users\rstei\appdata\local\temp\ps3ppuld130802\lib.ent.o
c:\users\rstei\appdata\local\temp\ps3ppuld106642\lib.ent.o
c:\users\rstei\appdata\local\temp\ps3ppuld36082\lib.ent.o
c:\users\rstei\appdata\local\temp\ps3ppuld184202\lib.ent.o
c:\users\rstei\appdata\local\temp\ps3ppuld161482\lib.ent.o
c:\users\rstei\appdata\local\temp\ps3ppuld188682\lib.ent.o
c:\users\rstei\appdata\local\temp\ps3ppuld108002\lib.ent.o
c:\users\rstei\appdata\local\temp\ps3ppuld193042\lib.ent.o
c:\users\rstei\appdata\local\temp\ps3ppuld150402\lib.ent.o
c:\users\rstei\appdata\local\temp\ps3ppuld84162\mc
c:\users\rstei\appdata\local\temp\ps3ppuld194202\mc
c:\users\rstei\appdata\local\temp\ps3ppuld80362\mc
c:\users\rstei\appdata\local\temp\ps3ppuld193402\mc
c:\users\rstei\appdata\local\temp\ps3ppuld186682\mc
c:\users\rstei\appdata\local\temp\ps3ppuld149682\mc
c:\users\rstei\appdata\local\temp\ps3ppuld190682\mc
c:\users\rstei\appdata\local\temp\ps3ppuld79722\mc
c:\users\rstei\appdata\local\temp\ps3ppuld89242\mc
c:\users\rstei\appdata\local\temp\ps3ppuld131522\mc
c:\users\rstei\appdata\local\temp\ps3ppuld192842\mc
c:\users\rstei\appdata\local\temp\ps3ppuld194082\mc
c:\users\rstei\appdata\local\temp\ps3ppuld71202\mc
c:\users\rstei\appdata\local\temp\ps3ppuld118802\mc
c:\users\rstei\appdata\local\temp\ps3ppuld148362\mc
c:\users\rstei\appdata\local\temp\ps3ppuld10402\mc
c:\users\rstei\appdata\local\temp\ps3ppuld24202\mc
c:\users\rstei\appdata\local\temp\ps3ppuld83882\mc
c:\users\rstei\appdata\local\temp\ps3ppuld74602\mc
c:\users\rstei\appdata\local\temp\ps3ppuld193282\mc
c:\users\rstei\appdata\local\temp\ps3ppuld70562\mc
c:\users\rstei\appdata\local\temp\ps3ppuld59562\mc
c:\users\rstei\appdata\local\temp\ps3ppuld102722\mc
c:\users\rstei\appdata\local\temp\ps3ppuld168722\mc
c:\users\rstei\appdata\local\temp\ps3ppuld134722\mc
c:\users\rstei\appdata\local\temp\ps3ppuld157242\mc
c:\users\rstei\appdata\local\temp\ps3ppuld102442\mc
c:\users\rstei\appdata\local\temp\ps3ppuld133682\mc
c:\users\rstei\appdata\local\temp\ps3ppuld188362\mc
c:\users\rstei\appdata\local\temp\ps3ppuld121202\mc
c:\users\rstei\appdata\local\temp\ps3ppuld24362\mc
c:\users\rstei\appdata\local\temp\ps3ppuld28442\mc
c:\users\rstei\appdata\local\temp\ps3ppuld174362\mc
c:\users\rstei\appdata\local\temp\ps3ppuld81642\mc
c:\users\rstei\appdata\local\temp\ps3ppuld157882\mc
c:\users\rstei\appdata\local\temp\ps3ppuld154042\mc
c:\users\rstei\appdata\local\temp\ps3ppuld111602\mc
c:\users\rstei\appdata\local\temp\ps3ppuld84482\mc
c:\users\rstei\appdata\local\temp\ps3ppuld95642\mc
c:\users\rstei\appdata\local\temp\ps3ppuld28682\mc
c:\users\rstei\appdata\local\temp\ps3ppuld128722\mc
c:\users\rstei\appdata\local\temp\ps3ppuld130482\mc
c:\users\rstei\appdata\local\temp\ps3ppuld15362\mc
c:\users\rstei\appdata\local\temp\ps3ppuld122762\mc
c:\users\rstei\appdata\local\temp\ps3ppuld130802\mc
c:\users\rstei\appdata\local\temp\ps3ppuld106642\mc
c:\users\rstei\appdata\local\temp\ps3ppuld36082\mc
c:\users\rstei\appdata\local\temp\ps3ppuld184202\mc
c:\users\rstei\appdata\local\temp\ps3ppuld161482\mc
c:\users\rstei\appdata\local\temp\ps3ppuld188682\mc
c:\users\rstei\appdata\local\temp\ps3ppuld108002\mc
c:\users\rstei\appdata\local\temp\ps3ppuld193042\mc
c:\users\rstei\appdata\local\temp\ps3ppuld150402\mc
c:\users\rstei\appdata\local\temp\ps3ppuld84162\lib.ent.s
c:\users\rstei\appdata\local\temp\ps3ppuld194202\lib.ent.s
c:\users\rstei\appdata\local\temp\ps3ppuld80362\lib.ent.s
c:\users\rstei\appdata\local\temp\ps3ppuld193402\lib.ent.s
c:\users\rstei\appdata\local\temp\ps3ppuld186682\lib.ent.s
c:\users\rstei\appdata\local\temp\ps3ppuld149682\lib.ent.s
c:\users\rstei\appdata\local\temp\ps3ppuld190682\lib.ent.s
c:\users\rstei\appdata\local\temp\ps3ppuld79722\lib.ent.s
c:\users\rstei\appdata\local\temp\ps3ppuld89242\lib.ent.s
c:\users\rstei\appdata\local\temp\ps3ppuld131522\lib.ent.s
c:\users\rstei\appdata\local\temp\ps3ppuld192842\lib.ent.s
c:\users\rstei\appdata\local\temp\ps3ppuld194082\lib.ent.s
c:\users\rstei\appdata\local\temp\ps3ppuld71202\lib.ent.s
c:\users\rstei\appdata\local\temp\ps3ppuld118802\lib.ent.s
c:\users\rstei\appdata\local\temp\ps3ppuld148362\lib.ent.s
c:\users\rstei\appdata\local\temp\ps3ppuld10402\lib.ent.s
c:\users\rstei\appdata\local\temp\ps3ppuld24202\lib.ent.s
c:\users\rstei\appdata\local\temp\ps3ppuld83882\lib.ent.s
c:\users\rstei\appdata\local\temp\ps3ppuld74602\lib.ent.s
c:\users\rstei\appdata\local\temp\ps3ppuld193282\lib.ent.s
c:\users\rstei\appdata\local\temp\ps3ppuld70562\lib.ent.s
c:\users\rstei\appdata\local\temp\ps3ppuld59562\lib.ent.s
c:\users\rstei\appdata\local\temp\ps3ppuld102722\lib.ent.s
c:\users\rstei\appdata\local\temp\ps3ppuld168722\lib.ent.s
c:\users\rstei\appdata\local\temp\ps3ppuld134722\lib.ent.s
c:\users\rstei\appdata\local\temp\ps3ppuld157242\lib.ent.s
c:\users\rstei\appdata\local\temp\ps3ppuld102442\lib.ent.s
c:\users\rstei\appdata\local\temp\ps3ppuld133682\lib.ent.s
c:\users\rstei\appdata\local\temp\ps3ppuld188362\lib.ent.s
c:\users\rstei\appdata\local\temp\ps3ppuld121202\lib.ent.s
c:\users\rstei\appdata\local\temp\ps3ppuld24362\lib.ent.s
c:\users\rstei\appdata\local\temp\ps3ppuld28442\lib.ent.s
c:\users\rstei\appdata\local\temp\ps3ppuld174362\lib.ent.s
c:\users\rstei\appdata\local\temp\ps3ppuld81642\lib.ent.s
c:\users\rstei\appdata\local\temp\ps3ppuld157882\lib.ent.s
c:\users\rstei\appdata\local\temp\ps3ppuld154042\lib.ent.s
c:\users\rstei\appdata\local\temp\ps3ppuld111602\lib.ent.s
c:\users\rstei\appdata\local\temp\ps3ppuld84482\lib.ent.s
c:\users\rstei\appdata\local\temp\ps3ppuld95642\lib.ent.s
c:\users\rstei\appdata\local\temp\ps3ppuld28682\lib.ent.s
c:\users\rstei\appdata\local\temp\ps3ppuld128722\lib.ent.s
c:\users\rstei\appdata\local\temp\ps3ppuld130482\lib.ent.s
c:\users\rstei\appdata\local\temp\ps3ppuld15362\lib.ent.s
c:\users\rstei\appdata\local\temp\ps3ppuld122762\lib.ent.s
c:\users\rstei\appdata\local\temp\ps3ppuld130802\lib.ent.s
c:\users\rstei\appdata\local\temp\ps3ppuld106642\lib.ent.s
c:\users\rstei\appdata\local\temp\ps3ppuld36082\lib.ent.s
c:\users\rstei\appdata\local\temp\ps3ppuld184202\lib.ent.s
c:\users\rstei\appdata\local\temp\ps3ppuld161482\lib.ent.s
c:\users\rstei\appdata\local\temp\ps3ppuld188682\lib.ent.s
c:\users\rstei\appdata\local\temp\ps3ppuld108002\lib.ent.s
c:\users\rstei\appdata\local\temp\ps3ppuld193042\lib.ent.s
c:\users\rstei\appdata\local\temp\ps3ppuld150402\lib.ent.s
c:\users\rstei\desktop\pc\games\ps3\downcraft client sprx\mc\ps3_debug\prx.o
c:\users\rstei\desktop\pc\games\ps3\downcraft client sprx\mc\ps3_debug\mc.write.1.tlog
c:\users\rstei\desktop\pc\games\ps3\downcraft client sprx\mc\ps3_debug\mc.tlog\ps3ppuld64-make_fself.read.1.tlog
c:\users\rstei\desktop\pc\games\ps3\downcraft client sprx\mc\ps3_debug\mc.tlog\ps3ppuld64-make_fself.write.1.tlog
c:\users\rstei\desktop\pc\games\ps3\downcraft client sprx\mc\ps3_debug\mc.tlog\ps3ppuld64-ppu-lv2-as.read.1.tlog
c:\users\rstei\desktop\pc\games\ps3\downcraft client sprx\mc\ps3_debug\mc.tlog\ps3ppuld64-ppu-lv2-as.write.1.tlog
c:\users\rstei\desktop\pc\games\ps3\downcraft client sprx\mc\ps3_debug\mc.tlog\ps3ppuld64-ppu-lv2-prx-fixup.read.1.tlog
c:\users\rstei\desktop\pc\games\ps3\downcraft client sprx\mc\ps3_debug\mc.tlog\ps3ppuld64-ppu-lv2-prx-fixup.write.1.tlog
c:\users\rstei\desktop\pc\games\ps3\downcraft client sprx\mc\ps3_debug\mc.tlog\ps3ppuld64-ppu-lv2-prx-libgen.read.1.tlog
c:\users\rstei\desktop\pc\games\ps3\downcraft client sprx\mc\ps3_debug\mc.tlog\ps3ppuld64-ppu-lv2-prx-libgen.write.1.tlog
c:\users\rstei\desktop\pc\games\ps3\downcraft client sprx\mc\ps3_debug\mc.tlog\ps3ppuld64.command.1.tlog
c:\users\rstei\desktop\pc\games\ps3\downcraft client sprx\mc\ps3_debug\mc.tlog\ps3ppuld64.read.1.tlog
c:\users\rstei\desktop\pc\games\ps3\downcraft client sprx\mc\ps3_debug\mc.tlog\ps3ppuld64.write.1.tlog
c:\users\rstei\desktop\pc\games\ps3\downcraft client sprx\mc\ps3_debug\mc.tlog\ps3ppusnc.command.1.tlog
c:\users\rstei\desktop\pc\games\ps3\downcraft client sprx\mc\ps3_debug\mc.tlog\ps3ppusnc.read.1.tlog
c:\users\rstei\desktop\pc\games\ps3\downcraft client sprx\mc\ps3_debug\mc.tlog\ps3ppusnc.write.1.tlog
